2022-08-24 13:16:22,807 INFO [long-pulling] client count 0

2022-08-24 13:16:32,771 INFO groupCount = 0, subscriberClientCount = 0, subscriberCount = 0

2022-08-24 13:16:32,772 INFO toNotifyTaskSize = 0

2022-08-24 13:16:32,772 INFO toClientNotifyTaskSize = 0

2022-08-24 13:16:32,807 INFO [long-pulling] client count 2

2022-08-24 13:16:42,772 INFO groupCount = 0, subscriberClientCount = 0, subscriberCount = 0

2022-08-24 13:16:42,772 INFO toNotifyTaskSize = 0

2022-08-24 13:16:42,772 INFO toClientNotifyTaskSize = 0

2022-08-24 13:16:42,807 INFO [long-pulling] client count 2

2022-08-24 13:16:52,772 INFO groupCount = 0, subscriberClientCount = 0, subscriberCount = 0

2022-08-24 13:16:52,773 INFO toNotifyTaskSize = 0

2022-08-24 13:16:52,773 INFO toClientNotifyTaskSize = 0

2022-08-24 13:16:52,807 INFO [long-pulling] client count 2

2022-08-24 13:17:02,773 INFO groupCount = 0, subscriberClientCount = 0, subscriberCount = 0

2022-08-24 13:17:02,773 INFO toNotifyTaskSize = 0

2022-08-24 13:17:02,773 INFO toClientNotifyTaskSize = 0

2022-08-24 13:17:02,808 INFO [long-pulling] client count 2

2022-08-24 13:17:12,773 INFO groupCount = 0, subscriberClientCount = 0, subscriberCount = 0

2022-08-24 13:17:12,773 INFO toNotifyTaskSize = 0

2022-08-24 13:17:12,773 INFO toClientNotifyTaskSize = 0

2022-08-24 13:17:12,808 INFO [long-pulling] client count 2

2022-08-24 13:17:22,773 INFO groupCount = 0, subscriberClientCount = 0, subscriberCount = 0

2022-08-24 13:17:22,774 INFO toNotifyTaskSize = 0

2022-08-24 13:17:22,774 INFO toClientNotifyTaskSize = 0

2022-08-24 13:17:22,808 INFO [long-pulling] client count 2

2022-08-24 13:17:32,774 INFO groupCount = 0, subscriberClientCount = 0, subscriberCount = 0

2022-08-24 13:17:32,774 INFO toNotifyTaskSize = 0

2022-08-24 13:17:32,774 INFO toClientNotifyTaskSize = 0

2022-08-24 13:17:32,808 INFO [long-pulling] client count 2

2022-08-24 13:17:42,774 INFO toNotifyTaskSize = 0

2022-08-24 13:17:42,774 INFO groupCount = 0, subscriberClientCount = 0, subscriberCount = 0

2022-08-24 13:17:42,774 INFO toClientNotifyTaskSize = 0

2022-08-24 13:17:42,809 INFO [long-pulling] client count 2

2022-08-24 13:17:52,774 INFO toNotifyTaskSize = 0

2022-08-24 13:17:52,774 INFO groupCount = 0, subscriberClientCount = 0, subscriberCount = 0

2022-08-24 13:17:52,774 INFO toClientNotifyTaskSize = 0

2022-08-24 13:17:52,809 INFO [long-pulling] client count 2

2022-08-24 13:18:02,775 INFO groupCount = 0, subscriberClientCount = 0, subscriberCount = 0

2022-08-24 13:18:02,775 INFO toNotifyTaskSize = 0

2022-08-24 13:18:02,775 INFO toClientNotifyTaskSize = 0

2022-08-24 13:18:02,809 INFO [long-pulling] client count 2

2022-08-24 13:18:12,775 INFO groupCount = 0, subscriberClientCount = 0, subscriberCount = 0

2022-08-24 13:18:12,775 INFO toNotifyTaskSize = 0

2022-08-24 13:18:12,775 INFO toClientNotifyTaskSize = 0

2022-08-24 13:18:12,809 INFO [long-pulling] client count 2

2022-08-24 13:18:22,775 INFO groupCount = 0, subscriberClientCount = 0, subscriberCount = 0

2022-08-24 13:18:22,775 INFO toNotifyTaskSize = 0

2022-08-24 13:18:22,775 INFO toClientNotifyTaskSize = 0

2022-08-24 13:18:22,809 INFO [long-pulling] client count 2

2022-08-24 13:18:32,776 INFO groupCount = 0, subscriberClientCount = 0, subscriberCount = 0

2022-08-24 13:18:32,776 INFO toNotifyTaskSize = 0

2022-08-24 13:18:32,776 INFO toClientNotifyTaskSize = 0

2022-08-24 13:18:32,810 INFO [long-pulling] client count 2

2022-08-24 13:18:42,776 INFO groupCount = 0, subscriberClientCount = 0, subscriberCount = 0

2022-08-24 13:18:42,776 INFO toNotifyTaskSize = 0

2022-08-24 13:18:42,776 INFO toClientNotifyTaskSize = 0

2022-08-24 13:18:42,810 INFO [long-pulling] client count 2

2022-08-24 13:19:16,852 INFO [long-pulling] client count 0

2022-08-24 13:19:26,808 INFO groupCount = 0, subscriberClientCount = 0, subscriberCount = 0

2022-08-24 13:19:26,811 INFO toNotifyTaskSize = 0

2022-08-24 13:19:26,811 INFO toClientNotifyTaskSize = 0

2022-08-24 13:19:26,852 INFO [long-pulling] client count 2

2022-08-24 13:19:36,809 INFO groupCount = 0, subscriberClientCount = 0, subscriberCount = 0

2022-08-24 13:19:36,811 INFO toNotifyTaskSize = 0

2022-08-24 13:19:36,812 INFO toClientNotifyTaskSize = 0

2022-08-24 13:19:36,852 INFO [long-pulling] client count 2

2022-08-24 13:19:46,809 INFO groupCount = 0, subscriberClientCount = 0, subscriberCount = 0

2022-08-24 13:19:46,812 INFO toNotifyTaskSize = 0

2022-08-24 13:19:46,812 INFO toClientNotifyTaskSize = 0

2022-08-24 13:19:46,853 INFO [long-pulling] client count 2

2022-08-24 13:19:56,810 INFO groupCount = 0, subscriberClientCount = 0, subscriberCount = 0

2022-08-24 13:19:56,812 INFO toNotifyTaskSize = 0

2022-08-24 13:19:56,812 INFO toClientNotifyTaskSize = 0

2022-08-24 13:19:56,853 INFO [long-pulling] client count 2

2022-08-24 13:20:06,810 INFO groupCount = 0, subscriberClientCount = 0, subscriberCount = 0

2022-08-24 13:20:06,812 INFO toNotifyTaskSize = 0

2022-08-24 13:20:06,812 INFO toClientNotifyTaskSize = 0

2022-08-24 13:20:06,853 INFO [long-pulling] client count 2

2022-08-24 13:20:16,810 INFO groupCount = 0, subscriberClientCount = 0, subscriberCount = 0

2022-08-24 13:20:16,812 INFO toNotifyTaskSize = 0

2022-08-24 13:20:16,812 INFO toClientNotifyTaskSize = 0

2022-08-24 13:20:16,853 INFO [long-pulling] client count 2

2022-08-24 13:20:26,810 INFO groupCount = 0, subscriberClientCount = 0, subscriberCount = 0

2022-08-24 13:20:26,813 INFO toNotifyTaskSize = 0

2022-08-24 13:20:26,813 INFO toClientNotifyTaskSize = 0

2022-08-24 13:20:26,854 INFO [long-pulling] client count 2

2022-08-24 13:20:36,811 INFO groupCount = 0, subscriberClientCount = 0, subscriberCount = 0

2022-08-24 13:20:36,813 INFO toNotifyTaskSize = 0

2022-08-24 13:20:36,813 INFO toClientNotifyTaskSize = 0

2022-08-24 13:20:36,854 INFO [long-pulling] client count 2

2022-08-24 13:20:46,811 INFO groupCount = 0, subscriberClientCount = 0, subscriberCount = 0

2022-08-24 13:20:46,813 INFO toNotifyTaskSize = 0

2022-08-24 13:20:46,813 INFO toClientNotifyTaskSize = 0

2022-08-24 13:20:46,854 INFO [long-pulling] client count 2

2022-08-24 13:20:56,811 INFO groupCount = 0, subscriberClientCount = 0, subscriberCount = 0

2022-08-24 13:20:56,813 INFO toNotifyTaskSize = 0

2022-08-24 13:20:56,813 INFO toClientNotifyTaskSize = 0

2022-08-24 13:20:56,854 INFO [long-pulling] client count 2

2022-08-24 13:21:06,812 INFO groupCount = 0, subscriberClientCount = 0, subscriberCount = 0

2022-08-24 13:21:06,814 INFO toNotifyTaskSize = 0

2022-08-24 13:21:06,814 INFO toClientNotifyTaskSize = 0

2022-08-24 13:21:06,855 INFO [long-pulling] client count 2

2022-08-24 13:21:16,812 INFO groupCount = 0, subscriberClientCount = 0, subscriberCount = 0

2022-08-24 13:21:16,814 INFO toNotifyTaskSize = 0

2022-08-24 13:21:16,814 INFO toClientNotifyTaskSize = 0

2022-08-24 13:21:16,855 INFO [long-pulling] client count 2

2022-08-24 13:21:26,812 INFO groupCount = 0, subscriberClientCount = 0, subscriberCount = 0

2022-08-24 13:21:26,814 INFO toNotifyTaskSize = 0

2022-08-24 13:21:26,814 INFO toClientNotifyTaskSize = 0

2022-08-24 13:21:26,855 INFO [long-pulling] client count 2

2022-08-24 13:21:36,812 INFO groupCount = 0, subscriberClientCount = 0, subscriberCount = 0

2022-08-24 13:21:36,814 INFO toNotifyTaskSize = 0

2022-08-24 13:21:36,814 INFO toClientNotifyTaskSize = 0

2022-08-24 13:21:36,855 INFO [long-pulling] client count 2

2022-08-24 13:21:46,813 INFO groupCount = 0, subscriberClientCount = 0, subscriberCount = 0

2022-08-24 13:21:46,814 INFO toNotifyTaskSize = 0

2022-08-24 13:21:46,814 INFO toClientNotifyTaskSize = 0

2022-08-24 13:21:46,855 INFO [long-pulling] client count 2

2022-08-24 13:21:56,813 INFO groupCount = 0, subscriberClientCount = 0, subscriberCount = 0

2022-08-24 13:21:56,815 INFO toNotifyTaskSize = 0

2022-08-24 13:21:56,815 INFO toClientNotifyTaskSize = 0

2022-08-24 13:21:56,856 INFO [long-pulling] client count 2

2022-08-24 13:22:06,813 INFO groupCount = 0, subscriberClientCount = 0, subscriberCount = 0

2022-08-24 13:22:06,815 INFO toNotifyTaskSize = 0

2022-08-24 13:22:06,815 INFO toClientNotifyTaskSize = 0

2022-08-24 13:22:06,856 INFO [long-pulling] client count 2

2022-08-24 13:22:16,813 INFO groupCount = 0, subscriberClientCount = 0, subscriberCount = 0

2022-08-24 13:22:16,815 INFO toNotifyTaskSize = 0

2022-08-24 13:22:16,815 INFO toClientNotifyTaskSize = 0

2022-08-24 13:22:16,856 INFO [long-pulling] client count 2

2022-08-24 13:22:26,814 INFO groupCount = 0, subscriberClientCount = 0, subscriberCount = 0

2022-08-24 13:22:26,815 INFO toNotifyTaskSize = 0

2022-08-24 13:22:26,815 INFO toClientNotifyTaskSize = 0

2022-08-24 13:22:26,856 INFO [long-pulling] client count 2

2022-08-24 13:22:36,814 INFO groupCount = 0, subscriberClientCount = 0, subscriberCount = 0

2022-08-24 13:22:36,815 INFO toNotifyTaskSize = 0

2022-08-24 13:22:36,816 INFO toClientNotifyTaskSize = 0

2022-08-24 13:22:36,856 INFO [long-pulling] client count 2

2022-08-24 13:22:46,814 INFO groupCount = 0, subscriberClientCount = 0, subscriberCount = 0

2022-08-24 13:22:46,816 INFO toNotifyTaskSize = 0

2022-08-24 13:22:46,816 INFO toClientNotifyTaskSize = 0

2022-08-24 13:22:46,857 INFO [long-pulling] client count 2

2022-08-24 13:22:56,814 INFO groupCount = 0, subscriberClientCount = 0, subscriberCount = 0

2022-08-24 13:22:56,816 INFO toNotifyTaskSize = 0

2022-08-24 13:22:56,816 INFO toClientNotifyTaskSize = 0

2022-08-24 13:22:56,857 INFO [long-pulling] client count 2

2022-08-24 13:23:06,815 INFO groupCount = 0, subscriberClientCount = 0, subscriberCount = 0

2022-08-24 13:23:06,816 INFO toNotifyTaskSize = 0

2022-08-24 13:23:06,816 INFO toClientNotifyTaskSize = 0

2022-08-24 13:23:06,857 INFO [long-pulling] client count 2

2022-08-24 13:23:16,815 INFO groupCount = 0, subscriberClientCount = 0, subscriberCount = 0

2022-08-24 13:23:16,816 INFO toNotifyTaskSize = 0

2022-08-24 13:23:16,816 INFO toClientNotifyTaskSize = 0

2022-08-24 13:23:16,857 INFO [long-pulling] client count 2

2022-08-24 13:23:26,815 INFO groupCount = 0, subscriberClientCount = 0, subscriberCount = 0

2022-08-24 13:23:26,816 INFO toNotifyTaskSize = 0

2022-08-24 13:23:26,816 INFO toClientNotifyTaskSize = 0

2022-08-24 13:23:26,857 INFO [long-pulling] client count 2

2022-08-24 13:23:36,816 INFO groupCount = 0, subscriberClientCount = 0, subscriberCount = 0

2022-08-24 13:23:36,817 INFO toNotifyTaskSize = 0

2022-08-24 13:23:36,817 INFO toClientNotifyTaskSize = 0

2022-08-24 13:23:36,857 INFO [long-pulling] client count 2

2022-08-24 13:23:46,816 INFO groupCount = 0, subscriberClientCount = 0, subscriberCount = 0

2022-08-24 13:23:46,817 INFO toNotifyTaskSize = 0

2022-08-24 13:23:46,817 INFO toClientNotifyTaskSize = 0

2022-08-24 13:23:46,858 INFO [long-pulling] client count 2

2022-08-24 13:23:56,816 INFO groupCount = 0, subscriberClientCount = 0, subscriberCount = 0

2022-08-24 13:23:56,817 INFO toNotifyTaskSize = 0

2022-08-24 13:23:56,817 INFO toClientNotifyTaskSize = 0

2022-08-24 13:23:56,858 INFO [long-pulling] client count 2

2022-08-24 13:24:06,816 INFO groupCount = 0, subscriberClientCount = 0, subscriberCount = 0

2022-08-24 13:24:06,817 INFO toNotifyTaskSize = 0

2022-08-24 13:24:06,817 INFO toClientNotifyTaskSize = 0

2022-08-24 13:24:06,858 INFO [long-pulling] client count 2

2022-08-24 13:24:16,817 INFO groupCount = 0, subscriberClientCount = 0, subscriberCount = 0

2022-08-24 13:24:16,817 INFO toNotifyTaskSize = 0

2022-08-24 13:24:16,817 INFO toClientNotifyTaskSize = 0

2022-08-24 13:24:16,858 INFO [long-pulling] client count 2

2022-08-24 13:24:26,817 INFO groupCount = 0, subscriberClientCount = 0, subscriberCount = 0

2022-08-24 13:24:26,817 INFO toNotifyTaskSize = 0

2022-08-24 13:24:26,817 INFO toClientNotifyTaskSize = 0

2022-08-24 13:24:26,858 INFO [long-pulling] client count 2

2022-08-24 13:24:36,817 INFO groupCount = 0, subscriberClientCount = 0, subscriberCount = 0

2022-08-24 13:24:36,818 INFO toNotifyTaskSize = 0

2022-08-24 13:24:36,818 INFO toClientNotifyTaskSize = 0

2022-08-24 13:24:36,859 INFO [long-pulling] client count 2

2022-08-24 13:24:46,817 INFO groupCount = 0, subscriberClientCount = 0, subscriberCount = 0

2022-08-24 13:24:46,818 INFO toNotifyTaskSize = 0

2022-08-24 13:24:46,818 INFO toClientNotifyTaskSize = 0

2022-08-24 13:24:46,859 INFO [long-pulling] client count 2

2022-08-24 13:24:56,818 INFO groupCount = 0, subscriberClientCount = 0, subscriberCount = 0

2022-08-24 13:24:56,818 INFO toNotifyTaskSize = 0

2022-08-24 13:24:56,818 INFO toClientNotifyTaskSize = 0

2022-08-24 13:24:56,859 INFO [long-pulling] client count 2

2022-08-24 13:25:06,818 INFO groupCount = 0, subscriberClientCount = 0, subscriberCount = 0

2022-08-24 13:25:06,818 INFO toNotifyTaskSize = 0

2022-08-24 13:25:06,818 INFO toClientNotifyTaskSize = 0

2022-08-24 13:25:06,859 INFO [long-pulling] client count 2

2022-08-24 13:25:16,818 INFO groupCount = 0, subscriberClientCount = 0, subscriberCount = 0

2022-08-24 13:25:16,818 INFO toNotifyTaskSize = 0

2022-08-24 13:25:16,818 INFO toClientNotifyTaskSize = 0

2022-08-24 13:25:16,859 INFO [long-pulling] client count 2

2022-08-24 13:25:26,818 INFO groupCount = 0, subscriberClientCount = 0, subscriberCount = 0

2022-08-24 13:25:26,818 INFO toNotifyTaskSize = 0

2022-08-24 13:25:26,819 INFO toClientNotifyTaskSize = 0

2022-08-24 13:25:26,859 INFO [long-pulling] client count 2

2022-08-24 13:25:36,819 INFO toNotifyTaskSize = 0

2022-08-24 13:25:36,819 INFO groupCount = 0, subscriberClientCount = 0, subscriberCount = 0

2022-08-24 13:25:36,819 INFO toClientNotifyTaskSize = 0

2022-08-24 13:25:36,860 INFO [long-pulling] client count 2

2022-08-24 13:25:46,819 INFO groupCount = 0, subscriberClientCount = 0, subscriberCount = 0

2022-08-24 13:25:46,819 INFO toNotifyTaskSize = 0

2022-08-24 13:25:46,819 INFO toClientNotifyTaskSize = 0

2022-08-24 13:25:46,860 INFO [long-pulling] client count 2

2022-08-24 13:25:56,819 INFO toNotifyTaskSize = 0

2022-08-24 13:25:56,819 INFO groupCount = 0, subscriberClientCount = 0, subscriberCount = 0

2022-08-24 13:25:56,819 INFO toClientNotifyTaskSize = 0

2022-08-24 13:25:56,860 INFO [long-pulling] client count 2

2022-08-24 13:26:06,820 INFO groupCount = 0, subscriberClientCount = 0, subscriberCount = 0

2022-08-24 13:26:06,820 INFO toNotifyTaskSize = 0

2022-08-24 13:26:06,820 INFO toClientNotifyTaskSize = 0

2022-08-24 13:26:06,860 INFO [long-pulling] client count 2

2022-08-24 13:26:16,820 INFO groupCount = 0, subscriberClientCount = 0, subscriberCount = 0

2022-08-24 13:26:16,820 INFO toNotifyTaskSize = 0

2022-08-24 13:26:16,820 INFO toClientNotifyTaskSize = 0

2022-08-24 13:26:16,860 INFO [long-pulling] client count 2

2022-08-24 13:26:26,820 INFO groupCount = 0, subscriberClientCount = 0, subscriberCount = 0

2022-08-24 13:26:26,820 INFO toNotifyTaskSize = 0

2022-08-24 13:26:26,820 INFO toClientNotifyTaskSize = 0

2022-08-24 13:26:26,860 INFO [long-pulling] client count 2

2022-08-24 13:26:36,820 INFO groupCount = 0, subscriberClientCount = 0, subscriberCount = 0

2022-08-24 13:26:36,820 INFO toNotifyTaskSize = 0

2022-08-24 13:26:36,820 INFO toClientNotifyTaskSize = 0

2022-08-24 13:26:36,861 INFO [long-pulling] client count 2

2022-08-24 13:26:46,821 INFO groupCount = 0, subscriberClientCount = 0, subscriberCount = 0

2022-08-24 13:26:46,821 INFO toNotifyTaskSize = 0

2022-08-24 13:26:46,821 INFO toClientNotifyTaskSize = 0

2022-08-24 13:26:46,861 INFO [long-pulling] client count 2

2022-08-24 13:26:56,821 INFO toNotifyTaskSize = 0

2022-08-24 13:26:56,821 INFO groupCount = 0, subscriberClientCount = 0, subscriberCount = 0

2022-08-24 13:26:56,821 INFO toClientNotifyTaskSize = 0

2022-08-24 13:26:56,861 INFO [long-pulling] client count 2

2022-08-24 13:27:06,821 INFO groupCount = 0, subscriberClientCount = 0, subscriberCount = 0

2022-08-24 13:27:06,821 INFO toNotifyTaskSize = 0

2022-08-24 13:27:06,821 INFO toClientNotifyTaskSize = 0

2022-08-24 13:27:06,861 INFO [long-pulling] client count 2

2022-08-24 13:27:16,821 INFO groupCount = 0, subscriberClientCount = 0, subscriberCount = 0

2022-08-24 13:27:16,821 INFO toNotifyTaskSize = 0

2022-08-24 13:27:16,822 INFO toClientNotifyTaskSize = 0

2022-08-24 13:27:16,861 INFO [long-pulling] client count 2

2022-08-24 13:27:26,822 INFO groupCount = 0, subscriberClientCount = 0, subscriberCount = 0

2022-08-24 13:27:26,822 INFO toNotifyTaskSize = 0

2022-08-24 13:27:26,824 INFO toClientNotifyTaskSize = 0

2022-08-24 13:27:26,862 INFO [long-pulling] client count 2

2022-08-24 13:27:36,824 INFO groupCount = 0, subscriberClientCount = 0, subscriberCount = 0

2022-08-24 13:27:36,824 INFO toNotifyTaskSize = 0

2022-08-24 13:27:36,824 INFO toClientNotifyTaskSize = 0

2022-08-24 13:27:36,862 INFO [long-pulling] client count 2

2022-08-24 13:27:46,824 INFO groupCount = 0, subscriberClientCount = 0, subscriberCount = 0

2022-08-24 13:27:46,824 INFO toNotifyTaskSize = 0

2022-08-24 13:27:46,824 INFO toClientNotifyTaskSize = 0

2022-08-24 13:27:46,862 INFO [long-pulling] client count 2

2022-08-24 13:27:56,824 INFO toNotifyTaskSize = 0

2022-08-24 13:27:56,824 INFO groupCount = 0, subscriberClientCount = 0, subscriberCount = 0

2022-08-24 13:27:56,824 INFO toClientNotifyTaskSize = 0

2022-08-24 13:27:56,862 INFO [long-pulling] client count 2

2022-08-24 13:28:06,825 INFO groupCount = 0, subscriberClientCount = 0, subscriberCount = 0

2022-08-24 13:28:06,825 INFO toNotifyTaskSize = 0

2022-08-24 13:28:06,825 INFO toClientNotifyTaskSize = 0

2022-08-24 13:28:06,862 INFO [long-pulling] client count 2

2022-08-24 13:28:16,825 INFO groupCount = 0, subscriberClientCount = 0, subscriberCount = 0

2022-08-24 13:28:16,825 INFO toNotifyTaskSize = 0

2022-08-24 13:28:16,825 INFO toClientNotifyTaskSize = 0

2022-08-24 13:28:16,862 INFO [long-pulling] client count 2

2022-08-24 13:28:26,825 INFO groupCount = 0, subscriberClientCount = 0, subscriberCount = 0

2022-08-24 13:28:26,825 INFO toNotifyTaskSize = 0

2022-08-24 13:28:26,825 INFO toClientNotifyTaskSize = 0

2022-08-24 13:28:26,863 INFO [long-pulling] client count 2

2022-08-24 13:28:36,825 INFO groupCount = 0, subscriberClientCount = 0, subscriberCount = 0

2022-08-24 13:28:36,826 INFO toNotifyTaskSize = 0

2022-08-24 13:28:36,826 INFO toClientNotifyTaskSize = 0

2022-08-24 13:28:36,863 INFO [long-pulling] client count 2

2022-08-24 13:28:46,826 INFO toNotifyTaskSize = 0

2022-08-24 13:28:46,826 INFO groupCount = 0, subscriberClientCount = 0, subscriberCount = 0

2022-08-24 13:28:46,826 INFO toClientNotifyTaskSize = 0

2022-08-24 13:28:46,863 INFO [long-pulling] client count 2

2022-08-24 13:28:56,826 INFO groupCount = 0, subscriberClientCount = 0, subscriberCount = 0

2022-08-24 13:28:56,826 INFO toNotifyTaskSize = 0

2022-08-24 13:28:56,826 INFO toClientNotifyTaskSize = 0

2022-08-24 13:28:56,863 INFO [long-pulling] client count 2

2022-08-24 13:29:06,826 INFO groupCount = 0, subscriberClientCount = 0, subscriberCount = 0

2022-08-24 13:29:06,826 INFO toNotifyTaskSize = 0

2022-08-24 13:29:06,826 INFO toClientNotifyTaskSize = 0

2022-08-24 13:29:06,863 INFO [long-pulling] client count 2

2022-08-24 13:29:16,827 INFO groupCount = 0, subscriberClientCount = 0, subscriberCount = 0

2022-08-24 13:29:16,827 INFO toNotifyTaskSize = 0

2022-08-24 13:29:16,827 INFO toClientNotifyTaskSize = 0

2022-08-24 13:29:16,864 INFO [long-pulling] client count 2

2022-08-24 13:29:26,827 INFO toNotifyTaskSize = 0

2022-08-24 13:29:26,827 INFO groupCount = 0, subscriberClientCount = 0, subscriberCount = 0

2022-08-24 13:29:26,827 INFO toClientNotifyTaskSize = 0

2022-08-24 13:29:26,864 INFO [long-pulling] client count 2

2022-08-24 13:29:36,827 INFO groupCount = 0, subscriberClientCount = 0, subscriberCount = 0

2022-08-24 13:29:36,827 INFO toNotifyTaskSize = 0

2022-08-24 13:29:36,829 INFO toClientNotifyTaskSize = 0

2022-08-24 13:29:36,864 INFO [long-pulling] client count 2

2022-08-24 13:29:46,828 INFO groupCount = 0, subscriberClientCount = 0, subscriberCount = 0

2022-08-24 13:29:46,829 INFO toNotifyTaskSize = 0

2022-08-24 13:29:46,829 INFO toClientNotifyTaskSize = 0

2022-08-24 13:29:46,864 INFO [long-pulling] client count 2

2022-08-24 13:29:56,828 INFO groupCount = 0, subscriberClientCount = 0, subscriberCount = 0

2022-08-24 13:29:56,830 INFO toNotifyTaskSize = 0

2022-08-24 13:29:56,830 INFO toClientNotifyTaskSize = 0

2022-08-24 13:29:56,864 INFO [long-pulling] client count 2

2022-08-24 13:30:06,828 INFO groupCount = 0, subscriberClientCount = 0, subscriberCount = 0

2022-08-24 13:30:06,830 INFO toNotifyTaskSize = 0

2022-08-24 13:30:06,830 INFO toClientNotifyTaskSize = 0

2022-08-24 13:30:06,865 INFO [long-pulling] client count 2

2022-08-24 13:30:16,829 INFO groupCount = 0, subscriberClientCount = 0, subscriberCount = 0

2022-08-24 13:30:16,830 INFO toNotifyTaskSize = 0

2022-08-24 13:30:16,830 INFO toClientNotifyTaskSize = 0

2022-08-24 13:30:16,865 INFO [long-pulling] client count 2

2022-08-24 13:30:26,829 INFO groupCount = 0, subscriberClientCount = 0, subscriberCount = 0

2022-08-24 13:30:26,830 INFO toNotifyTaskSize = 0

2022-08-24 13:30:26,830 INFO toClientNotifyTaskSize = 0

2022-08-24 13:30:26,865 INFO [long-pulling] client count 2

2022-08-24 13:30:36,829 INFO groupCount = 0, subscriberClientCount = 0, subscriberCount = 0

2022-08-24 13:30:36,830 INFO toNotifyTaskSize = 0

2022-08-24 13:30:36,832 INFO toClientNotifyTaskSize = 0

2022-08-24 13:30:36,865 INFO [long-pulling] client count 2

2022-08-24 13:30:46,829 INFO groupCount = 0, subscriberClientCount = 0, subscriberCount = 0

2022-08-24 13:30:46,832 INFO toNotifyTaskSize = 0

2022-08-24 13:30:46,832 INFO toClientNotifyTaskSize = 0

2022-08-24 13:30:46,865 INFO [long-pulling] client count 2

2022-08-24 13:30:56,829 INFO groupCount = 0, subscriberClientCount = 0, subscriberCount = 0

2022-08-24 13:30:56,832 INFO toNotifyTaskSize = 0

2022-08-24 13:30:56,832 INFO toClientNotifyTaskSize = 0

2022-08-24 13:30:56,865 INFO [long-pulling] client count 2

2022-08-24 13:31:06,830 INFO groupCount = 0, subscriberClientCount = 0, subscriberCount = 0

2022-08-24 13:31:06,832 INFO toNotifyTaskSize = 0

2022-08-24 13:31:06,832 INFO toClientNotifyTaskSize = 0

2022-08-24 13:31:06,866 INFO [long-pulling] client count 2

2022-08-24 13:31:16,830 INFO groupCount = 0, subscriberClientCount = 0, subscriberCount = 0

2022-08-24 13:31:16,832 INFO toNotifyTaskSize = 0

2022-08-24 13:31:16,832 INFO toClientNotifyTaskSize = 0

2022-08-24 13:31:16,866 INFO [long-pulling] client count 2

2022-08-24 13:31:26,830 INFO groupCount = 0, subscriberClientCount = 0, subscriberCount = 0

2022-08-24 13:31:26,832 INFO toNotifyTaskSize = 0

2022-08-24 13:31:26,833 INFO toClientNotifyTaskSize = 0

2022-08-24 13:31:26,866 INFO [long-pulling] client count 2

2022-08-24 13:31:36,830 INFO groupCount = 0, subscriberClientCount = 0, subscriberCount = 0

2022-08-24 13:31:36,833 INFO toNotifyTaskSize = 0

2022-08-24 13:31:36,833 INFO toClientNotifyTaskSize = 0

2022-08-24 13:31:36,866 INFO [long-pulling] client count 2

2022-08-24 13:31:46,831 INFO groupCount = 0, subscriberClientCount = 0, subscriberCount = 0

2022-08-24 13:31:46,833 INFO toNotifyTaskSize = 0

2022-08-24 13:31:46,833 INFO toClientNotifyTaskSize = 0

2022-08-24 13:31:46,866 INFO [long-pulling] client count 2

2022-08-24 13:31:56,831 INFO groupCount = 0, subscriberClientCount = 0, subscriberCount = 0

2022-08-24 13:31:56,833 INFO toNotifyTaskSize = 0

2022-08-24 13:31:56,833 INFO toClientNotifyTaskSize = 0

2022-08-24 13:31:56,866 INFO [long-pulling] client count 2

2022-08-24 13:32:06,831 INFO groupCount = 0, subscriberClientCount = 0, subscriberCount = 0

2022-08-24 13:32:06,833 INFO toNotifyTaskSize = 0

2022-08-24 13:32:06,833 INFO toClientNotifyTaskSize = 0

2022-08-24 13:32:06,867 INFO [long-pulling] client count 2

2022-08-24 13:32:16,831 INFO groupCount = 0, subscriberClientCount = 0, subscriberCount = 0

2022-08-24 13:32:16,833 INFO toNotifyTaskSize = 0

2022-08-24 13:32:16,833 INFO toClientNotifyTaskSize = 0

2022-08-24 13:32:16,867 INFO [long-pulling] client count 2

2022-08-24 13:32:26,832 INFO groupCount = 0, subscriberClientCount = 0, subscriberCount = 0

2022-08-24 13:32:26,834 INFO toNotifyTaskSize = 0

2022-08-24 13:32:26,834 INFO toClientNotifyTaskSize = 0

2022-08-24 13:32:26,867 INFO [long-pulling] client count 2

2022-08-24 13:32:36,832 INFO groupCount = 0, subscriberClientCount = 0, subscriberCount = 0

2022-08-24 13:32:36,834 INFO toNotifyTaskSize = 0

2022-08-24 13:32:36,834 INFO toClientNotifyTaskSize = 0

2022-08-24 13:32:36,867 INFO [long-pulling] client count 2

2022-08-24 13:32:46,832 INFO groupCount = 0, subscriberClientCount = 0, subscriberCount = 0

2022-08-24 13:32:46,834 INFO toNotifyTaskSize = 0

2022-08-24 13:32:46,834 INFO toClientNotifyTaskSize = 0

2022-08-24 13:32:46,867 INFO [long-pulling] client count 2

2022-08-24 13:32:56,833 INFO groupCount = 0, subscriberClientCount = 0, subscriberCount = 0

2022-08-24 13:32:56,834 INFO toNotifyTaskSize = 0

2022-08-24 13:32:56,834 INFO toClientNotifyTaskSize = 0

2022-08-24 13:32:56,867 INFO [long-pulling] client count 2

2022-08-24 13:33:06,834 INFO groupCount = 0, subscriberClientCount = 0, subscriberCount = 0

2022-08-24 13:33:06,835 INFO toNotifyTaskSize = 0

2022-08-24 13:33:06,835 INFO toClientNotifyTaskSize = 0

2022-08-24 13:33:06,871 INFO [long-pulling] client count 2

2022-08-24 13:33:16,835 INFO groupCount = 0, subscriberClientCount = 0, subscriberCount = 0

2022-08-24 13:33:16,835 INFO toNotifyTaskSize = 0

2022-08-24 13:33:16,835 INFO toClientNotifyTaskSize = 0

2022-08-24 13:33:16,871 INFO [long-pulling] client count 2

2022-08-24 13:33:26,835 INFO groupCount = 0, subscriberClientCount = 0, subscriberCount = 0

2022-08-24 13:33:26,835 INFO toNotifyTaskSize = 0

2022-08-24 13:33:26,835 INFO toClientNotifyTaskSize = 0

2022-08-24 13:33:26,871 INFO [long-pulling] client count 2

2022-08-24 13:33:36,835 INFO groupCount = 0, subscriberClientCount = 0, subscriberCount = 0

2022-08-24 13:33:36,835 INFO toNotifyTaskSize = 0

2022-08-24 13:33:36,835 INFO toClientNotifyTaskSize = 0

2022-08-24 13:33:36,871 INFO [long-pulling] client count 2

2022-08-24 13:33:46,835 INFO groupCount = 0, subscriberClientCount = 0, subscriberCount = 0

2022-08-24 13:33:46,835 INFO toNotifyTaskSize = 0

2022-08-24 13:33:46,836 INFO toClientNotifyTaskSize = 0

2022-08-24 13:33:46,871 INFO [long-pulling] client count 2

2022-08-24 13:33:56,836 INFO groupCount = 0, subscriberClientCount = 0, subscriberCount = 0

2022-08-24 13:33:56,836 INFO toNotifyTaskSize = 0

2022-08-24 13:33:56,836 INFO toClientNotifyTaskSize = 0

2022-08-24 13:33:56,872 INFO [long-pulling] client count 2

2022-08-24 13:34:06,836 INFO groupCount = 0, subscriberClientCount = 0, subscriberCount = 0

2022-08-24 13:34:06,836 INFO toNotifyTaskSize = 0

2022-08-24 13:34:06,836 INFO toClientNotifyTaskSize = 0

2022-08-24 13:34:06,872 INFO [long-pulling] client count 2

2022-08-24 13:34:16,843 INFO groupCount = 0, subscriberClientCount = 0, subscriberCount = 0

2022-08-24 13:34:16,844 INFO toNotifyTaskSize = 0

2022-08-24 13:34:16,844 INFO toClientNotifyTaskSize = 0

2022-08-24 13:34:16,872 INFO [long-pulling] client count 2

2022-08-24 13:34:26,844 INFO groupCount = 0, subscriberClientCount = 0, subscriberCount = 0

2022-08-24 13:34:26,844 INFO toNotifyTaskSize = 0

2022-08-24 13:34:26,844 INFO toClientNotifyTaskSize = 0

2022-08-24 13:34:26,873 INFO [long-pulling] client count 2

2022-08-24 13:34:36,844 INFO groupCount = 0, subscriberClientCount = 0, subscriberCount = 0

2022-08-24 13:34:36,844 INFO toNotifyTaskSize = 0

2022-08-24 13:34:36,844 INFO toClientNotifyTaskSize = 0

2022-08-24 13:34:36,873 INFO [long-pulling] client count 2

2022-08-24 13:34:46,844 INFO groupCount = 0, subscriberClientCount = 0, subscriberCount = 0

2022-08-24 13:34:46,844 INFO toNotifyTaskSize = 0

2022-08-24 13:34:46,844 INFO toClientNotifyTaskSize = 0

2022-08-24 13:34:46,873 INFO [long-pulling] client count 2

2022-08-24 13:34:56,844 INFO groupCount = 0, subscriberClientCount = 0, subscriberCount = 0

2022-08-24 13:34:56,845 INFO toNotifyTaskSize = 0

2022-08-24 13:34:56,845 INFO toClientNotifyTaskSize = 0

2022-08-24 13:34:56,873 INFO [long-pulling] client count 2

2022-08-24 13:35:06,845 INFO groupCount = 0, subscriberClientCount = 0, subscriberCount = 0

2022-08-24 13:35:06,845 INFO toNotifyTaskSize = 0

2022-08-24 13:35:06,845 INFO toClientNotifyTaskSize = 0

2022-08-24 13:35:06,874 INFO [long-pulling] client count 2

2022-08-24 13:35:16,845 INFO groupCount = 0, subscriberClientCount = 0, subscriberCount = 0

2022-08-24 13:35:16,846 INFO toNotifyTaskSize = 0

2022-08-24 13:35:16,846 INFO toClientNotifyTaskSize = 0

2022-08-24 13:35:16,874 INFO [long-pulling] client count 2

2022-08-24 13:35:26,846 INFO groupCount = 0, subscriberClientCount = 0, subscriberCount = 0

2022-08-24 13:35:26,846 INFO toNotifyTaskSize = 0

2022-08-24 13:35:26,846 INFO toClientNotifyTaskSize = 0

2022-08-24 13:35:26,874 INFO [long-pulling] client count 2

2022-08-24 13:35:36,846 INFO groupCount = 0, subscriberClientCount = 0, subscriberCount = 0

2022-08-24 13:35:36,846 INFO toNotifyTaskSize = 0

2022-08-24 13:35:36,846 INFO toClientNotifyTaskSize = 0

2022-08-24 13:35:36,874 INFO [long-pulling] client count 2

2022-08-24 13:35:46,846 INFO groupCount = 0, subscriberClientCount = 0, subscriberCount = 0

2022-08-24 13:35:46,846 INFO toNotifyTaskSize = 0

2022-08-24 13:35:46,846 INFO toClientNotifyTaskSize = 0

2022-08-24 13:35:46,874 INFO [long-pulling] client count 2

2022-08-24 13:35:56,846 INFO groupCount = 0, subscriberClientCount = 0, subscriberCount = 0

2022-08-24 13:35:56,847 INFO toNotifyTaskSize = 0

2022-08-24 13:35:56,847 INFO toClientNotifyTaskSize = 0

2022-08-24 13:35:56,875 INFO [long-pulling] client count 2

2022-08-24 13:36:06,847 INFO groupCount = 0, subscriberClientCount = 0, subscriberCount = 0

2022-08-24 13:36:06,847 INFO toNotifyTaskSize = 0

2022-08-24 13:36:06,847 INFO toClientNotifyTaskSize = 0

2022-08-24 13:36:06,875 INFO [long-pulling] client count 2

2022-08-24 13:36:16,847 INFO toNotifyTaskSize = 0

2022-08-24 13:36:16,847 INFO toClientNotifyTaskSize = 0

2022-08-24 13:36:16,847 INFO groupCount = 0, subscriberClientCount = 0, subscriberCount = 0

2022-08-24 13:36:16,875 INFO [long-pulling] client count 2

2022-08-24 13:36:26,847 INFO toNotifyTaskSize = 0

2022-08-24 13:36:26,847 INFO groupCount = 0, subscriberClientCount = 0, subscriberCount = 0

2022-08-24 13:36:26,847 INFO toClientNotifyTaskSize = 0

2022-08-24 13:36:26,875 INFO [long-pulling] client count 2

2022-08-24 13:36:36,847 INFO groupCount = 0, subscriberClientCount = 0, subscriberCount = 0

2022-08-24 13:36:36,848 INFO toNotifyTaskSize = 0

2022-08-24 13:36:36,848 INFO toClientNotifyTaskSize = 0

2022-08-24 13:36:36,875 INFO [long-pulling] client count 2

2022-08-24 13:36:46,848 INFO toNotifyTaskSize = 0

2022-08-24 13:36:46,848 INFO groupCount = 0, subscriberClientCount = 0, subscriberCount = 0

2022-08-24 13:36:46,848 INFO toClientNotifyTaskSize = 0

2022-08-24 13:36:46,876 INFO [long-pulling] client count 2

2022-08-24 13:36:56,848 INFO groupCount = 0, subscriberClientCount = 0, subscriberCount = 0

2022-08-24 13:36:56,848 INFO toNotifyTaskSize = 0

2022-08-24 13:36:56,848 INFO toClientNotifyTaskSize = 0

2022-08-24 13:36:56,876 INFO [long-pulling] client count 2

2022-08-24 13:37:06,848 INFO groupCount = 0, subscriberClientCount = 0, subscriberCount = 0

2022-08-24 13:37:06,848 INFO toNotifyTaskSize = 0

2022-08-24 13:37:06,848 INFO toClientNotifyTaskSize = 0

2022-08-24 13:37:06,876 INFO [long-pulling] client count 2

2022-08-24 13:37:16,848 INFO groupCount = 0, subscriberClientCount = 0, subscriberCount = 0

2022-08-24 13:37:16,849 INFO toNotifyTaskSize = 0

2022-08-24 13:37:16,849 INFO toClientNotifyTaskSize = 0

2022-08-24 13:37:16,876 INFO [long-pulling] client count 2

2022-08-24 13:37:26,849 INFO toNotifyTaskSize = 0

2022-08-24 13:37:26,849 INFO groupCount = 0, subscriberClientCount = 0, subscriberCount = 0

2022-08-24 13:37:26,849 INFO toClientNotifyTaskSize = 0

2022-08-24 13:37:26,876 INFO [long-pulling] client count 2

2022-08-24 13:37:36,849 INFO groupCount = 0, subscriberClientCount = 0, subscriberCount = 0

2022-08-24 13:37:36,849 INFO toNotifyTaskSize = 0

2022-08-24 13:37:36,849 INFO toClientNotifyTaskSize = 0

2022-08-24 13:37:36,876 INFO [long-pulling] client count 2

2022-08-24 13:37:46,849 INFO groupCount = 0, subscriberClientCount = 0, subscriberCount = 0

2022-08-24 13:37:46,849 INFO toNotifyTaskSize = 0

2022-08-24 13:37:46,849 INFO toClientNotifyTaskSize = 0

2022-08-24 13:37:46,877 INFO [long-pulling] client count 2

2022-08-24 13:37:56,850 INFO groupCount = 0, subscriberClientCount = 0, subscriberCount = 0

2022-08-24 13:37:56,850 INFO toNotifyTaskSize = 0

2022-08-24 13:37:56,850 INFO toClientNotifyTaskSize = 0

2022-08-24 13:37:56,877 INFO [long-pulling] client count 2

2022-08-24 13:38:06,850 INFO toNotifyTaskSize = 0

2022-08-24 13:38:06,850 INFO groupCount = 0, subscriberClientCount = 0, subscriberCount = 0

2022-08-24 13:38:06,850 INFO toClientNotifyTaskSize = 0

2022-08-24 13:38:06,877 INFO [long-pulling] client count 2

2022-08-24 13:38:16,850 INFO groupCount = 0, subscriberClientCount = 0, subscriberCount = 0

2022-08-24 13:38:16,850 INFO toNotifyTaskSize = 0

2022-08-24 13:38:16,850 INFO toClientNotifyTaskSize = 0

2022-08-24 13:38:16,877 INFO [long-pulling] client count 2

2022-08-24 13:38:26,850 INFO groupCount = 0, subscriberClientCount = 0, subscriberCount = 0

2022-08-24 13:38:26,850 INFO toNotifyTaskSize = 0

2022-08-24 13:38:26,851 INFO toClientNotifyTaskSize = 0

2022-08-24 13:38:26,877 INFO [long-pulling] client count 2

2022-08-24 13:38:36,851 INFO groupCount = 0, subscriberClientCount = 0, subscriberCount = 0

2022-08-24 13:38:36,851 INFO toNotifyTaskSize = 0

2022-08-24 13:38:36,851 INFO toClientNotifyTaskSize = 0

2022-08-24 13:38:36,878 INFO [long-pulling] client count 2

2022-08-24 13:38:46,851 INFO groupCount = 0, subscriberClientCount = 0, subscriberCount = 0

2022-08-24 13:38:46,851 INFO toNotifyTaskSize = 0

2022-08-24 13:38:46,851 INFO toClientNotifyTaskSize = 0

2022-08-24 13:38:46,878 INFO [long-pulling] client count 2

2022-08-24 13:38:56,851 INFO groupCount = 0, subscriberClientCount = 0, subscriberCount = 0

2022-08-24 13:38:56,851 INFO toNotifyTaskSize = 0

2022-08-24 13:38:56,851 INFO toClientNotifyTaskSize = 0

2022-08-24 13:38:56,878 INFO [long-pulling] client count 2

2022-08-24 13:39:06,851 INFO groupCount = 0, subscriberClientCount = 0, subscriberCount = 0

2022-08-24 13:39:06,851 INFO toNotifyTaskSize = 0

2022-08-24 13:39:06,852 INFO toClientNotifyTaskSize = 0

2022-08-24 13:39:06,878 INFO [long-pulling] client count 2

2022-08-24 13:39:16,852 INFO groupCount = 0, subscriberClientCount = 0, subscriberCount = 0

2022-08-24 13:39:16,852 INFO toNotifyTaskSize = 0

2022-08-24 13:39:16,852 INFO toClientNotifyTaskSize = 0

2022-08-24 13:39:16,878 INFO [long-pulling] client count 2

2022-08-24 13:39:26,852 INFO groupCount = 0, subscriberClientCount = 0, subscriberCount = 0

2022-08-24 13:39:26,852 INFO toNotifyTaskSize = 0

2022-08-24 13:39:26,852 INFO toClientNotifyTaskSize = 0

2022-08-24 13:39:26,878 INFO [long-pulling] client count 2

2022-08-24 13:39:36,852 INFO toNotifyTaskSize = 0

2022-08-24 13:39:36,852 INFO groupCount = 0, subscriberClientCount = 0, subscriberCount = 0

2022-08-24 13:39:36,852 INFO toClientNotifyTaskSize = 0

2022-08-24 13:39:36,879 INFO [long-pulling] client count 2

2022-08-24 13:39:46,852 INFO toNotifyTaskSize = 0

2022-08-24 13:39:46,852 INFO toClientNotifyTaskSize = 0

2022-08-24 13:39:46,852 INFO groupCount = 0, subscriberClientCount = 0, subscriberCount = 0

2022-08-24 13:39:46,879 INFO [long-pulling] client count 2

2022-08-24 13:39:56,853 INFO toNotifyTaskSize = 0

2022-08-24 13:39:56,853 INFO toClientNotifyTaskSize = 0

2022-08-24 13:39:56,853 INFO groupCount = 0, subscriberClientCount = 0, subscriberCount = 0

2022-08-24 13:39:56,879 INFO [long-pulling] client count 2

2022-08-24 13:40:06,853 INFO toNotifyTaskSize = 0

2022-08-24 13:40:06,853 INFO toClientNotifyTaskSize = 0

2022-08-24 13:40:06,853 INFO groupCount = 0, subscriberClientCount = 0, subscriberCount = 0

2022-08-24 13:40:06,879 INFO [long-pulling] client count 2

2022-08-24 13:40:16,853 INFO toNotifyTaskSize = 0

2022-08-24 13:40:16,853 INFO toClientNotifyTaskSize = 0

2022-08-24 13:40:16,853 INFO groupCount = 0, subscriberClientCount = 0, subscriberCount = 0

2022-08-24 13:40:16,879 INFO [long-pulling] client count 2

2022-08-24 13:40:26,853 INFO toNotifyTaskSize = 0

2022-08-24 13:40:26,853 INFO groupCount = 0, subscriberClientCount = 0, subscriberCount = 0

2022-08-24 13:40:26,853 INFO toClientNotifyTaskSize = 0

2022-08-24 13:40:26,880 INFO [long-pulling] client count 2

2022-08-24 13:40:36,854 INFO groupCount = 0, subscriberClientCount = 0, subscriberCount = 0

2022-08-24 13:40:36,854 INFO toNotifyTaskSize = 0

2022-08-24 13:40:36,854 INFO toClientNotifyTaskSize = 0

2022-08-24 13:40:36,880 INFO [long-pulling] client count 2

2022-08-24 13:40:46,854 INFO groupCount = 0, subscriberClientCount = 0, subscriberCount = 0

2022-08-24 13:40:46,854 INFO toNotifyTaskSize = 0

2022-08-24 13:40:46,854 INFO toClientNotifyTaskSize = 0

2022-08-24 13:40:46,880 INFO [long-pulling] client count 2

2022-08-24 13:40:56,854 INFO toNotifyTaskSize = 0

2022-08-24 13:40:56,854 INFO groupCount = 0, subscriberClientCount = 0, subscriberCount = 0

2022-08-24 13:40:56,854 INFO toClientNotifyTaskSize = 0

2022-08-24 13:40:56,880 INFO [long-pulling] client count 2

2022-08-24 13:41:06,854 INFO groupCount = 0, subscriberClientCount = 0, subscriberCount = 0

2022-08-24 13:41:06,855 INFO toNotifyTaskSize = 0

2022-08-24 13:41:06,855 INFO toClientNotifyTaskSize = 0

2022-08-24 13:41:06,880 INFO [long-pulling] client count 2

2022-08-24 13:41:16,855 INFO groupCount = 0, subscriberClientCount = 0, subscriberCount = 0

2022-08-24 13:41:16,855 INFO toNotifyTaskSize = 0

2022-08-24 13:41:16,855 INFO toClientNotifyTaskSize = 0

2022-08-24 13:41:16,880 INFO [long-pulling] client count 2

2022-08-24 13:41:26,855 INFO groupCount = 0, subscriberClientCount = 0, subscriberCount = 0

2022-08-24 13:41:26,855 INFO toNotifyTaskSize = 0

2022-08-24 13:41:26,855 INFO toClientNotifyTaskSize = 0

2022-08-24 13:41:26,881 INFO [long-pulling] client count 2

2022-08-24 13:41:36,855 INFO groupCount = 0, subscriberClientCount = 0, subscriberCount = 0

2022-08-24 13:41:36,855 INFO toNotifyTaskSize = 0

2022-08-24 13:41:36,855 INFO toClientNotifyTaskSize = 0

2022-08-24 13:41:36,881 INFO [long-pulling] client count 2

2022-08-24 13:41:46,855 INFO toNotifyTaskSize = 0

2022-08-24 13:41:46,855 INFO groupCount = 0, subscriberClientCount = 0, subscriberCount = 0

2022-08-24 13:41:46,855 INFO toClientNotifyTaskSize = 0

2022-08-24 13:41:46,881 INFO [long-pulling] client count 2

2022-08-24 13:41:56,856 INFO groupCount = 0, subscriberClientCount = 0, subscriberCount = 0

2022-08-24 13:41:56,856 INFO toNotifyTaskSize = 0

2022-08-24 13:41:56,856 INFO toClientNotifyTaskSize = 0

2022-08-24 13:41:56,881 INFO [long-pulling] client count 2

2022-08-24 13:42:06,859 INFO groupCount = 0, subscriberClientCount = 0, subscriberCount = 0

2022-08-24 13:42:06,860 INFO toNotifyTaskSize = 0

2022-08-24 13:42:06,860 INFO toClientNotifyTaskSize = 0

2022-08-24 13:42:06,886 INFO [long-pulling] client count 2

2022-08-24 13:42:16,860 INFO groupCount = 0, subscriberClientCount = 0, subscriberCount = 0

2022-08-24 13:42:16,860 INFO toNotifyTaskSize = 0

2022-08-24 13:42:16,860 INFO toClientNotifyTaskSize = 0

2022-08-24 13:42:16,887 INFO [long-pulling] client count 2

2022-08-24 13:42:26,860 INFO groupCount = 0, subscriberClientCount = 0, subscriberCount = 0

2022-08-24 13:42:26,860 INFO toNotifyTaskSize = 0

2022-08-24 13:42:26,860 INFO toClientNotifyTaskSize = 0

2022-08-24 13:42:26,887 INFO [long-pulling] client count 2

2022-08-24 13:42:36,861 INFO groupCount = 16, subscriberClientCount = 0, subscriberCount = 0

2022-08-24 13:42:36,862 INFO toNotifyTaskSize = 0

2022-08-24 13:42:36,862 INFO toClientNotifyTaskSize = 0

2022-08-24 13:42:36,887 INFO [long-pulling] client count 1

2022-08-24 13:42:46,862 INFO groupCount = 16, subscriberClientCount = 0, subscriberCount = 0

2022-08-24 13:42:46,862 INFO toNotifyTaskSize = 0

2022-08-24 13:42:46,862 INFO toClientNotifyTaskSize = 0

2022-08-24 13:42:46,888 INFO [long-pulling] client count 2

2022-08-24 13:42:56,862 INFO groupCount = 16, subscriberClientCount = 0, subscriberCount = 0

2022-08-24 13:42:56,862 INFO toNotifyTaskSize = 0

2022-08-24 13:42:56,862 INFO toClientNotifyTaskSize = 0

2022-08-24 13:42:56,888 INFO [long-pulling] client count 2

2022-08-24 13:43:06,863 INFO groupCount = 16, subscriberClientCount = 0, subscriberCount = 0

2022-08-24 13:43:06,864 INFO toNotifyTaskSize = 0

2022-08-24 13:43:06,864 INFO toClientNotifyTaskSize = 0

2022-08-24 13:43:06,891 INFO [long-pulling] client count 2

2022-08-24 13:43:16,865 INFO groupCount = 16, subscriberClientCount = 0, subscriberCount = 0

2022-08-24 13:43:16,866 INFO toNotifyTaskSize = 0

2022-08-24 13:43:16,866 INFO toClientNotifyTaskSize = 0

2022-08-24 13:43:16,895 INFO [long-pulling] client count 2

2022-08-24 13:43:26,866 INFO toNotifyTaskSize = 0

2022-08-24 13:43:26,866 INFO groupCount = 16, subscriberClientCount = 0, subscriberCount = 0

2022-08-24 13:43:26,866 INFO toClientNotifyTaskSize = 0

2022-08-24 13:43:26,895 INFO [long-pulling] client count 3

2022-08-24 13:43:36,866 INFO groupCount = 16, subscriberClientCount = 0, subscriberCount = 0

2022-08-24 13:43:36,866 INFO toNotifyTaskSize = 0

2022-08-24 13:43:36,866 INFO toClientNotifyTaskSize = 0

2022-08-24 13:43:36,895 INFO [long-pulling] client count 3

2022-08-24 13:43:46,866 INFO groupCount = 16, subscriberClientCount = 0, subscriberCount = 0

2022-08-24 13:43:46,866 INFO toNotifyTaskSize = 0

2022-08-24 13:43:46,866 INFO toClientNotifyTaskSize = 0

2022-08-24 13:43:46,896 INFO [long-pulling] client count 3

2022-08-24 13:43:56,866 INFO groupCount = 16, subscriberClientCount = 0, subscriberCount = 0

2022-08-24 13:43:56,867 INFO toNotifyTaskSize = 0

2022-08-24 13:43:56,867 INFO toClientNotifyTaskSize = 0

2022-08-24 13:43:56,896 INFO [long-pulling] client count 3

2022-08-24 13:44:06,867 INFO groupCount = 16, subscriberClientCount = 0, subscriberCount = 0

2022-08-24 13:44:06,867 INFO toNotifyTaskSize = 0

2022-08-24 13:44:06,867 INFO toClientNotifyTaskSize = 0

2022-08-24 13:44:06,896 INFO [long-pulling] client count 3

2022-08-24 13:44:16,867 INFO toNotifyTaskSize = 0

2022-08-24 13:44:16,867 INFO groupCount = 16, subscriberClientCount = 0, subscriberCount = 0

2022-08-24 13:44:16,868 INFO toClientNotifyTaskSize = 0

2022-08-24 13:44:16,896 INFO [long-pulling] client count 3

2022-08-24 13:44:26,868 INFO toNotifyTaskSize = 0

2022-08-24 13:44:26,868 INFO groupCount = 16, subscriberClientCount = 0, subscriberCount = 0

2022-08-24 13:44:26,868 INFO toClientNotifyTaskSize = 0

2022-08-24 13:44:26,896 INFO [long-pulling] client count 3

2022-08-24 13:44:36,868 INFO groupCount = 16, subscriberClientCount = 0, subscriberCount = 0

2022-08-24 13:44:36,868 INFO toNotifyTaskSize = 0

2022-08-24 13:44:36,868 INFO toClientNotifyTaskSize = 0

2022-08-24 13:44:36,896 INFO [long-pulling] client count 3

2022-08-24 13:44:46,868 INFO groupCount = 16, subscriberClientCount = 0, subscriberCount = 0

2022-08-24 13:44:46,868 INFO toNotifyTaskSize = 0

2022-08-24 13:44:46,868 INFO toClientNotifyTaskSize = 0

2022-08-24 13:44:46,897 INFO [long-pulling] client count 3

2022-08-24 13:44:56,869 INFO groupCount = 16, subscriberClientCount = 0, subscriberCount = 0

2022-08-24 13:44:56,869 INFO toNotifyTaskSize = 0

2022-08-24 13:44:56,869 INFO toClientNotifyTaskSize = 0

2022-08-24 13:44:56,897 INFO [long-pulling] client count 3

2022-08-24 13:45:06,869 INFO groupCount = 16, subscriberClientCount = 0, subscriberCount = 0

2022-08-24 13:45:06,869 INFO toNotifyTaskSize = 0

2022-08-24 13:45:06,869 INFO toClientNotifyTaskSize = 0

2022-08-24 13:45:06,897 INFO [long-pulling] client count 3

2022-08-24 13:45:16,869 INFO toNotifyTaskSize = 0

2022-08-24 13:45:16,869 INFO toClientNotifyTaskSize = 0

2022-08-24 13:45:16,869 INFO groupCount = 16, subscriberClientCount = 0, subscriberCount = 0

2022-08-24 13:45:16,897 INFO [long-pulling] client count 3

2022-08-24 13:45:26,869 INFO toNotifyTaskSize = 0

2022-08-24 13:45:26,869 INFO groupCount = 16, subscriberClientCount = 0, subscriberCount = 0

2022-08-24 13:45:26,869 INFO toClientNotifyTaskSize = 0

2022-08-24 13:45:26,897 INFO [long-pulling] client count 3

2022-08-24 13:45:36,870 INFO groupCount = 16, subscriberClientCount = 0, subscriberCount = 0

2022-08-24 13:45:36,870 INFO toNotifyTaskSize = 0

2022-08-24 13:45:36,870 INFO toClientNotifyTaskSize = 0

2022-08-24 13:45:36,897 INFO [long-pulling] client count 3

2022-08-24 13:45:46,870 INFO groupCount = 16, subscriberClientCount = 0, subscriberCount = 0

2022-08-24 13:45:46,870 INFO toNotifyTaskSize = 0

2022-08-24 13:45:46,870 INFO toClientNotifyTaskSize = 0

2022-08-24 13:45:46,898 INFO [long-pulling] client count 3

2022-08-24 13:45:56,870 INFO toNotifyTaskSize = 0

2022-08-24 13:45:56,870 INFO toClientNotifyTaskSize = 0

2022-08-24 13:45:56,870 INFO groupCount = 16, subscriberClientCount = 0, subscriberCount = 0

2022-08-24 13:45:56,898 INFO [long-pulling] client count 3

2022-08-24 13:46:06,870 INFO toNotifyTaskSize = 0

2022-08-24 13:46:06,870 INFO groupCount = 16, subscriberClientCount = 0, subscriberCount = 0

2022-08-24 13:46:06,870 INFO toClientNotifyTaskSize = 0

2022-08-24 13:46:06,898 INFO [long-pulling] client count 3

2022-08-24 13:46:16,871 INFO toNotifyTaskSize = 0

2022-08-24 13:46:16,871 INFO toClientNotifyTaskSize = 0

2022-08-24 13:46:16,871 INFO groupCount = 16, subscriberClientCount = 0, subscriberCount = 0

2022-08-24 13:46:16,898 INFO [long-pulling] client count 3

2022-08-24 13:46:26,871 INFO toNotifyTaskSize = 0

2022-08-24 13:46:26,871 INFO toClientNotifyTaskSize = 0

2022-08-24 13:46:26,871 INFO groupCount = 16, subscriberClientCount = 0, subscriberCount = 0

2022-08-24 13:46:26,898 INFO [long-pulling] client count 3

2022-08-24 13:46:36,871 INFO toNotifyTaskSize = 0

2022-08-24 13:46:36,871 INFO toClientNotifyTaskSize = 0

2022-08-24 13:46:36,872 INFO groupCount = 16, subscriberClientCount = 0, subscriberCount = 0

2022-08-24 13:46:36,898 INFO [long-pulling] client count 3

2022-08-24 13:46:46,871 INFO toNotifyTaskSize = 0

2022-08-24 13:46:46,871 INFO toClientNotifyTaskSize = 0

2022-08-24 13:46:46,872 INFO groupCount = 16, subscriberClientCount = 0, subscriberCount = 0

2022-08-24 13:46:46,898 INFO [long-pulling] client count 3

2022-08-24 13:46:56,872 INFO toNotifyTaskSize = 0

2022-08-24 13:46:56,872 INFO toClientNotifyTaskSize = 0

2022-08-24 13:46:56,872 INFO groupCount = 16, subscriberClientCount = 0, subscriberCount = 0

2022-08-24 13:46:56,898 INFO [long-pulling] client count 3

2022-08-24 13:47:06,872 INFO toNotifyTaskSize = 0

2022-08-24 13:47:06,872 INFO toClientNotifyTaskSize = 0

2022-08-24 13:47:06,872 INFO groupCount = 16, subscriberClientCount = 0, subscriberCount = 0

2022-08-24 13:47:06,899 INFO [long-pulling] client count 3

2022-08-24 13:47:16,872 INFO toNotifyTaskSize = 0

2022-08-24 13:47:16,872 INFO toClientNotifyTaskSize = 0

2022-08-24 13:47:16,874 INFO groupCount = 16, subscriberClientCount = 0, subscriberCount = 0

2022-08-24 13:47:16,899 INFO [long-pulling] client count 3

2022-08-24 13:47:26,872 INFO toNotifyTaskSize = 0

2022-08-24 13:47:26,872 INFO toClientNotifyTaskSize = 0

2022-08-24 13:47:26,874 INFO groupCount = 16, subscriberClientCount = 0, subscriberCount = 0

2022-08-24 13:47:26,899 INFO [long-pulling] client count 3

2022-08-24 13:47:36,872 INFO toNotifyTaskSize = 0

2022-08-24 13:47:36,873 INFO toClientNotifyTaskSize = 0

2022-08-24 13:47:36,874 INFO groupCount = 16, subscriberClientCount = 0, subscriberCount = 0

2022-08-24 13:47:36,899 INFO [long-pulling] client count 3

2022-08-24 13:47:46,873 INFO toNotifyTaskSize = 0

2022-08-24 13:47:46,873 INFO toClientNotifyTaskSize = 0

2022-08-24 13:47:46,874 INFO groupCount = 16, subscriberClientCount = 0, subscriberCount = 0

2022-08-24 13:47:46,899 INFO [long-pulling] client count 3

2022-08-24 13:47:56,873 INFO toNotifyTaskSize = 0

2022-08-24 13:47:56,873 INFO toClientNotifyTaskSize = 0

2022-08-24 13:47:56,875 INFO groupCount = 16, subscriberClientCount = 0, subscriberCount = 0

2022-08-24 13:47:56,899 INFO [long-pulling] client count 3

2022-08-24 13:48:06,873 INFO toNotifyTaskSize = 0

2022-08-24 13:48:06,873 INFO toClientNotifyTaskSize = 0

2022-08-24 13:48:06,875 INFO groupCount = 16, subscriberClientCount = 0, subscriberCount = 0

2022-08-24 13:48:06,899 INFO [long-pulling] client count 3

2022-08-24 13:48:16,873 INFO toNotifyTaskSize = 0

2022-08-24 13:48:16,874 INFO toClientNotifyTaskSize = 0

2022-08-24 13:48:16,875 INFO groupCount = 16, subscriberClientCount = 0, subscriberCount = 0

2022-08-24 13:48:16,900 INFO [long-pulling] client count 3

2022-08-24 13:48:26,874 INFO toNotifyTaskSize = 0

2022-08-24 13:48:26,874 INFO toClientNotifyTaskSize = 0

2022-08-24 13:48:26,875 INFO groupCount = 16, subscriberClientCount = 0, subscriberCount = 0

2022-08-24 13:48:26,900 INFO [long-pulling] client count 3

2022-08-24 13:48:36,874 INFO toNotifyTaskSize = 0

2022-08-24 13:48:36,874 INFO toClientNotifyTaskSize = 0

2022-08-24 13:48:36,875 INFO groupCount = 16, subscriberClientCount = 0, subscriberCount = 0

2022-08-24 13:48:36,900 INFO [long-pulling] client count 3

2022-08-24 13:48:46,874 INFO toNotifyTaskSize = 0

2022-08-24 13:48:46,874 INFO toClientNotifyTaskSize = 0

2022-08-24 13:48:46,875 INFO groupCount = 16, subscriberClientCount = 0, subscriberCount = 0

2022-08-24 13:48:46,900 INFO [long-pulling] client count 3

2022-08-24 13:48:56,874 INFO toNotifyTaskSize = 0

2022-08-24 13:48:56,874 INFO toClientNotifyTaskSize = 0

2022-08-24 13:48:56,875 INFO groupCount = 16, subscriberClientCount = 0, subscriberCount = 0

2022-08-24 13:48:56,900 INFO [long-pulling] client count 3

2022-08-24 13:49:06,875 INFO toNotifyTaskSize = 0

2022-08-24 13:49:06,875 INFO toClientNotifyTaskSize = 0

2022-08-24 13:49:06,876 INFO groupCount = 16, subscriberClientCount = 0, subscriberCount = 0

2022-08-24 13:49:06,900 INFO [long-pulling] client count 3

2022-08-24 13:49:16,875 INFO toNotifyTaskSize = 0

2022-08-24 13:49:16,875 INFO toClientNotifyTaskSize = 0

2022-08-24 13:49:16,876 INFO groupCount = 16, subscriberClientCount = 0, subscriberCount = 0

2022-08-24 13:49:16,900 INFO [long-pulling] client count 3

2022-08-24 13:49:26,875 INFO toNotifyTaskSize = 0

2022-08-24 13:49:26,875 INFO toClientNotifyTaskSize = 0

2022-08-24 13:49:26,876 INFO groupCount = 16, subscriberClientCount = 0, subscriberCount = 0

2022-08-24 13:49:26,901 INFO [long-pulling] client count 3

2022-08-24 13:49:36,875 INFO toNotifyTaskSize = 0

2022-08-24 13:49:36,875 INFO toClientNotifyTaskSize = 0

2022-08-24 13:49:36,876 INFO groupCount = 16, subscriberClientCount = 0, subscriberCount = 0

2022-08-24 13:49:36,901 INFO [long-pulling] client count 3

2022-08-24 13:49:46,875 INFO toNotifyTaskSize = 0

2022-08-24 13:49:46,876 INFO toClientNotifyTaskSize = 0

2022-08-24 13:49:46,876 INFO groupCount = 16, subscriberClientCount = 0, subscriberCount = 0

2022-08-24 13:49:46,901 INFO [long-pulling] client count 3

2022-08-24 13:49:56,876 INFO toNotifyTaskSize = 0

2022-08-24 13:49:56,876 INFO toClientNotifyTaskSize = 0

2022-08-24 13:49:56,876 INFO groupCount = 16, subscriberClientCount = 0, subscriberCount = 0

2022-08-24 13:49:56,901 INFO [long-pulling] client count 3

2022-08-24 13:50:06,876 INFO toNotifyTaskSize = 0

2022-08-24 13:50:06,876 INFO toClientNotifyTaskSize = 0

2022-08-24 13:50:06,877 INFO groupCount = 16, subscriberClientCount = 0, subscriberCount = 0

2022-08-24 13:50:06,901 INFO [long-pulling] client count 3

2022-08-24 13:50:16,876 INFO toNotifyTaskSize = 0

2022-08-24 13:50:16,876 INFO toClientNotifyTaskSize = 0

2022-08-24 13:50:16,877 INFO groupCount = 16, subscriberClientCount = 0, subscriberCount = 0

2022-08-24 13:50:16,901 INFO [long-pulling] client count 3

2022-08-24 13:50:26,876 INFO toNotifyTaskSize = 0

2022-08-24 13:50:26,876 INFO toClientNotifyTaskSize = 0

2022-08-24 13:50:26,877 INFO groupCount = 16, subscriberClientCount = 0, subscriberCount = 0

2022-08-24 13:50:26,901 INFO [long-pulling] client count 3

2022-08-24 13:50:36,877 INFO toNotifyTaskSize = 0

2022-08-24 13:50:36,877 INFO toClientNotifyTaskSize = 0

2022-08-24 13:50:36,877 INFO groupCount = 16, subscriberClientCount = 0, subscriberCount = 0

2022-08-24 13:50:36,902 INFO [long-pulling] client count 3

2022-08-24 13:50:46,877 INFO toNotifyTaskSize = 0

2022-08-24 13:50:46,877 INFO toClientNotifyTaskSize = 0

2022-08-24 13:50:46,877 INFO groupCount = 16, subscriberClientCount = 0, subscriberCount = 0

2022-08-24 13:50:46,902 INFO [long-pulling] client count 3

2022-08-24 13:50:56,877 INFO toNotifyTaskSize = 0

2022-08-24 13:50:56,877 INFO groupCount = 16, subscriberClientCount = 0, subscriberCount = 0

2022-08-24 13:50:56,877 INFO toClientNotifyTaskSize = 0

2022-08-24 13:50:56,902 INFO [long-pulling] client count 3

2022-08-24 13:51:06,877 INFO groupCount = 16, subscriberClientCount = 0, subscriberCount = 0

2022-08-24 13:51:06,878 INFO toNotifyTaskSize = 0

2022-08-24 13:51:06,878 INFO toClientNotifyTaskSize = 0

2022-08-24 13:51:06,902 INFO [long-pulling] client count 3

2022-08-24 13:51:16,878 INFO groupCount = 16, subscriberClientCount = 0, subscriberCount = 0

2022-08-24 13:51:16,878 INFO toNotifyTaskSize = 0

2022-08-24 13:51:16,880 INFO toClientNotifyTaskSize = 0

2022-08-24 13:51:16,902 INFO [long-pulling] client count 3

2022-08-24 13:51:26,878 INFO groupCount = 16, subscriberClientCount = 0, subscriberCount = 0

2022-08-24 13:51:26,880 INFO toNotifyTaskSize = 0

2022-08-24 13:51:26,880 INFO toClientNotifyTaskSize = 0

2022-08-24 13:51:26,902 INFO [long-pulling] client count 3

2022-08-24 13:51:36,878 INFO groupCount = 16, subscriberClientCount = 0, subscriberCount = 0

2022-08-24 13:51:36,880 INFO toNotifyTaskSize = 0

2022-08-24 13:51:36,880 INFO toClientNotifyTaskSize = 0

2022-08-24 13:51:36,902 INFO [long-pulling] client count 3

2022-08-24 13:51:46,878 INFO groupCount = 16, subscriberClientCount = 0, subscriberCount = 0

2022-08-24 13:51:46,881 INFO toNotifyTaskSize = 0

2022-08-24 13:51:46,881 INFO toClientNotifyTaskSize = 0

2022-08-24 13:51:46,902 INFO [long-pulling] client count 3

2022-08-24 13:51:56,879 INFO groupCount = 16, subscriberClientCount = 0, subscriberCount = 0

2022-08-24 13:51:56,881 INFO toNotifyTaskSize = 0

2022-08-24 13:51:56,881 INFO toClientNotifyTaskSize = 0

2022-08-24 13:51:56,903 INFO [long-pulling] client count 3

2022-08-24 13:52:06,879 INFO groupCount = 16, subscriberClientCount = 0, subscriberCount = 0

2022-08-24 13:52:06,881 INFO toNotifyTaskSize = 0

2022-08-24 13:52:06,881 INFO toClientNotifyTaskSize = 0

2022-08-24 13:52:06,903 INFO [long-pulling] client count 3

2022-08-24 13:52:16,879 INFO groupCount = 16, subscriberClientCount = 0, subscriberCount = 0

2022-08-24 13:52:16,881 INFO toNotifyTaskSize = 0

2022-08-24 13:52:16,881 INFO toClientNotifyTaskSize = 0

2022-08-24 13:52:16,903 INFO [long-pulling] client count 3

2022-08-24 13:52:26,879 INFO groupCount = 16, subscriberClientCount = 0, subscriberCount = 0

2022-08-24 13:52:26,881 INFO toNotifyTaskSize = 0

2022-08-24 13:52:26,881 INFO toClientNotifyTaskSize = 0

2022-08-24 13:52:26,903 INFO [long-pulling] client count 3

2022-08-24 13:52:36,880 INFO groupCount = 16, subscriberClientCount = 0, subscriberCount = 0

2022-08-24 13:52:36,881 INFO toNotifyTaskSize = 0

2022-08-24 13:52:36,882 INFO toClientNotifyTaskSize = 0

2022-08-24 13:52:36,903 INFO [long-pulling] client count 3

2022-08-24 13:52:46,880 INFO groupCount = 16, subscriberClientCount = 0, subscriberCount = 0

2022-08-24 13:52:46,882 INFO toNotifyTaskSize = 0

2022-08-24 13:52:46,882 INFO toClientNotifyTaskSize = 0

2022-08-24 13:52:46,903 INFO [long-pulling] client count 3

2022-08-24 13:52:56,880 INFO groupCount = 16, subscriberClientCount = 0, subscriberCount = 0

2022-08-24 13:52:56,882 INFO toNotifyTaskSize = 0

2022-08-24 13:52:56,882 INFO toClientNotifyTaskSize = 0

2022-08-24 13:52:56,903 INFO [long-pulling] client count 3

2022-08-24 13:53:06,880 INFO groupCount = 16, subscriberClientCount = 0, subscriberCount = 0

2022-08-24 13:53:06,882 INFO toNotifyTaskSize = 0

2022-08-24 13:53:06,882 INFO toClientNotifyTaskSize = 0

2022-08-24 13:53:06,904 INFO [long-pulling] client count 3

2022-08-24 13:53:16,881 INFO groupCount = 16, subscriberClientCount = 0, subscriberCount = 0

2022-08-24 13:53:16,882 INFO toNotifyTaskSize = 0

2022-08-24 13:53:16,882 INFO toClientNotifyTaskSize = 0

2022-08-24 13:53:16,904 INFO [long-pulling] client count 3

2022-08-24 13:53:26,881 INFO groupCount = 16, subscriberClientCount = 0, subscriberCount = 0

2022-08-24 13:53:26,882 INFO toNotifyTaskSize = 0

2022-08-24 13:53:26,882 INFO toClientNotifyTaskSize = 0

2022-08-24 13:53:26,904 INFO [long-pulling] client count 3

2022-08-24 13:53:36,881 INFO groupCount = 16, subscriberClientCount = 0, subscriberCount = 0

2022-08-24 13:53:36,882 INFO toNotifyTaskSize = 0

2022-08-24 13:53:36,883 INFO toClientNotifyTaskSize = 0

2022-08-24 13:53:36,904 INFO [long-pulling] client count 3

2022-08-24 13:53:46,881 INFO groupCount = 16, subscriberClientCount = 0, subscriberCount = 0

2022-08-24 13:53:46,883 INFO toNotifyTaskSize = 0

2022-08-24 13:53:46,883 INFO toClientNotifyTaskSize = 0

2022-08-24 13:53:46,904 INFO [long-pulling] client count 3

2022-08-24 13:53:56,881 INFO groupCount = 16, subscriberClientCount = 0, subscriberCount = 0

2022-08-24 13:53:56,883 INFO toNotifyTaskSize = 0

2022-08-24 13:53:56,883 INFO toClientNotifyTaskSize = 0

2022-08-24 13:53:56,904 INFO [long-pulling] client count 3

2022-08-24 13:54:06,882 INFO groupCount = 16, subscriberClientCount = 0, subscriberCount = 0

2022-08-24 13:54:06,883 INFO toNotifyTaskSize = 0

2022-08-24 13:54:06,883 INFO toClientNotifyTaskSize = 0

2022-08-24 13:54:06,904 INFO [long-pulling] client count 3

2022-08-24 13:54:16,882 INFO groupCount = 16, subscriberClientCount = 0, subscriberCount = 0

2022-08-24 13:54:16,883 INFO toNotifyTaskSize = 0

2022-08-24 13:54:16,883 INFO toClientNotifyTaskSize = 0

2022-08-24 13:54:16,905 INFO [long-pulling] client count 3

2022-08-24 13:54:26,882 INFO groupCount = 16, subscriberClientCount = 0, subscriberCount = 0

2022-08-24 13:54:26,883 INFO toNotifyTaskSize = 0

2022-08-24 13:54:26,883 INFO toClientNotifyTaskSize = 0

2022-08-24 13:54:26,905 INFO [long-pulling] client count 3

2022-08-24 13:54:36,882 INFO groupCount = 16, subscriberClientCount = 0, subscriberCount = 0

2022-08-24 13:54:36,883 INFO toNotifyTaskSize = 0

2022-08-24 13:54:36,883 INFO toClientNotifyTaskSize = 0

2022-08-24 13:54:36,905 INFO [long-pulling] client count 3

2022-08-24 13:54:46,883 INFO groupCount = 16, subscriberClientCount = 0, subscriberCount = 0

2022-08-24 13:54:46,884 INFO toNotifyTaskSize = 0

2022-08-24 13:54:46,884 INFO toClientNotifyTaskSize = 0

2022-08-24 13:54:46,905 INFO [long-pulling] client count 3

2022-08-24 13:54:56,883 INFO groupCount = 16, subscriberClientCount = 0, subscriberCount = 0

2022-08-24 13:54:56,884 INFO toNotifyTaskSize = 0

2022-08-24 13:54:56,884 INFO toClientNotifyTaskSize = 0

2022-08-24 13:54:56,905 INFO [long-pulling] client count 3

2022-08-24 13:55:06,883 INFO groupCount = 16, subscriberClientCount = 0, subscriberCount = 0

2022-08-24 13:55:06,884 INFO toNotifyTaskSize = 0

2022-08-24 13:55:06,884 INFO toClientNotifyTaskSize = 0

2022-08-24 13:55:06,905 INFO [long-pulling] client count 3

2022-08-24 13:55:16,883 INFO groupCount = 16, subscriberClientCount = 0, subscriberCount = 0

2022-08-24 13:55:16,884 INFO toNotifyTaskSize = 0

2022-08-24 13:55:16,884 INFO toClientNotifyTaskSize = 0

2022-08-24 13:55:16,905 INFO [long-pulling] client count 3

2022-08-24 13:55:26,883 INFO groupCount = 16, subscriberClientCount = 0, subscriberCount = 0

2022-08-24 13:55:26,884 INFO toNotifyTaskSize = 0

2022-08-24 13:55:26,884 INFO toClientNotifyTaskSize = 0

2022-08-24 13:55:26,905 INFO [long-pulling] client count 3

2022-08-24 13:55:36,884 INFO groupCount = 16, subscriberClientCount = 0, subscriberCount = 0

2022-08-24 13:55:36,884 INFO toNotifyTaskSize = 0

2022-08-24 13:55:36,884 INFO toClientNotifyTaskSize = 0

2022-08-24 13:55:36,906 INFO [long-pulling] client count 3

2022-08-24 13:55:46,884 INFO groupCount = 16, subscriberClientCount = 0, subscriberCount = 0

2022-08-24 13:55:46,885 INFO toNotifyTaskSize = 0

2022-08-24 13:55:46,885 INFO toClientNotifyTaskSize = 0

2022-08-24 13:55:46,906 INFO [long-pulling] client count 3

2022-08-24 13:55:56,884 INFO groupCount = 16, subscriberClientCount = 0, subscriberCount = 0

2022-08-24 13:55:56,885 INFO toNotifyTaskSize = 0

2022-08-24 13:55:56,885 INFO toClientNotifyTaskSize = 0

2022-08-24 13:55:56,906 INFO [long-pulling] client count 3

2022-08-24 13:56:06,884 INFO groupCount = 16, subscriberClientCount = 0, subscriberCount = 0

2022-08-24 13:56:06,885 INFO toNotifyTaskSize = 0

2022-08-24 13:56:06,885 INFO toClientNotifyTaskSize = 0

2022-08-24 13:56:06,906 INFO [long-pulling] client count 3

2022-08-24 13:56:16,885 INFO groupCount = 16, subscriberClientCount = 0, subscriberCount = 0

2022-08-24 13:56:16,885 INFO toNotifyTaskSize = 0

2022-08-24 13:56:16,885 INFO toClientNotifyTaskSize = 0

2022-08-24 13:56:16,906 INFO [long-pulling] client count 3

2022-08-24 13:56:26,885 INFO groupCount = 16, subscriberClientCount = 0, subscriberCount = 0

2022-08-24 13:56:26,885 INFO toNotifyTaskSize = 0

2022-08-24 13:56:26,885 INFO toClientNotifyTaskSize = 0

2022-08-24 13:56:26,906 INFO [long-pulling] client count 3

2022-08-24 13:56:36,885 INFO groupCount = 16, subscriberClientCount = 0, subscriberCount = 0

2022-08-24 13:56:36,885 INFO toNotifyTaskSize = 0

2022-08-24 13:56:36,886 INFO toClientNotifyTaskSize = 0

2022-08-24 13:56:36,907 INFO [long-pulling] client count 3

2022-08-24 13:56:46,885 INFO groupCount = 16, subscriberClientCount = 0, subscriberCount = 0

2022-08-24 13:56:46,886 INFO toNotifyTaskSize = 0

2022-08-24 13:56:46,886 INFO toClientNotifyTaskSize = 0

2022-08-24 13:56:46,907 INFO [long-pulling] client count 3

2022-08-24 13:56:56,885 INFO groupCount = 16, subscriberClientCount = 0, subscriberCount = 0

2022-08-24 13:56:56,886 INFO toNotifyTaskSize = 0

2022-08-24 13:56:56,886 INFO toClientNotifyTaskSize = 0

2022-08-24 13:56:56,907 INFO [long-pulling] client count 3

2022-08-24 13:57:06,886 INFO groupCount = 16, subscriberClientCount = 0, subscriberCount = 0

2022-08-24 13:57:06,886 INFO toNotifyTaskSize = 0

2022-08-24 13:57:06,886 INFO toClientNotifyTaskSize = 0

2022-08-24 13:57:06,907 INFO [long-pulling] client count 3

2022-08-24 13:57:16,886 INFO groupCount = 16, subscriberClientCount = 0, subscriberCount = 0

2022-08-24 13:57:16,886 INFO toNotifyTaskSize = 0

2022-08-24 13:57:16,886 INFO toClientNotifyTaskSize = 0

2022-08-24 13:57:16,907 INFO [long-pulling] client count 3

2022-08-24 13:57:26,886 INFO groupCount = 16, subscriberClientCount = 0, subscriberCount = 0

2022-08-24 13:57:26,886 INFO toNotifyTaskSize = 0

2022-08-24 13:57:26,886 INFO toClientNotifyTaskSize = 0

2022-08-24 13:57:26,907 INFO [long-pulling] client count 3

2022-08-24 13:57:36,886 INFO groupCount = 16, subscriberClientCount = 0, subscriberCount = 0

2022-08-24 13:57:36,886 INFO toNotifyTaskSize = 0

2022-08-24 13:57:36,887 INFO toClientNotifyTaskSize = 0

2022-08-24 13:57:36,907 INFO [long-pulling] client count 3

2022-08-24 13:57:46,887 INFO groupCount = 16, subscriberClientCount = 0, subscriberCount = 0

2022-08-24 13:57:46,887 INFO toNotifyTaskSize = 0

2022-08-24 13:57:46,887 INFO toClientNotifyTaskSize = 0

2022-08-24 13:57:46,908 INFO [long-pulling] client count 3

2022-08-24 13:57:56,887 INFO groupCount = 16, subscriberClientCount = 0, subscriberCount = 0

2022-08-24 13:57:56,887 INFO toNotifyTaskSize = 0

2022-08-24 13:57:56,887 INFO toClientNotifyTaskSize = 0

2022-08-24 13:57:56,908 INFO [long-pulling] client count 3

2022-08-24 13:58:06,887 INFO groupCount = 16, subscriberClientCount = 0, subscriberCount = 0

2022-08-24 13:58:06,887 INFO toNotifyTaskSize = 0

2022-08-24 13:58:06,887 INFO toClientNotifyTaskSize = 0

2022-08-24 13:58:06,908 INFO [long-pulling] client count 3

2022-08-24 13:58:16,887 INFO toNotifyTaskSize = 0

2022-08-24 13:58:16,887 INFO toClientNotifyTaskSize = 0

2022-08-24 13:58:16,887 INFO groupCount = 16, subscriberClientCount = 0, subscriberCount = 0

2022-08-24 13:58:16,908 INFO [long-pulling] client count 3

2022-08-24 13:58:26,888 INFO toNotifyTaskSize = 0

2022-08-24 13:58:26,888 INFO toClientNotifyTaskSize = 0

2022-08-24 13:58:26,888 INFO groupCount = 16, subscriberClientCount = 0, subscriberCount = 0

2022-08-24 13:58:26,908 INFO [long-pulling] client count 3

2022-08-24 13:58:36,888 INFO toNotifyTaskSize = 0

2022-08-24 13:58:36,888 INFO toClientNotifyTaskSize = 0

2022-08-24 13:58:36,888 INFO groupCount = 16, subscriberClientCount = 0, subscriberCount = 0

2022-08-24 13:58:36,908 INFO [long-pulling] client count 3

2022-08-24 13:58:46,888 INFO toNotifyTaskSize = 0

2022-08-24 13:58:46,888 INFO toClientNotifyTaskSize = 0

2022-08-24 13:58:46,888 INFO groupCount = 16, subscriberClientCount = 0, subscriberCount = 0

2022-08-24 13:58:46,908 INFO [long-pulling] client count 3

2022-08-24 13:58:56,888 INFO groupCount = 16, subscriberClientCount = 0, subscriberCount = 0

2022-08-24 13:58:56,888 INFO toNotifyTaskSize = 0

2022-08-24 13:58:56,888 INFO toClientNotifyTaskSize = 0

2022-08-24 13:58:56,908 INFO [long-pulling] client count 3

2022-08-24 13:59:06,889 INFO groupCount = 16, subscriberClientCount = 0, subscriberCount = 0

2022-08-24 13:59:06,889 INFO toNotifyTaskSize = 0

2022-08-24 13:59:06,889 INFO toClientNotifyTaskSize = 0

2022-08-24 13:59:06,909 INFO [long-pulling] client count 3

2022-08-24 13:59:16,889 INFO groupCount = 16, subscriberClientCount = 0, subscriberCount = 0

2022-08-24 13:59:16,889 INFO toNotifyTaskSize = 0

2022-08-24 13:59:16,889 INFO toClientNotifyTaskSize = 0

2022-08-24 13:59:16,909 INFO [long-pulling] client count 3

2022-08-24 13:59:26,889 INFO groupCount = 16, subscriberClientCount = 0, subscriberCount = 0

2022-08-24 13:59:26,889 INFO toNotifyTaskSize = 0

2022-08-24 13:59:26,890 INFO toClientNotifyTaskSize = 0

2022-08-24 13:59:26,909 INFO [long-pulling] client count 3

2022-08-24 13:59:36,890 INFO groupCount = 16, subscriberClientCount = 0, subscriberCount = 0

2022-08-24 13:59:36,890 INFO toNotifyTaskSize = 0

2022-08-24 13:59:36,890 INFO toClientNotifyTaskSize = 0

2022-08-24 13:59:36,909 INFO [long-pulling] client count 3

2022-08-24 13:59:46,891 INFO groupCount = 16, subscriberClientCount = 0, subscriberCount = 0

2022-08-24 13:59:46,891 INFO toNotifyTaskSize = 0

2022-08-24 13:59:46,891 INFO toClientNotifyTaskSize = 0

2022-08-24 13:59:46,909 INFO [long-pulling] client count 3

2022-08-24 13:59:56,891 INFO groupCount = 16, subscriberClientCount = 0, subscriberCount = 0

2022-08-24 13:59:56,891 INFO toNotifyTaskSize = 0

2022-08-24 13:59:56,891 INFO toClientNotifyTaskSize = 0

2022-08-24 13:59:56,909 INFO [long-pulling] client count 3

2022-08-24 14:00:06,891 INFO groupCount = 16, subscriberClientCount = 0, subscriberCount = 0

2022-08-24 14:00:06,891 INFO toNotifyTaskSize = 0

2022-08-24 14:00:06,891 INFO toClientNotifyTaskSize = 0

2022-08-24 14:00:06,909 INFO [long-pulling] client count 3

2022-08-24 14:00:16,891 INFO groupCount = 16, subscriberClientCount = 0, subscriberCount = 0

2022-08-24 14:00:16,891 INFO toNotifyTaskSize = 0

2022-08-24 14:00:16,891 INFO toClientNotifyTaskSize = 0

2022-08-24 14:00:16,910 INFO [long-pulling] client count 3

2022-08-24 14:00:26,891 INFO groupCount = 16, subscriberClientCount = 0, subscriberCount = 0

2022-08-24 14:00:26,891 INFO toNotifyTaskSize = 0

2022-08-24 14:00:26,892 INFO toClientNotifyTaskSize = 0

2022-08-24 14:00:26,910 INFO [long-pulling] client count 3

2022-08-24 14:00:36,892 INFO groupCount = 16, subscriberClientCount = 0, subscriberCount = 0

2022-08-24 14:00:36,892 INFO toNotifyTaskSize = 0

2022-08-24 14:00:36,892 INFO toClientNotifyTaskSize = 0

2022-08-24 14:00:36,910 INFO [long-pulling] client count 3

2022-08-24 14:00:46,892 INFO groupCount = 16, subscriberClientCount = 0, subscriberCount = 0

2022-08-24 14:00:46,892 INFO toNotifyTaskSize = 0

2022-08-24 14:00:46,892 INFO toClientNotifyTaskSize = 0

2022-08-24 14:00:46,910 INFO [long-pulling] client count 3

2022-08-24 14:00:56,892 INFO groupCount = 16, subscriberClientCount = 0, subscriberCount = 0

2022-08-24 14:00:56,892 INFO toNotifyTaskSize = 0

2022-08-24 14:00:56,892 INFO toClientNotifyTaskSize = 0

2022-08-24 14:00:56,910 INFO [long-pulling] client count 3

2022-08-24 14:01:06,892 INFO groupCount = 16, subscriberClientCount = 0, subscriberCount = 0

2022-08-24 14:01:06,892 INFO toNotifyTaskSize = 0

2022-08-24 14:01:06,892 INFO toClientNotifyTaskSize = 0

2022-08-24 14:01:06,910 INFO [long-pulling] client count 3

2022-08-24 14:01:16,893 INFO groupCount = 16, subscriberClientCount = 0, subscriberCount = 0

2022-08-24 14:01:16,893 INFO toNotifyTaskSize = 0

2022-08-24 14:01:16,893 INFO toClientNotifyTaskSize = 0

2022-08-24 14:01:16,910 INFO [long-pulling] client count 3

2022-08-24 14:01:26,893 INFO groupCount = 16, subscriberClientCount = 0, subscriberCount = 0

2022-08-24 14:01:26,893 INFO toNotifyTaskSize = 0

2022-08-24 14:01:26,893 INFO toClientNotifyTaskSize = 0

2022-08-24 14:01:26,911 INFO [long-pulling] client count 3

2022-08-24 14:01:36,893 INFO groupCount = 16, subscriberClientCount = 0, subscriberCount = 0

2022-08-24 14:01:36,893 INFO toNotifyTaskSize = 0

2022-08-24 14:01:36,893 INFO toClientNotifyTaskSize = 0

2022-08-24 14:01:36,911 INFO [long-pulling] client count 3

2022-08-24 14:01:46,893 INFO groupCount = 16, subscriberClientCount = 0, subscriberCount = 0

2022-08-24 14:01:46,893 INFO toNotifyTaskSize = 0

2022-08-24 14:01:46,893 INFO toClientNotifyTaskSize = 0

2022-08-24 14:01:46,911 INFO [long-pulling] client count 3

2022-08-24 14:01:56,893 INFO groupCount = 16, subscriberClientCount = 0, subscriberCount = 0

2022-08-24 14:01:56,893 INFO toNotifyTaskSize = 0

2022-08-24 14:01:56,894 INFO toClientNotifyTaskSize = 0

2022-08-24 14:01:56,911 INFO [long-pulling] client count 3

2022-08-24 14:02:06,894 INFO groupCount = 16, subscriberClientCount = 0, subscriberCount = 0

2022-08-24 14:02:06,894 INFO toNotifyTaskSize = 0

2022-08-24 14:02:06,894 INFO toClientNotifyTaskSize = 0

2022-08-24 14:02:06,911 INFO [long-pulling] client count 3

2022-08-24 14:02:16,894 INFO groupCount = 16, subscriberClientCount = 0, subscriberCount = 0

2022-08-24 14:02:16,894 INFO toNotifyTaskSize = 0

2022-08-24 14:02:16,894 INFO toClientNotifyTaskSize = 0

2022-08-24 14:02:16,911 INFO [long-pulling] client count 3

2022-08-24 14:02:26,894 INFO groupCount = 16, subscriberClientCount = 0, subscriberCount = 0

2022-08-24 14:02:26,894 INFO toNotifyTaskSize = 0

2022-08-24 14:02:26,894 INFO toClientNotifyTaskSize = 0

2022-08-24 14:02:26,912 INFO [long-pulling] client count 3

2022-08-24 14:02:36,894 INFO groupCount = 16, subscriberClientCount = 0, subscriberCount = 0

2022-08-24 14:02:36,894 INFO toNotifyTaskSize = 0

2022-08-24 14:02:36,894 INFO toClientNotifyTaskSize = 0

2022-08-24 14:02:36,912 INFO [long-pulling] client count 3

2022-08-24 14:02:46,895 INFO groupCount = 16, subscriberClientCount = 0, subscriberCount = 0

2022-08-24 14:02:46,895 INFO toNotifyTaskSize = 0

2022-08-24 14:02:46,895 INFO toClientNotifyTaskSize = 0

2022-08-24 14:02:46,912 INFO [long-pulling] client count 3

2022-08-24 14:02:56,895 INFO groupCount = 16, subscriberClientCount = 0, subscriberCount = 0

2022-08-24 14:02:56,895 INFO toNotifyTaskSize = 0

2022-08-24 14:02:56,895 INFO toClientNotifyTaskSize = 0

2022-08-24 14:02:56,912 INFO [long-pulling] client count 3

2022-08-24 14:03:06,895 INFO groupCount = 16, subscriberClientCount = 0, subscriberCount = 0

2022-08-24 14:03:06,895 INFO toNotifyTaskSize = 0

2022-08-24 14:03:06,895 INFO toClientNotifyTaskSize = 0

2022-08-24 14:03:06,912 INFO [long-pulling] client count 3

2022-08-24 14:03:16,895 INFO groupCount = 16, subscriberClientCount = 0, subscriberCount = 0

2022-08-24 14:03:16,895 INFO toNotifyTaskSize = 0

2022-08-24 14:03:16,895 INFO toClientNotifyTaskSize = 0

2022-08-24 14:03:16,912 INFO [long-pulling] client count 3

2022-08-24 14:03:26,895 INFO groupCount = 16, subscriberClientCount = 0, subscriberCount = 0

2022-08-24 14:03:26,895 INFO toNotifyTaskSize = 0

2022-08-24 14:03:26,895 INFO toClientNotifyTaskSize = 0

2022-08-24 14:03:26,912 INFO [long-pulling] client count 3

2022-08-24 14:03:36,896 INFO groupCount = 16, subscriberClientCount = 0, subscriberCount = 0

2022-08-24 14:03:36,896 INFO toNotifyTaskSize = 0

2022-08-24 14:03:36,896 INFO toClientNotifyTaskSize = 0

2022-08-24 14:03:36,912 INFO [long-pulling] client count 3

2022-08-24 14:03:46,896 INFO groupCount = 16, subscriberClientCount = 0, subscriberCount = 0

2022-08-24 14:03:46,896 INFO toNotifyTaskSize = 0

2022-08-24 14:03:46,896 INFO toClientNotifyTaskSize = 0

2022-08-24 14:03:46,913 INFO [long-pulling] client count 3

2022-08-24 14:03:56,896 INFO toNotifyTaskSize = 0

2022-08-24 14:03:56,896 INFO toClientNotifyTaskSize = 0

2022-08-24 14:03:56,896 INFO groupCount = 16, subscriberClientCount = 0, subscriberCount = 0

2022-08-24 14:03:56,913 INFO [long-pulling] client count 3

2022-08-24 14:04:06,896 INFO toNotifyTaskSize = 0

2022-08-24 14:04:06,896 INFO toClientNotifyTaskSize = 0

2022-08-24 14:04:06,896 INFO groupCount = 16, subscriberClientCount = 0, subscriberCount = 0

2022-08-24 14:04:06,913 INFO [long-pulling] client count 3

2022-08-24 14:04:16,897 INFO toNotifyTaskSize = 0

2022-08-24 14:04:16,897 INFO groupCount = 16, subscriberClientCount = 0, subscriberCount = 0

2022-08-24 14:04:16,897 INFO toClientNotifyTaskSize = 0

2022-08-24 14:04:16,913 INFO [long-pulling] client count 3

2022-08-24 14:04:26,897 INFO toNotifyTaskSize = 0

2022-08-24 14:04:26,897 INFO groupCount = 16, subscriberClientCount = 0, subscriberCount = 0

2022-08-24 14:04:26,897 INFO toClientNotifyTaskSize = 0

2022-08-24 14:04:26,913 INFO [long-pulling] client count 3

2022-08-24 14:04:36,897 INFO groupCount = 16, subscriberClientCount = 0, subscriberCount = 0

2022-08-24 14:04:36,897 INFO toNotifyTaskSize = 0

2022-08-24 14:04:36,897 INFO toClientNotifyTaskSize = 0

2022-08-24 14:04:36,913 INFO [long-pulling] client count 3

2022-08-24 14:04:46,897 INFO groupCount = 16, subscriberClientCount = 0, subscriberCount = 0

2022-08-24 14:04:46,897 INFO toNotifyTaskSize = 0

2022-08-24 14:04:46,897 INFO toClientNotifyTaskSize = 0

2022-08-24 14:04:46,913 INFO [long-pulling] client count 3

2022-08-24 14:04:56,897 INFO groupCount = 16, subscriberClientCount = 0, subscriberCount = 0

2022-08-24 14:04:56,898 INFO toNotifyTaskSize = 0

2022-08-24 14:04:56,898 INFO toClientNotifyTaskSize = 0

2022-08-24 14:04:56,914 INFO [long-pulling] client count 3

2022-08-24 14:05:06,898 INFO groupCount = 16, subscriberClientCount = 0, subscriberCount = 0

2022-08-24 14:05:06,898 INFO toNotifyTaskSize = 0

2022-08-24 14:05:06,898 INFO toClientNotifyTaskSize = 0

2022-08-24 14:05:06,914 INFO [long-pulling] client count 3

2022-08-24 14:05:16,898 INFO toNotifyTaskSize = 0

2022-08-24 14:05:16,898 INFO toClientNotifyTaskSize = 0

2022-08-24 14:05:16,898 INFO groupCount = 16, subscriberClientCount = 0, subscriberCount = 0

2022-08-24 14:05:16,914 INFO [long-pulling] client count 3

2022-08-24 14:05:26,898 INFO toNotifyTaskSize = 0

2022-08-24 14:05:26,898 INFO toClientNotifyTaskSize = 0

2022-08-24 14:05:26,898 INFO groupCount = 16, subscriberClientCount = 0, subscriberCount = 0

2022-08-24 14:05:26,914 INFO [long-pulling] client count 3

2022-08-24 14:05:36,898 INFO toNotifyTaskSize = 0

2022-08-24 14:05:36,899 INFO toClientNotifyTaskSize = 0

2022-08-24 14:05:36,898 INFO groupCount = 16, subscriberClientCount = 0, subscriberCount = 0

2022-08-24 14:05:36,914 INFO [long-pulling] client count 3

2022-08-24 14:05:46,899 INFO toNotifyTaskSize = 0

2022-08-24 14:05:46,899 INFO toClientNotifyTaskSize = 0

2022-08-24 14:05:46,899 INFO groupCount = 16, subscriberClientCount = 0, subscriberCount = 0

2022-08-24 14:05:46,914 INFO [long-pulling] client count 3

2022-08-24 14:05:56,899 INFO toNotifyTaskSize = 0

2022-08-24 14:05:56,899 INFO toClientNotifyTaskSize = 0

2022-08-24 14:05:56,899 INFO groupCount = 16, subscriberClientCount = 0, subscriberCount = 0

2022-08-24 14:05:56,914 INFO [long-pulling] client count 3

2022-08-24 14:06:06,899 INFO toNotifyTaskSize = 0

2022-08-24 14:06:06,899 INFO groupCount = 16, subscriberClientCount = 0, subscriberCount = 0

2022-08-24 14:06:06,899 INFO toClientNotifyTaskSize = 0

2022-08-24 14:06:06,914 INFO [long-pulling] client count 3

2022-08-24 14:06:16,899 INFO toNotifyTaskSize = 0

2022-08-24 14:06:16,899 INFO groupCount = 16, subscriberClientCount = 0, subscriberCount = 0

2022-08-24 14:06:16,899 INFO toClientNotifyTaskSize = 0

2022-08-24 14:06:16,915 INFO [long-pulling] client count 3

2022-08-24 14:06:26,900 INFO groupCount = 16, subscriberClientCount = 0, subscriberCount = 0

2022-08-24 14:06:26,900 INFO toNotifyTaskSize = 0

2022-08-24 14:06:26,900 INFO toClientNotifyTaskSize = 0

2022-08-24 14:06:26,915 INFO [long-pulling] client count 3

2022-08-24 14:06:36,900 INFO groupCount = 16, subscriberClientCount = 0, subscriberCount = 0

2022-08-24 14:06:36,900 INFO toNotifyTaskSize = 0

2022-08-24 14:06:36,900 INFO toClientNotifyTaskSize = 0

2022-08-24 14:06:36,915 INFO [long-pulling] client count 3

2022-08-24 14:06:46,900 INFO toNotifyTaskSize = 0

2022-08-24 14:06:46,900 INFO toClientNotifyTaskSize = 0

2022-08-24 14:06:46,900 INFO groupCount = 16, subscriberClientCount = 0, subscriberCount = 0

2022-08-24 14:06:46,915 INFO [long-pulling] client count 3

2022-08-24 14:06:56,900 INFO toNotifyTaskSize = 0

2022-08-24 14:06:56,900 INFO toClientNotifyTaskSize = 0

2022-08-24 14:06:56,900 INFO groupCount = 16, subscriberClientCount = 0, subscriberCount = 0

2022-08-24 14:06:56,915 INFO [long-pulling] client count 3

2022-08-24 14:07:06,901 INFO toNotifyTaskSize = 0

2022-08-24 14:07:06,901 INFO toClientNotifyTaskSize = 0

2022-08-24 14:07:06,901 INFO groupCount = 16, subscriberClientCount = 0, subscriberCount = 0

2022-08-24 14:07:06,915 INFO [long-pulling] client count 3

2022-08-24 14:07:16,901 INFO toNotifyTaskSize = 0

2022-08-24 14:07:16,901 INFO toClientNotifyTaskSize = 0

2022-08-24 14:07:16,901 INFO groupCount = 16, subscriberClientCount = 0, subscriberCount = 0

2022-08-24 14:07:16,915 INFO [long-pulling] client count 3

2022-08-24 14:07:26,901 INFO toNotifyTaskSize = 0

2022-08-24 14:07:26,901 INFO toClientNotifyTaskSize = 0

2022-08-24 14:07:26,901 INFO groupCount = 16, subscriberClientCount = 0, subscriberCount = 0

2022-08-24 14:07:26,915 INFO [long-pulling] client count 3

2022-08-24 14:07:36,901 INFO toNotifyTaskSize = 0

2022-08-24 14:07:36,901 INFO groupCount = 16, subscriberClientCount = 0, subscriberCount = 0

2022-08-24 14:07:36,901 INFO toClientNotifyTaskSize = 0

2022-08-24 14:07:36,916 INFO [long-pulling] client count 3

2022-08-24 14:07:46,901 INFO groupCount = 16, subscriberClientCount = 0, subscriberCount = 0

2022-08-24 14:07:46,902 INFO toNotifyTaskSize = 0

2022-08-24 14:07:46,902 INFO toClientNotifyTaskSize = 0

2022-08-24 14:07:46,916 INFO [long-pulling] client count 3

2022-08-24 14:07:56,902 INFO toNotifyTaskSize = 0

2022-08-24 14:07:56,902 INFO toClientNotifyTaskSize = 0

2022-08-24 14:07:56,902 INFO groupCount = 16, subscriberClientCount = 0, subscriberCount = 0

2022-08-24 14:07:56,916 INFO [long-pulling] client count 3

2022-08-24 14:08:06,902 INFO toNotifyTaskSize = 0

2022-08-24 14:08:06,902 INFO toClientNotifyTaskSize = 0

2022-08-24 14:08:06,902 INFO groupCount = 16, subscriberClientCount = 0, subscriberCount = 0

2022-08-24 14:08:06,916 INFO [long-pulling] client count 3

2022-08-24 14:08:16,902 INFO toNotifyTaskSize = 0

2022-08-24 14:08:16,902 INFO toClientNotifyTaskSize = 0

2022-08-24 14:08:16,902 INFO groupCount = 16, subscriberClientCount = 0, subscriberCount = 0

2022-08-24 14:08:16,916 INFO [long-pulling] client count 3

2022-08-24 14:08:26,902 INFO toNotifyTaskSize = 0

2022-08-24 14:08:26,903 INFO toClientNotifyTaskSize = 0

2022-08-24 14:08:26,903 INFO groupCount = 16, subscriberClientCount = 0, subscriberCount = 0

2022-08-24 14:08:26,916 INFO [long-pulling] client count 3

2022-08-24 14:08:36,903 INFO toNotifyTaskSize = 0

2022-08-24 14:08:36,903 INFO toClientNotifyTaskSize = 0

2022-08-24 14:08:36,903 INFO groupCount = 16, subscriberClientCount = 0, subscriberCount = 0

2022-08-24 14:08:36,916 INFO [long-pulling] client count 3

2022-08-24 14:08:46,903 INFO toNotifyTaskSize = 0

2022-08-24 14:08:46,903 INFO toClientNotifyTaskSize = 0

2022-08-24 14:08:46,903 INFO groupCount = 16, subscriberClientCount = 0, subscriberCount = 0

2022-08-24 14:08:46,916 INFO [long-pulling] client count 3

2022-08-24 14:08:56,903 INFO toNotifyTaskSize = 0

2022-08-24 14:08:56,903 INFO groupCount = 16, subscriberClientCount = 0, subscriberCount = 0

2022-08-24 14:08:56,903 INFO toClientNotifyTaskSize = 0

2022-08-24 14:08:56,917 INFO [long-pulling] client count 3

2022-08-24 14:09:06,903 INFO groupCount = 16, subscriberClientCount = 0, subscriberCount = 0

2022-08-24 14:09:06,903 INFO toNotifyTaskSize = 0

2022-08-24 14:09:06,903 INFO toClientNotifyTaskSize = 0

2022-08-24 14:09:06,917 INFO [long-pulling] client count 3

2022-08-24 14:09:16,904 INFO groupCount = 16, subscriberClientCount = 0, subscriberCount = 0

2022-08-24 14:09:16,904 INFO toNotifyTaskSize = 0

2022-08-24 14:09:16,904 INFO toClientNotifyTaskSize = 0

2022-08-24 14:09:16,917 INFO [long-pulling] client count 3

2022-08-24 14:09:26,904 INFO toNotifyTaskSize = 0

2022-08-24 14:09:26,904 INFO toClientNotifyTaskSize = 0

2022-08-24 14:09:26,904 INFO groupCount = 16, subscriberClientCount = 0, subscriberCount = 0

2022-08-24 14:09:26,917 INFO [long-pulling] client count 3

2022-08-24 14:09:36,904 INFO toNotifyTaskSize = 0

2022-08-24 14:09:36,904 INFO toClientNotifyTaskSize = 0

2022-08-24 14:09:36,904 INFO groupCount = 16, subscriberClientCount = 0, subscriberCount = 0

2022-08-24 14:09:36,917 INFO [long-pulling] client count 3

2022-08-24 14:09:46,904 INFO toNotifyTaskSize = 0

2022-08-24 14:09:46,904 INFO groupCount = 16, subscriberClientCount = 0, subscriberCount = 0

2022-08-24 14:09:46,904 INFO toClientNotifyTaskSize = 0

2022-08-24 14:09:46,917 INFO [long-pulling] client count 3

2022-08-24 14:09:56,904 INFO groupCount = 16, subscriberClientCount = 0, subscriberCount = 0

2022-08-24 14:09:56,905 INFO toNotifyTaskSize = 0

2022-08-24 14:09:56,905 INFO toClientNotifyTaskSize = 0

2022-08-24 14:09:56,917 INFO [long-pulling] client count 3

2022-08-24 14:10:06,905 INFO groupCount = 16, subscriberClientCount = 0, subscriberCount = 0

2022-08-24 14:10:06,905 INFO toNotifyTaskSize = 0

2022-08-24 14:10:06,905 INFO toClientNotifyTaskSize = 0

2022-08-24 14:10:06,918 INFO [long-pulling] client count 3

2022-08-24 14:10:16,905 INFO groupCount = 16, subscriberClientCount = 0, subscriberCount = 0

2022-08-24 14:10:16,905 INFO toNotifyTaskSize = 0

2022-08-24 14:10:16,905 INFO toClientNotifyTaskSize = 0

2022-08-24 14:10:16,918 INFO [long-pulling] client count 3

2022-08-24 14:10:26,905 INFO groupCount = 16, subscriberClientCount = 0, subscriberCount = 0

2022-08-24 14:10:26,905 INFO toNotifyTaskSize = 0

2022-08-24 14:10:26,905 INFO toClientNotifyTaskSize = 0

2022-08-24 14:10:26,918 INFO [long-pulling] client count 3

2022-08-24 14:10:36,905 INFO groupCount = 16, subscriberClientCount = 0, subscriberCount = 0

2022-08-24 14:10:36,905 INFO toNotifyTaskSize = 0

2022-08-24 14:10:36,905 INFO toClientNotifyTaskSize = 0

2022-08-24 14:10:36,918 INFO [long-pulling] client count 3

2022-08-24 14:10:46,906 INFO groupCount = 16, subscriberClientCount = 0, subscriberCount = 0

2022-08-24 14:10:46,906 INFO toNotifyTaskSize = 0

2022-08-24 14:10:46,906 INFO toClientNotifyTaskSize = 0

2022-08-24 14:10:46,918 INFO [long-pulling] client count 3

2022-08-24 14:10:56,906 INFO groupCount = 16, subscriberClientCount = 0, subscriberCount = 0

2022-08-24 14:10:56,906 INFO toNotifyTaskSize = 0

2022-08-24 14:10:56,906 INFO toClientNotifyTaskSize = 0

2022-08-24 14:10:56,918 INFO [long-pulling] client count 3

2022-08-24 14:11:06,906 INFO groupCount = 16, subscriberClientCount = 0, subscriberCount = 0

2022-08-24 14:11:06,906 INFO toNotifyTaskSize = 0

2022-08-24 14:11:06,906 INFO toClientNotifyTaskSize = 0

2022-08-24 14:11:06,918 INFO [long-pulling] client count 3

2022-08-24 14:11:16,906 INFO toNotifyTaskSize = 0

2022-08-24 14:11:16,906 INFO groupCount = 16, subscriberClientCount = 0, subscriberCount = 0

2022-08-24 14:11:16,906 INFO toClientNotifyTaskSize = 0

2022-08-24 14:11:16,918 INFO [long-pulling] client count 3

2022-08-24 14:11:26,907 INFO toNotifyTaskSize = 0

2022-08-24 14:11:26,907 INFO toClientNotifyTaskSize = 0

2022-08-24 14:11:26,907 INFO groupCount = 16, subscriberClientCount = 0, subscriberCount = 0

2022-08-24 14:11:26,919 INFO [long-pulling] client count 3

2022-08-24 14:11:36,907 INFO toNotifyTaskSize = 0

2022-08-24 14:11:36,907 INFO toClientNotifyTaskSize = 0

2022-08-24 14:11:36,907 INFO groupCount = 16, subscriberClientCount = 0, subscriberCount = 0

2022-08-24 14:11:36,919 INFO [long-pulling] client count 3

2022-08-24 14:11:46,907 INFO toNotifyTaskSize = 0

2022-08-24 14:11:46,907 INFO toClientNotifyTaskSize = 0

2022-08-24 14:11:46,907 INFO groupCount = 16, subscriberClientCount = 0, subscriberCount = 0

2022-08-24 14:11:46,919 INFO [long-pulling] client count 3

2022-08-24 14:11:56,907 INFO toNotifyTaskSize = 0

2022-08-24 14:11:56,907 INFO toClientNotifyTaskSize = 0

2022-08-24 14:11:56,907 INFO groupCount = 16, subscriberClientCount = 0, subscriberCount = 0

2022-08-24 14:11:56,919 INFO [long-pulling] client count 3

2022-08-24 14:12:06,907 INFO toNotifyTaskSize = 0

2022-08-24 14:12:06,908 INFO toClientNotifyTaskSize = 0

2022-08-24 14:12:06,908 INFO groupCount = 16, subscriberClientCount = 0, subscriberCount = 0

2022-08-24 14:12:06,919 INFO [long-pulling] client count 3

2022-08-24 14:12:16,908 INFO toNotifyTaskSize = 0

2022-08-24 14:12:16,908 INFO toClientNotifyTaskSize = 0

2022-08-24 14:12:16,908 INFO groupCount = 16, subscriberClientCount = 0, subscriberCount = 0

2022-08-24 14:12:16,919 INFO [long-pulling] client count 3

2022-08-24 14:12:26,908 INFO toNotifyTaskSize = 0

2022-08-24 14:12:26,908 INFO toClientNotifyTaskSize = 0

2022-08-24 14:12:26,908 INFO groupCount = 16, subscriberClientCount = 0, subscriberCount = 0

2022-08-24 14:12:26,919 INFO [long-pulling] client count 3

2022-08-24 14:12:36,908 INFO toNotifyTaskSize = 0

2022-08-24 14:12:36,908 INFO toClientNotifyTaskSize = 0

2022-08-24 14:12:36,908 INFO groupCount = 16, subscriberClientCount = 0, subscriberCount = 0

2022-08-24 14:12:36,919 INFO [long-pulling] client count 3

2022-08-24 14:12:46,908 INFO toNotifyTaskSize = 0

2022-08-24 14:12:46,908 INFO toClientNotifyTaskSize = 0

2022-08-24 14:12:46,908 INFO groupCount = 16, subscriberClientCount = 0, subscriberCount = 0

2022-08-24 14:12:46,920 INFO [long-pulling] client count 3

2022-08-24 14:12:56,908 INFO toNotifyTaskSize = 0

2022-08-24 14:12:56,909 INFO toClientNotifyTaskSize = 0

2022-08-24 14:12:56,908 INFO groupCount = 16, subscriberClientCount = 0, subscriberCount = 0

2022-08-24 14:12:56,920 INFO [long-pulling] client count 3

2022-08-24 14:13:06,909 INFO toNotifyTaskSize = 0

2022-08-24 14:13:06,909 INFO toClientNotifyTaskSize = 0

2022-08-24 14:13:06,909 INFO groupCount = 16, subscriberClientCount = 0, subscriberCount = 0

2022-08-24 14:13:06,920 INFO [long-pulling] client count 3

2022-08-24 14:13:16,909 INFO toNotifyTaskSize = 0

2022-08-24 14:13:16,909 INFO toClientNotifyTaskSize = 0

2022-08-24 14:13:16,909 INFO groupCount = 16, subscriberClientCount = 0, subscriberCount = 0

2022-08-24 14:13:16,920 INFO [long-pulling] client count 3

2022-08-24 14:13:26,909 INFO toNotifyTaskSize = 0

2022-08-24 14:13:26,909 INFO toClientNotifyTaskSize = 0

2022-08-24 14:13:26,909 INFO groupCount = 16, subscriberClientCount = 0, subscriberCount = 0

2022-08-24 14:13:26,920 INFO [long-pulling] client count 3

2022-08-24 14:13:36,909 INFO groupCount = 16, subscriberClientCount = 0, subscriberCount = 0

2022-08-24 14:13:36,909 INFO toNotifyTaskSize = 0

2022-08-24 14:13:36,910 INFO toClientNotifyTaskSize = 0

2022-08-24 14:13:36,920 INFO [long-pulling] client count 3

2022-08-24 14:13:46,910 INFO toNotifyTaskSize = 0

2022-08-24 14:13:46,910 INFO toClientNotifyTaskSize = 0

2022-08-24 14:13:46,910 INFO groupCount = 16, subscriberClientCount = 0, subscriberCount = 0

2022-08-24 14:13:46,920 INFO [long-pulling] client count 3

2022-08-24 14:13:56,910 INFO toNotifyTaskSize = 0

2022-08-24 14:13:56,910 INFO toClientNotifyTaskSize = 0

2022-08-24 14:13:56,910 INFO groupCount = 16, subscriberClientCount = 0, subscriberCount = 0

2022-08-24 14:13:56,921 INFO [long-pulling] client count 3

2022-08-24 14:14:06,910 INFO toNotifyTaskSize = 0

2022-08-24 14:14:06,910 INFO toClientNotifyTaskSize = 0

2022-08-24 14:14:06,910 INFO groupCount = 16, subscriberClientCount = 0, subscriberCount = 0

2022-08-24 14:14:06,921 INFO [long-pulling] client count 3

2022-08-24 14:14:16,910 INFO groupCount = 16, subscriberClientCount = 0, subscriberCount = 0

2022-08-24 14:14:16,910 INFO toNotifyTaskSize = 0

2022-08-24 14:14:16,910 INFO toClientNotifyTaskSize = 0

2022-08-24 14:14:16,921 INFO [long-pulling] client count 3

2022-08-24 14:14:26,911 INFO groupCount = 16, subscriberClientCount = 0, subscriberCount = 0

2022-08-24 14:14:26,911 INFO toNotifyTaskSize = 0

2022-08-24 14:14:26,911 INFO toClientNotifyTaskSize = 0

2022-08-24 14:14:26,921 INFO [long-pulling] client count 3

2022-08-24 14:14:36,911 INFO toNotifyTaskSize = 0

2022-08-24 14:14:36,911 INFO toClientNotifyTaskSize = 0

2022-08-24 14:14:36,911 INFO groupCount = 16, subscriberClientCount = 0, subscriberCount = 0

2022-08-24 14:14:36,921 INFO [long-pulling] client count 3

2022-08-24 14:14:46,911 INFO toNotifyTaskSize = 0

2022-08-24 14:14:46,911 INFO toClientNotifyTaskSize = 0

2022-08-24 14:14:46,911 INFO groupCount = 16, subscriberClientCount = 0, subscriberCount = 0

2022-08-24 14:14:46,921 INFO [long-pulling] client count 3

2022-08-24 14:14:56,911 INFO toNotifyTaskSize = 0

2022-08-24 14:14:56,911 INFO toClientNotifyTaskSize = 0

2022-08-24 14:14:56,911 INFO groupCount = 16, subscriberClientCount = 0, subscriberCount = 0

2022-08-24 14:14:56,921 INFO [long-pulling] client count 3

2022-08-24 14:15:06,911 INFO groupCount = 16, subscriberClientCount = 0, subscriberCount = 0

2022-08-24 14:15:06,911 INFO toNotifyTaskSize = 0

2022-08-24 14:15:06,912 INFO toClientNotifyTaskSize = 0

2022-08-24 14:15:06,921 INFO [long-pulling] client count 3

2022-08-24 14:15:16,912 INFO groupCount = 16, subscriberClientCount = 0, subscriberCount = 0

2022-08-24 14:15:16,912 INFO toNotifyTaskSize = 0

2022-08-24 14:15:16,912 INFO toClientNotifyTaskSize = 0

2022-08-24 14:15:16,921 INFO [long-pulling] client count 3

2022-08-24 14:15:26,912 INFO toNotifyTaskSize = 0

2022-08-24 14:15:26,912 INFO toClientNotifyTaskSize = 0

2022-08-24 14:15:26,912 INFO groupCount = 16, subscriberClientCount = 0, subscriberCount = 0

2022-08-24 14:15:26,922 INFO [long-pulling] client count 3

2022-08-24 14:15:36,912 INFO toNotifyTaskSize = 0

2022-08-24 14:15:36,912 INFO toClientNotifyTaskSize = 0

2022-08-24 14:15:36,912 INFO groupCount = 16, subscriberClientCount = 0, subscriberCount = 0

2022-08-24 14:15:36,922 INFO [long-pulling] client count 3

2022-08-24 14:15:46,912 INFO toNotifyTaskSize = 0

2022-08-24 14:15:46,912 INFO toClientNotifyTaskSize = 0

2022-08-24 14:15:46,912 INFO groupCount = 16, subscriberClientCount = 0, subscriberCount = 0

2022-08-24 14:15:46,922 INFO [long-pulling] client count 3

2022-08-24 14:15:56,913 INFO toNotifyTaskSize = 0

2022-08-24 14:15:56,913 INFO groupCount = 16, subscriberClientCount = 0, subscriberCount = 0

2022-08-24 14:15:56,913 INFO toClientNotifyTaskSize = 0

2022-08-24 14:15:56,922 INFO [long-pulling] client count 3

2022-08-24 14:16:06,913 INFO groupCount = 16, subscriberClientCount = 0, subscriberCount = 0

2022-08-24 14:16:06,913 INFO toNotifyTaskSize = 0

2022-08-24 14:16:06,913 INFO toClientNotifyTaskSize = 0

2022-08-24 14:16:06,922 INFO [long-pulling] client count 3

2022-08-24 14:16:16,913 INFO toNotifyTaskSize = 0

2022-08-24 14:16:16,913 INFO groupCount = 16, subscriberClientCount = 0, subscriberCount = 0

2022-08-24 14:16:16,913 INFO toClientNotifyTaskSize = 0

2022-08-24 14:16:16,922 INFO [long-pulling] client count 3

2022-08-24 14:16:26,913 INFO groupCount = 16, subscriberClientCount = 0, subscriberCount = 0

2022-08-24 14:16:26,913 INFO toNotifyTaskSize = 0

2022-08-24 14:16:26,913 INFO toClientNotifyTaskSize = 0

2022-08-24 14:16:26,922 INFO [long-pulling] client count 3

2022-08-24 14:16:36,913 INFO toNotifyTaskSize = 0

2022-08-24 14:16:36,913 INFO groupCount = 16, subscriberClientCount = 0, subscriberCount = 0

2022-08-24 14:16:36,914 INFO toClientNotifyTaskSize = 0

2022-08-24 14:16:36,922 INFO [long-pulling] client count 3

2022-08-24 14:16:46,914 INFO groupCount = 16, subscriberClientCount = 0, subscriberCount = 0

2022-08-24 14:16:46,914 INFO toNotifyTaskSize = 0

2022-08-24 14:16:46,914 INFO toClientNotifyTaskSize = 0

2022-08-24 14:16:46,922 INFO [long-pulling] client count 3

2022-08-24 14:16:56,914 INFO toNotifyTaskSize = 0

2022-08-24 14:16:56,914 INFO toClientNotifyTaskSize = 0

2022-08-24 14:16:56,914 INFO groupCount = 16, subscriberClientCount = 0, subscriberCount = 0

2022-08-24 14:16:56,923 INFO [long-pulling] client count 3

2022-08-24 14:17:06,914 INFO toNotifyTaskSize = 0

2022-08-24 14:17:06,914 INFO toClientNotifyTaskSize = 0

2022-08-24 14:17:06,914 INFO groupCount = 16, subscriberClientCount = 0, subscriberCount = 0

2022-08-24 14:17:06,923 INFO [long-pulling] client count 3

2022-08-24 14:17:16,914 INFO toNotifyTaskSize = 0

2022-08-24 14:17:16,915 INFO toClientNotifyTaskSize = 0

2022-08-24 14:17:16,915 INFO groupCount = 16, subscriberClientCount = 0, subscriberCount = 0

2022-08-24 14:17:16,923 INFO [long-pulling] client count 3

2022-08-24 14:17:26,915 INFO groupCount = 16, subscriberClientCount = 0, subscriberCount = 0

2022-08-24 14:17:26,915 INFO toNotifyTaskSize = 0

2022-08-24 14:17:26,915 INFO toClientNotifyTaskSize = 0

2022-08-24 14:17:26,923 INFO [long-pulling] client count 3

2022-08-24 14:17:36,915 INFO groupCount = 16, subscriberClientCount = 0, subscriberCount = 0

2022-08-24 14:17:36,915 INFO toNotifyTaskSize = 0

2022-08-24 14:17:36,915 INFO toClientNotifyTaskSize = 0

2022-08-24 14:17:36,923 INFO [long-pulling] client count 3

2022-08-24 14:17:46,915 INFO groupCount = 16, subscriberClientCount = 0, subscriberCount = 0

2022-08-24 14:17:46,915 INFO toNotifyTaskSize = 0

2022-08-24 14:17:46,915 INFO toClientNotifyTaskSize = 0

2022-08-24 14:17:46,923 INFO [long-pulling] client count 3

2022-08-24 14:17:56,915 INFO toNotifyTaskSize = 0

2022-08-24 14:17:56,915 INFO toClientNotifyTaskSize = 0

2022-08-24 14:17:56,915 INFO groupCount = 16, subscriberClientCount = 0, subscriberCount = 0

2022-08-24 14:17:56,923 INFO [long-pulling] client count 3

2022-08-24 14:18:06,916 INFO toNotifyTaskSize = 0

2022-08-24 14:18:06,916 INFO toClientNotifyTaskSize = 0

2022-08-24 14:18:06,916 INFO groupCount = 16, subscriberClientCount = 0, subscriberCount = 0

2022-08-24 14:18:06,923 INFO [long-pulling] client count 3

2022-08-24 14:18:16,916 INFO toNotifyTaskSize = 0

2022-08-24 14:18:16,916 INFO toClientNotifyTaskSize = 0

2022-08-24 14:18:16,916 INFO groupCount = 16, subscriberClientCount = 0, subscriberCount = 0

2022-08-24 14:18:16,924 INFO [long-pulling] client count 3

2022-08-24 14:18:26,916 INFO toNotifyTaskSize = 0

2022-08-24 14:18:26,916 INFO groupCount = 16, subscriberClientCount = 0, subscriberCount = 0

2022-08-24 14:18:26,916 INFO toClientNotifyTaskSize = 0

2022-08-24 14:18:26,924 INFO [long-pulling] client count 3

2022-08-24 14:18:36,916 INFO groupCount = 16, subscriberClientCount = 0, subscriberCount = 0

2022-08-24 14:18:36,916 INFO toNotifyTaskSize = 0

2022-08-24 14:18:36,916 INFO toClientNotifyTaskSize = 0

2022-08-24 14:18:36,924 INFO [long-pulling] client count 3

2022-08-24 14:18:46,917 INFO toNotifyTaskSize = 0

2022-08-24 14:18:46,917 INFO toClientNotifyTaskSize = 0

2022-08-24 14:18:46,917 INFO groupCount = 16, subscriberClientCount = 0, subscriberCount = 0

2022-08-24 14:18:46,924 INFO [long-pulling] client count 3

2022-08-24 14:18:56,917 INFO toNotifyTaskSize = 0

2022-08-24 14:18:56,917 INFO toClientNotifyTaskSize = 0

2022-08-24 14:18:56,917 INFO groupCount = 16, subscriberClientCount = 0, subscriberCount = 0

2022-08-24 14:18:56,924 INFO [long-pulling] client count 3

2022-08-24 14:19:06,917 INFO toNotifyTaskSize = 0

2022-08-24 14:19:06,917 INFO toClientNotifyTaskSize = 0

2022-08-24 14:19:06,917 INFO groupCount = 16, subscriberClientCount = 0, subscriberCount = 0

2022-08-24 14:19:06,924 INFO [long-pulling] client count 3

2022-08-24 14:19:16,917 INFO toNotifyTaskSize = 0

2022-08-24 14:19:16,917 INFO toClientNotifyTaskSize = 0

2022-08-24 14:19:16,917 INFO groupCount = 16, subscriberClientCount = 0, subscriberCount = 0

2022-08-24 14:19:16,924 INFO [long-pulling] client count 3

2022-08-24 14:19:26,917 INFO toNotifyTaskSize = 0

2022-08-24 14:19:26,917 INFO groupCount = 16, subscriberClientCount = 0, subscriberCount = 0

2022-08-24 14:19:26,918 INFO toClientNotifyTaskSize = 0

2022-08-24 14:19:26,924 INFO [long-pulling] client count 3

2022-08-24 14:19:36,918 INFO toNotifyTaskSize = 0

2022-08-24 14:19:36,918 INFO toClientNotifyTaskSize = 0

2022-08-24 14:19:36,918 INFO groupCount = 16, subscriberClientCount = 0, subscriberCount = 0

2022-08-24 14:19:36,924 INFO [long-pulling] client count 3

2022-08-24 14:19:46,918 INFO toNotifyTaskSize = 0

2022-08-24 14:19:46,918 INFO toClientNotifyTaskSize = 0

2022-08-24 14:19:46,918 INFO groupCount = 16, subscriberClientCount = 0, subscriberCount = 0

2022-08-24 14:19:46,925 INFO [long-pulling] client count 3

2022-08-24 14:19:56,918 INFO toNotifyTaskSize = 0

2022-08-24 14:19:56,918 INFO toClientNotifyTaskSize = 0

2022-08-24 14:19:56,918 INFO groupCount = 16, subscriberClientCount = 0, subscriberCount = 0

2022-08-24 14:19:56,925 INFO [long-pulling] client count 3

2022-08-24 14:20:06,919 INFO toNotifyTaskSize = 0

2022-08-24 14:20:06,919 INFO toClientNotifyTaskSize = 0

2022-08-24 14:20:06,919 INFO groupCount = 16, subscriberClientCount = 0, subscriberCount = 0

2022-08-24 14:20:06,925 INFO [long-pulling] client count 3

2022-08-24 14:20:16,919 INFO toNotifyTaskSize = 0

2022-08-24 14:20:16,919 INFO toClientNotifyTaskSize = 0

2022-08-24 14:20:16,919 INFO groupCount = 16, subscriberClientCount = 0, subscriberCount = 0

2022-08-24 14:20:16,925 INFO [long-pulling] client count 3

