2022-08-24 13:16:22,647 INFO [ClientConnectionEventListenerRegistry] registry listener - ConnectionBasedClientManager

2022-08-24 13:16:22,896 INFO Init loader limit rule from local,rule=

2022-08-24 13:16:22,981 INFO [ClientConnectionEventListenerRegistry] registry listener - ConfigConnectionEventListener

2022-08-24 13:16:23,028 INFO [ClientConnectionEventListenerRegistry] registry listener - RpcAckCallbackInitorOrCleaner

2022-08-24 13:16:23,361 INFO Nacos GrpcSdkServer Rpc server starting at port 9848

2022-08-24 13:16:23,984 INFO Nacos GrpcSdkServer Rpc server started at port 9848

2022-08-24 13:16:23,986 INFO Nacos GrpcClusterServer Rpc server starting at port 9849

2022-08-24 13:16:23,991 INFO Nacos GrpcClusterServer Rpc server started at port 9849

2022-08-24 13:18:42,374 INFO Nacos GrpcSdkServer Rpc server stopping

2022-08-24 13:18:42,381 INFO Nacos GrpcClusterServer Rpc server stopping

2022-08-24 13:18:42,390 INFO Nacos GrpcSdkServer Rpc server stopped successfully...

2022-08-24 13:18:42,391 INFO Nacos GrpcClusterServer Rpc server stopped successfully...

2022-08-24 13:19:16,638 INFO [ClientConnectionEventListenerRegistry] registry listener - ConnectionBasedClientManager

2022-08-24 13:19:16,913 INFO Init loader limit rule from local,rule=

2022-08-24 13:19:16,994 INFO [ClientConnectionEventListenerRegistry] registry listener - ConfigConnectionEventListener

2022-08-24 13:19:17,028 INFO [ClientConnectionEventListenerRegistry] registry listener - RpcAckCallbackInitorOrCleaner

2022-08-24 13:19:17,306 INFO Nacos GrpcSdkServer Rpc server starting at port 9848

2022-08-24 13:19:17,825 INFO Nacos GrpcSdkServer Rpc server started at port 9848

2022-08-24 13:19:17,827 INFO Nacos GrpcClusterServer Rpc server starting at port 9849

2022-08-24 13:19:17,829 INFO Nacos GrpcClusterServer Rpc server started at port 9849

