2022-08-24 13:16:22,978 INFO Register tps control,pointName=CONFIG_PUSH_COUNT, point=com.alibaba.nacos.core.remote.control.TpsMonitorPoint@31c7528f 

2022-08-24 13:16:22,978 INFO Load rule from local,pointName=CONFIG_PUSH_COUNT, ruleContent= 

2022-08-24 13:16:22,978 INFO Apply tps control rule parse start,pointName=[CONFIG_PUSH_COUNT]  

2022-08-24 13:16:22,978 INFO Clear point  control rule ,pointName=[CONFIG_PUSH_COUNT]  

2022-08-24 13:16:22,978 INFO Clear point  control rule for monitorKeys, pointName=[CONFIG_PUSH_COUNT]  

2022-08-24 13:16:22,978 INFO Register tps control,pointName=CONFIG_PUSH_SUCCESS, point=com.alibaba.nacos.core.remote.control.TpsMonitorPoint@2b76ff4e 

2022-08-24 13:16:22,979 INFO Load rule from local,pointName=CONFIG_PUSH_SUCCESS, ruleContent= 

2022-08-24 13:16:22,980 INFO Apply tps control rule parse start,pointName=[CONFIG_PUSH_SUCCESS]  

2022-08-24 13:16:22,980 INFO Clear point  control rule ,pointName=[CONFIG_PUSH_SUCCESS]  

2022-08-24 13:16:22,980 INFO Clear point  control rule for monitorKeys, pointName=[CONFIG_PUSH_SUCCESS]  

2022-08-24 13:16:22,980 INFO Register tps control,pointName=CONFIG_PUSH_FAIL, point=com.alibaba.nacos.core.remote.control.TpsMonitorPoint@7a1234bf 

2022-08-24 13:16:22,980 INFO Load rule from local,pointName=CONFIG_PUSH_FAIL, ruleContent= 

2022-08-24 13:16:22,980 INFO Apply tps control rule parse start,pointName=[CONFIG_PUSH_FAIL]  

2022-08-24 13:16:22,980 INFO Clear point  control rule ,pointName=[CONFIG_PUSH_FAIL]  

2022-08-24 13:16:22,980 INFO Clear point  control rule for monitorKeys, pointName=[CONFIG_PUSH_FAIL]  

2022-08-24 13:16:23,022 INFO Load rule from local,pointName=CONFIG_PUSH_COUNT, ruleContent= 

2022-08-24 13:16:23,023 INFO Apply tps control rule parse start,pointName=[CONFIG_PUSH_COUNT]  

2022-08-24 13:16:23,023 INFO Clear point  control rule ,pointName=[CONFIG_PUSH_COUNT]  

2022-08-24 13:16:23,023 INFO Clear point  control rule for monitorKeys, pointName=[CONFIG_PUSH_COUNT]  

2022-08-24 13:16:23,023 INFO Load rule from local,pointName=CONFIG_PUSH_SUCCESS, ruleContent= 

2022-08-24 13:16:23,023 INFO Apply tps control rule parse start,pointName=[CONFIG_PUSH_SUCCESS]  

2022-08-24 13:16:23,023 INFO Clear point  control rule ,pointName=[CONFIG_PUSH_SUCCESS]  

2022-08-24 13:16:23,023 INFO Clear point  control rule for monitorKeys, pointName=[CONFIG_PUSH_SUCCESS]  

2022-08-24 13:16:23,023 INFO Load rule from local,pointName=CONFIG_PUSH_FAIL, ruleContent= 

2022-08-24 13:16:23,023 INFO Apply tps control rule parse start,pointName=[CONFIG_PUSH_FAIL]  

2022-08-24 13:16:23,023 INFO Clear point  control rule ,pointName=[CONFIG_PUSH_FAIL]  

2022-08-24 13:16:23,023 INFO Clear point  control rule for monitorKeys, pointName=[CONFIG_PUSH_FAIL]  

2022-08-24 13:16:26,517 INFO Register tps control,pointName=ConfigQuery, point=com.alibaba.nacos.core.remote.control.TpsMonitorPoint@64bc21ac 

2022-08-24 13:16:26,517 INFO Load rule from local,pointName=ConfigQuery, ruleContent= 

2022-08-24 13:16:26,518 INFO Apply tps control rule parse start,pointName=[ConfigQuery]  

2022-08-24 13:16:26,518 INFO Clear point  control rule ,pointName=[ConfigQuery]  

2022-08-24 13:16:26,518 INFO Clear point  control rule for monitorKeys, pointName=[ConfigQuery]  

2022-08-24 13:16:26,518 INFO Register tps control,pointName=ClusterConfigChangeNotify, point=com.alibaba.nacos.core.remote.control.TpsMonitorPoint@493dfb8e 

2022-08-24 13:16:26,518 INFO Load rule from local,pointName=ClusterConfigChangeNotify, ruleContent= 

2022-08-24 13:16:26,518 INFO Apply tps control rule parse start,pointName=[ClusterConfigChangeNotify]  

2022-08-24 13:16:26,518 INFO Clear point  control rule ,pointName=[ClusterConfigChangeNotify]  

2022-08-24 13:16:26,518 INFO Clear point  control rule for monitorKeys, pointName=[ClusterConfigChangeNotify]  

2022-08-24 13:16:26,518 INFO Register tps control,pointName=ConfigListen, point=com.alibaba.nacos.core.remote.control.TpsMonitorPoint@5d25e6bb 

2022-08-24 13:16:26,518 INFO Load rule from local,pointName=ConfigListen, ruleContent= 

2022-08-24 13:16:26,518 INFO Apply tps control rule parse start,pointName=[ConfigListen]  

2022-08-24 13:16:26,518 INFO Clear point  control rule ,pointName=[ConfigListen]  

2022-08-24 13:16:26,518 INFO Clear point  control rule for monitorKeys, pointName=[ConfigListen]  

2022-08-24 13:16:26,519 INFO Register tps control,pointName=ConfigRemove, point=com.alibaba.nacos.core.remote.control.TpsMonitorPoint@9d157ff 

2022-08-24 13:16:26,519 INFO Load rule from local,pointName=ConfigRemove, ruleContent= 

2022-08-24 13:16:26,519 INFO Apply tps control rule parse start,pointName=[ConfigRemove]  

2022-08-24 13:16:26,519 INFO Clear point  control rule ,pointName=[ConfigRemove]  

2022-08-24 13:16:26,519 INFO Clear point  control rule for monitorKeys, pointName=[ConfigRemove]  

2022-08-24 13:16:26,519 INFO Register tps control,pointName=ConfigPublish, point=com.alibaba.nacos.core.remote.control.TpsMonitorPoint@2f162cc0 

2022-08-24 13:16:26,519 INFO Load rule from local,pointName=ConfigPublish, ruleContent= 

2022-08-24 13:16:26,519 INFO Apply tps control rule parse start,pointName=[ConfigPublish]  

2022-08-24 13:16:26,519 INFO Clear point  control rule ,pointName=[ConfigPublish]  

2022-08-24 13:16:26,519 INFO Clear point  control rule for monitorKeys, pointName=[ConfigPublish]  

2022-08-24 13:16:26,519 INFO Register tps control,pointName=HealthCheck, point=com.alibaba.nacos.core.remote.control.TpsMonitorPoint@5df417a7 

2022-08-24 13:16:26,520 INFO Load rule from local,pointName=HealthCheck, ruleContent= 

2022-08-24 13:16:26,520 INFO Apply tps control rule parse start,pointName=[HealthCheck]  

2022-08-24 13:16:26,520 INFO Clear point  control rule ,pointName=[HealthCheck]  

2022-08-24 13:16:26,520 INFO Clear point  control rule for monitorKeys, pointName=[HealthCheck]  

2022-08-24 13:16:26,531 INFO Load rule from local,pointName=ConfigQuery, ruleContent= 

2022-08-24 13:16:26,531 INFO Apply tps control rule parse start,pointName=[ConfigQuery]  

2022-08-24 13:16:26,531 INFO Clear point  control rule ,pointName=[ConfigQuery]  

2022-08-24 13:16:26,531 INFO Clear point  control rule for monitorKeys, pointName=[ConfigQuery]  

2022-08-24 13:16:26,531 INFO Load rule from local,pointName=ClusterConfigChangeNotify, ruleContent= 

2022-08-24 13:16:26,531 INFO Apply tps control rule parse start,pointName=[ClusterConfigChangeNotify]  

2022-08-24 13:16:26,531 INFO Clear point  control rule ,pointName=[ClusterConfigChangeNotify]  

2022-08-24 13:16:26,531 INFO Clear point  control rule for monitorKeys, pointName=[ClusterConfigChangeNotify]  

2022-08-24 13:16:26,531 INFO Load rule from local,pointName=ConfigListen, ruleContent= 

2022-08-24 13:16:26,531 INFO Apply tps control rule parse start,pointName=[ConfigListen]  

2022-08-24 13:16:26,531 INFO Clear point  control rule ,pointName=[ConfigListen]  

2022-08-24 13:16:26,531 INFO Clear point  control rule for monitorKeys, pointName=[ConfigListen]  

2022-08-24 13:16:26,532 INFO Load rule from local,pointName=ConfigRemove, ruleContent= 

2022-08-24 13:16:26,532 INFO Apply tps control rule parse start,pointName=[ConfigRemove]  

2022-08-24 13:16:26,532 INFO Clear point  control rule ,pointName=[ConfigRemove]  

2022-08-24 13:16:26,532 INFO Clear point  control rule for monitorKeys, pointName=[ConfigRemove]  

2022-08-24 13:16:26,532 INFO Load rule from local,pointName=ConfigPublish, ruleContent= 

2022-08-24 13:16:26,532 INFO Apply tps control rule parse start,pointName=[ConfigPublish]  

2022-08-24 13:16:26,532 INFO Clear point  control rule ,pointName=[ConfigPublish]  

2022-08-24 13:16:26,532 INFO Clear point  control rule for monitorKeys, pointName=[ConfigPublish]  

2022-08-24 13:16:26,532 INFO Load rule from local,pointName=HealthCheck, ruleContent= 

2022-08-24 13:16:26,532 INFO Apply tps control rule parse start,pointName=[HealthCheck]  

2022-08-24 13:16:26,532 INFO Clear point  control rule ,pointName=[HealthCheck]  

2022-08-24 13:16:26,532 INFO Clear point  control rule for monitorKeys, pointName=[HealthCheck]  

2022-08-24 13:16:47,392 INFO Register tps control,pointName=NAMING_RPC_PUSH, point=com.alibaba.nacos.core.remote.control.TpsMonitorPoint@67ad0487 

2022-08-24 13:16:47,392 INFO Load rule from local,pointName=NAMING_RPC_PUSH, ruleContent= 

2022-08-24 13:16:47,392 INFO Apply tps control rule parse start,pointName=[NAMING_RPC_PUSH]  

2022-08-24 13:16:47,392 INFO Clear point  control rule ,pointName=[NAMING_RPC_PUSH]  

2022-08-24 13:16:47,392 INFO Clear point  control rule for monitorKeys, pointName=[NAMING_RPC_PUSH]  

2022-08-24 13:16:47,392 INFO Register tps control,pointName=NAMING_RPC_PUSH_SUCCESS, point=com.alibaba.nacos.core.remote.control.TpsMonitorPoint@4abf0ab6 

2022-08-24 13:16:47,392 INFO Load rule from local,pointName=NAMING_RPC_PUSH_SUCCESS, ruleContent= 

2022-08-24 13:16:47,392 INFO Apply tps control rule parse start,pointName=[NAMING_RPC_PUSH_SUCCESS]  

2022-08-24 13:16:47,392 INFO Clear point  control rule ,pointName=[NAMING_RPC_PUSH_SUCCESS]  

2022-08-24 13:16:47,392 INFO Clear point  control rule for monitorKeys, pointName=[NAMING_RPC_PUSH_SUCCESS]  

2022-08-24 13:16:47,393 INFO Register tps control,pointName=NAMING_RPC_PUSH_FAIL, point=com.alibaba.nacos.core.remote.control.TpsMonitorPoint@6d0501bf 

2022-08-24 13:16:47,393 INFO Load rule from local,pointName=NAMING_RPC_PUSH_FAIL, ruleContent= 

2022-08-24 13:16:47,393 INFO Apply tps control rule parse start,pointName=[NAMING_RPC_PUSH_FAIL]  

2022-08-24 13:16:47,393 INFO Clear point  control rule ,pointName=[NAMING_RPC_PUSH_FAIL]  

2022-08-24 13:16:47,393 INFO Clear point  control rule for monitorKeys, pointName=[NAMING_RPC_PUSH_FAIL]  

2022-08-24 13:16:47,393 INFO Register tps control,pointName=NAMING_UDP_PUSH, point=com.alibaba.nacos.core.remote.control.TpsMonitorPoint@732fd0ff 

2022-08-24 13:16:47,393 INFO Load rule from local,pointName=NAMING_UDP_PUSH, ruleContent= 

2022-08-24 13:16:47,393 INFO Apply tps control rule parse start,pointName=[NAMING_UDP_PUSH]  

2022-08-24 13:16:47,393 INFO Clear point  control rule ,pointName=[NAMING_UDP_PUSH]  

2022-08-24 13:16:47,393 INFO Clear point  control rule for monitorKeys, pointName=[NAMING_UDP_PUSH]  

2022-08-24 13:16:47,393 INFO Register tps control,pointName=NAMING_UDP_PUSH_SUCCESS, point=com.alibaba.nacos.core.remote.control.TpsMonitorPoint@7ca96b21 

2022-08-24 13:16:47,393 INFO Load rule from local,pointName=NAMING_UDP_PUSH_SUCCESS, ruleContent= 

2022-08-24 13:16:47,393 INFO Apply tps control rule parse start,pointName=[NAMING_UDP_PUSH_SUCCESS]  

2022-08-24 13:16:47,393 INFO Clear point  control rule ,pointName=[NAMING_UDP_PUSH_SUCCESS]  

2022-08-24 13:16:47,393 INFO Clear point  control rule for monitorKeys, pointName=[NAMING_UDP_PUSH_SUCCESS]  

2022-08-24 13:16:47,393 INFO Register tps control,pointName=NAMING_UDP_PUSH_FAIL, point=com.alibaba.nacos.core.remote.control.TpsMonitorPoint@4ef134b8 

2022-08-24 13:16:47,394 INFO Load rule from local,pointName=NAMING_UDP_PUSH_FAIL, ruleContent= 

2022-08-24 13:16:47,394 INFO Apply tps control rule parse start,pointName=[NAMING_UDP_PUSH_FAIL]  

2022-08-24 13:16:47,394 INFO Clear point  control rule ,pointName=[NAMING_UDP_PUSH_FAIL]  

2022-08-24 13:16:47,394 INFO Clear point  control rule for monitorKeys, pointName=[NAMING_UDP_PUSH_FAIL]  

2022-08-24 13:16:47,394 INFO Register tps control,pointName=NAMING_DISTRO_SYNC, point=com.alibaba.nacos.core.remote.control.TpsMonitorPoint@b3cdc20 

2022-08-24 13:16:47,394 INFO Load rule from local,pointName=NAMING_DISTRO_SYNC, ruleContent= 

2022-08-24 13:16:47,394 INFO Apply tps control rule parse start,pointName=[NAMING_DISTRO_SYNC]  

2022-08-24 13:16:47,394 INFO Clear point  control rule ,pointName=[NAMING_DISTRO_SYNC]  

2022-08-24 13:16:47,394 INFO Clear point  control rule for monitorKeys, pointName=[NAMING_DISTRO_SYNC]  

2022-08-24 13:16:47,394 INFO Register tps control,pointName=NAMING_DISTRO_SYNC_SUCCESS, point=com.alibaba.nacos.core.remote.control.TpsMonitorPoint@6995d90 

2022-08-24 13:16:47,394 INFO Load rule from local,pointName=NAMING_DISTRO_SYNC_SUCCESS, ruleContent= 

2022-08-24 13:16:47,394 INFO Apply tps control rule parse start,pointName=[NAMING_DISTRO_SYNC_SUCCESS]  

2022-08-24 13:16:47,394 INFO Clear point  control rule ,pointName=[NAMING_DISTRO_SYNC_SUCCESS]  

2022-08-24 13:16:47,394 INFO Clear point  control rule for monitorKeys, pointName=[NAMING_DISTRO_SYNC_SUCCESS]  

2022-08-24 13:16:47,394 INFO Register tps control,pointName=NAMING_DISTRO_SYNC_FAIL, point=com.alibaba.nacos.core.remote.control.TpsMonitorPoint@315ece01 

2022-08-24 13:16:47,394 INFO Load rule from local,pointName=NAMING_DISTRO_SYNC_FAIL, ruleContent= 

2022-08-24 13:16:47,394 INFO Apply tps control rule parse start,pointName=[NAMING_DISTRO_SYNC_FAIL]  

2022-08-24 13:16:47,394 INFO Clear point  control rule ,pointName=[NAMING_DISTRO_SYNC_FAIL]  

2022-08-24 13:16:47,394 INFO Clear point  control rule for monitorKeys, pointName=[NAMING_DISTRO_SYNC_FAIL]  

2022-08-24 13:16:47,394 INFO Register tps control,pointName=NAMING_DISTRO_VERIFY, point=com.alibaba.nacos.core.remote.control.TpsMonitorPoint@764d6866 

2022-08-24 13:16:47,395 INFO Load rule from local,pointName=NAMING_DISTRO_VERIFY, ruleContent= 

2022-08-24 13:16:47,395 INFO Apply tps control rule parse start,pointName=[NAMING_DISTRO_VERIFY]  

2022-08-24 13:16:47,395 INFO Clear point  control rule ,pointName=[NAMING_DISTRO_VERIFY]  

2022-08-24 13:16:47,395 INFO Clear point  control rule for monitorKeys, pointName=[NAMING_DISTRO_VERIFY]  

2022-08-24 13:16:47,395 INFO Register tps control,pointName=NAMING_DISTRO_VERIFY_SUCCESS, point=com.alibaba.nacos.core.remote.control.TpsMonitorPoint@1b7d6753 

2022-08-24 13:16:47,395 INFO Load rule from local,pointName=NAMING_DISTRO_VERIFY_SUCCESS, ruleContent= 

2022-08-24 13:16:47,395 INFO Apply tps control rule parse start,pointName=[NAMING_DISTRO_VERIFY_SUCCESS]  

2022-08-24 13:16:47,395 INFO Clear point  control rule ,pointName=[NAMING_DISTRO_VERIFY_SUCCESS]  

2022-08-24 13:16:47,395 INFO Clear point  control rule for monitorKeys, pointName=[NAMING_DISTRO_VERIFY_SUCCESS]  

2022-08-24 13:16:47,395 INFO Register tps control,pointName=NAMING_DISTRO_VERIFY_FAIL, point=com.alibaba.nacos.core.remote.control.TpsMonitorPoint@57c4dc71 

2022-08-24 13:16:47,395 INFO Load rule from local,pointName=NAMING_DISTRO_VERIFY_FAIL, ruleContent= 

2022-08-24 13:16:47,395 INFO Apply tps control rule parse start,pointName=[NAMING_DISTRO_VERIFY_FAIL]  

2022-08-24 13:16:47,395 INFO Clear point  control rule ,pointName=[NAMING_DISTRO_VERIFY_FAIL]  

2022-08-24 13:16:47,395 INFO Clear point  control rule for monitorKeys, pointName=[NAMING_DISTRO_VERIFY_FAIL]  

2022-08-24 13:16:47,396 INFO Load rule from local,pointName=NAMING_RPC_PUSH, ruleContent= 

2022-08-24 13:16:47,396 INFO Apply tps control rule parse start,pointName=[NAMING_RPC_PUSH]  

2022-08-24 13:16:47,397 INFO Clear point  control rule ,pointName=[NAMING_RPC_PUSH]  

2022-08-24 13:16:47,397 INFO Clear point  control rule for monitorKeys, pointName=[NAMING_RPC_PUSH]  

2022-08-24 13:16:47,397 INFO Load rule from local,pointName=NAMING_RPC_PUSH_SUCCESS, ruleContent= 

2022-08-24 13:16:47,397 INFO Apply tps control rule parse start,pointName=[NAMING_RPC_PUSH_SUCCESS]  

2022-08-24 13:16:47,397 INFO Clear point  control rule ,pointName=[NAMING_RPC_PUSH_SUCCESS]  

2022-08-24 13:16:47,397 INFO Clear point  control rule for monitorKeys, pointName=[NAMING_RPC_PUSH_SUCCESS]  

2022-08-24 13:16:47,397 INFO Load rule from local,pointName=NAMING_RPC_PUSH_FAIL, ruleContent= 

2022-08-24 13:16:47,397 INFO Apply tps control rule parse start,pointName=[NAMING_RPC_PUSH_FAIL]  

2022-08-24 13:16:47,397 INFO Clear point  control rule ,pointName=[NAMING_RPC_PUSH_FAIL]  

2022-08-24 13:16:47,397 INFO Clear point  control rule for monitorKeys, pointName=[NAMING_RPC_PUSH_FAIL]  

2022-08-24 13:16:47,397 INFO Load rule from local,pointName=NAMING_UDP_PUSH, ruleContent= 

2022-08-24 13:16:47,397 INFO Apply tps control rule parse start,pointName=[NAMING_UDP_PUSH]  

2022-08-24 13:16:47,397 INFO Clear point  control rule ,pointName=[NAMING_UDP_PUSH]  

2022-08-24 13:16:47,397 INFO Clear point  control rule for monitorKeys, pointName=[NAMING_UDP_PUSH]  

2022-08-24 13:16:47,397 INFO Load rule from local,pointName=NAMING_UDP_PUSH_SUCCESS, ruleContent= 

2022-08-24 13:16:47,397 INFO Apply tps control rule parse start,pointName=[NAMING_UDP_PUSH_SUCCESS]  

2022-08-24 13:16:47,397 INFO Clear point  control rule ,pointName=[NAMING_UDP_PUSH_SUCCESS]  

2022-08-24 13:16:47,397 INFO Clear point  control rule for monitorKeys, pointName=[NAMING_UDP_PUSH_SUCCESS]  

2022-08-24 13:16:47,398 INFO Load rule from local,pointName=NAMING_UDP_PUSH_FAIL, ruleContent= 

2022-08-24 13:16:47,398 INFO Apply tps control rule parse start,pointName=[NAMING_UDP_PUSH_FAIL]  

2022-08-24 13:16:47,398 INFO Clear point  control rule ,pointName=[NAMING_UDP_PUSH_FAIL]  

2022-08-24 13:16:47,398 INFO Clear point  control rule for monitorKeys, pointName=[NAMING_UDP_PUSH_FAIL]  

2022-08-24 13:16:47,398 INFO Load rule from local,pointName=NAMING_DISTRO_SYNC, ruleContent= 

2022-08-24 13:16:47,398 INFO Apply tps control rule parse start,pointName=[NAMING_DISTRO_SYNC]  

2022-08-24 13:16:47,398 INFO Clear point  control rule ,pointName=[NAMING_DISTRO_SYNC]  

2022-08-24 13:16:47,398 INFO Clear point  control rule for monitorKeys, pointName=[NAMING_DISTRO_SYNC]  

2022-08-24 13:16:47,398 INFO Load rule from local,pointName=NAMING_DISTRO_SYNC_SUCCESS, ruleContent= 

2022-08-24 13:16:47,398 INFO Apply tps control rule parse start,pointName=[NAMING_DISTRO_SYNC_SUCCESS]  

2022-08-24 13:16:47,399 INFO Clear point  control rule ,pointName=[NAMING_DISTRO_SYNC_SUCCESS]  

2022-08-24 13:16:47,399 INFO Clear point  control rule for monitorKeys, pointName=[NAMING_DISTRO_SYNC_SUCCESS]  

2022-08-24 13:16:47,399 INFO Load rule from local,pointName=NAMING_DISTRO_SYNC_FAIL, ruleContent= 

2022-08-24 13:16:47,399 INFO Apply tps control rule parse start,pointName=[NAMING_DISTRO_SYNC_FAIL]  

2022-08-24 13:16:47,399 INFO Clear point  control rule ,pointName=[NAMING_DISTRO_SYNC_FAIL]  

2022-08-24 13:16:47,399 INFO Clear point  control rule for monitorKeys, pointName=[NAMING_DISTRO_SYNC_FAIL]  

2022-08-24 13:16:47,399 INFO Load rule from local,pointName=NAMING_DISTRO_VERIFY, ruleContent= 

2022-08-24 13:16:47,399 INFO Apply tps control rule parse start,pointName=[NAMING_DISTRO_VERIFY]  

2022-08-24 13:16:47,399 INFO Clear point  control rule ,pointName=[NAMING_DISTRO_VERIFY]  

2022-08-24 13:16:47,399 INFO Clear point  control rule for monitorKeys, pointName=[NAMING_DISTRO_VERIFY]  

2022-08-24 13:16:47,399 INFO Load rule from local,pointName=NAMING_DISTRO_VERIFY_SUCCESS, ruleContent= 

2022-08-24 13:16:47,399 INFO Apply tps control rule parse start,pointName=[NAMING_DISTRO_VERIFY_SUCCESS]  

2022-08-24 13:16:47,399 INFO Clear point  control rule ,pointName=[NAMING_DISTRO_VERIFY_SUCCESS]  

2022-08-24 13:16:47,399 INFO Clear point  control rule for monitorKeys, pointName=[NAMING_DISTRO_VERIFY_SUCCESS]  

2022-08-24 13:16:47,399 INFO Load rule from local,pointName=NAMING_DISTRO_VERIFY_FAIL, ruleContent= 

2022-08-24 13:16:47,399 INFO Apply tps control rule parse start,pointName=[NAMING_DISTRO_VERIFY_FAIL]  

2022-08-24 13:16:47,399 INFO Clear point  control rule ,pointName=[NAMING_DISTRO_VERIFY_FAIL]  

2022-08-24 13:16:47,399 INFO Clear point  control rule for monitorKeys, pointName=[NAMING_DISTRO_VERIFY_FAIL]  

2022-08-24 13:19:16,991 INFO Register tps control,pointName=CONFIG_PUSH_COUNT, point=com.alibaba.nacos.core.remote.control.TpsMonitorPoint@10a9d961 

2022-08-24 13:19:16,991 INFO Load rule from local,pointName=CONFIG_PUSH_COUNT, ruleContent= 

2022-08-24 13:19:16,992 INFO Apply tps control rule parse start,pointName=[CONFIG_PUSH_COUNT]  

2022-08-24 13:19:16,992 INFO Clear point  control rule ,pointName=[CONFIG_PUSH_COUNT]  

2022-08-24 13:19:16,992 INFO Clear point  control rule for monitorKeys, pointName=[CONFIG_PUSH_COUNT]  

2022-08-24 13:19:16,992 INFO Register tps control,pointName=CONFIG_PUSH_SUCCESS, point=com.alibaba.nacos.core.remote.control.TpsMonitorPoint@130e116b 

2022-08-24 13:19:16,992 INFO Load rule from local,pointName=CONFIG_PUSH_SUCCESS, ruleContent= 

2022-08-24 13:19:16,992 INFO Apply tps control rule parse start,pointName=[CONFIG_PUSH_SUCCESS]  

2022-08-24 13:19:16,992 INFO Clear point  control rule ,pointName=[CONFIG_PUSH_SUCCESS]  

2022-08-24 13:19:16,992 INFO Clear point  control rule for monitorKeys, pointName=[CONFIG_PUSH_SUCCESS]  

2022-08-24 13:19:16,992 INFO Register tps control,pointName=CONFIG_PUSH_FAIL, point=com.alibaba.nacos.core.remote.control.TpsMonitorPoint@e383572 

2022-08-24 13:19:16,992 INFO Load rule from local,pointName=CONFIG_PUSH_FAIL, ruleContent= 

2022-08-24 13:19:16,992 INFO Apply tps control rule parse start,pointName=[CONFIG_PUSH_FAIL]  

2022-08-24 13:19:16,992 INFO Clear point  control rule ,pointName=[CONFIG_PUSH_FAIL]  

2022-08-24 13:19:16,992 INFO Clear point  control rule for monitorKeys, pointName=[CONFIG_PUSH_FAIL]  

2022-08-24 13:19:20,164 INFO Register tps control,pointName=ConfigQuery, point=com.alibaba.nacos.core.remote.control.TpsMonitorPoint@3e2822 

2022-08-24 13:19:20,164 INFO Load rule from local,pointName=ConfigQuery, ruleContent= 

2022-08-24 13:19:20,164 INFO Apply tps control rule parse start,pointName=[ConfigQuery]  

2022-08-24 13:19:20,165 INFO Clear point  control rule ,pointName=[ConfigQuery]  

2022-08-24 13:19:20,165 INFO Clear point  control rule for monitorKeys, pointName=[ConfigQuery]  

2022-08-24 13:19:20,165 INFO Register tps control,pointName=ClusterConfigChangeNotify, point=com.alibaba.nacos.core.remote.control.TpsMonitorPoint@79e18e38 

2022-08-24 13:19:20,165 INFO Load rule from local,pointName=ClusterConfigChangeNotify, ruleContent= 

2022-08-24 13:19:20,165 INFO Apply tps control rule parse start,pointName=[ClusterConfigChangeNotify]  

2022-08-24 13:19:20,165 INFO Clear point  control rule ,pointName=[ClusterConfigChangeNotify]  

2022-08-24 13:19:20,165 INFO Clear point  control rule for monitorKeys, pointName=[ClusterConfigChangeNotify]  

2022-08-24 13:19:20,165 INFO Register tps control,pointName=ConfigListen, point=com.alibaba.nacos.core.remote.control.TpsMonitorPoint@29a60c27 

2022-08-24 13:19:20,165 INFO Load rule from local,pointName=ConfigListen, ruleContent= 

2022-08-24 13:19:20,165 INFO Apply tps control rule parse start,pointName=[ConfigListen]  

2022-08-24 13:19:20,165 INFO Clear point  control rule ,pointName=[ConfigListen]  

2022-08-24 13:19:20,165 INFO Clear point  control rule for monitorKeys, pointName=[ConfigListen]  

2022-08-24 13:19:20,166 INFO Register tps control,pointName=ConfigRemove, point=com.alibaba.nacos.core.remote.control.TpsMonitorPoint@69c79f09 

2022-08-24 13:19:20,166 INFO Load rule from local,pointName=ConfigRemove, ruleContent= 

2022-08-24 13:19:20,166 INFO Apply tps control rule parse start,pointName=[ConfigRemove]  

2022-08-24 13:19:20,166 INFO Clear point  control rule ,pointName=[ConfigRemove]  

2022-08-24 13:19:20,166 INFO Clear point  control rule for monitorKeys, pointName=[ConfigRemove]  

2022-08-24 13:19:20,166 INFO Register tps control,pointName=ConfigPublish, point=com.alibaba.nacos.core.remote.control.TpsMonitorPoint@1ca25c47 

2022-08-24 13:19:20,166 INFO Load rule from local,pointName=ConfigPublish, ruleContent= 

2022-08-24 13:19:20,166 INFO Apply tps control rule parse start,pointName=[ConfigPublish]  

2022-08-24 13:19:20,166 INFO Clear point  control rule ,pointName=[ConfigPublish]  

2022-08-24 13:19:20,166 INFO Clear point  control rule for monitorKeys, pointName=[ConfigPublish]  

2022-08-24 13:19:20,166 INFO Register tps control,pointName=HealthCheck, point=com.alibaba.nacos.core.remote.control.TpsMonitorPoint@5fcacc0 

2022-08-24 13:19:20,166 INFO Load rule from local,pointName=HealthCheck, ruleContent= 

2022-08-24 13:19:20,166 INFO Apply tps control rule parse start,pointName=[HealthCheck]  

2022-08-24 13:19:20,166 INFO Clear point  control rule ,pointName=[HealthCheck]  

2022-08-24 13:19:20,166 INFO Clear point  control rule for monitorKeys, pointName=[HealthCheck]  

2022-08-24 13:19:47,449 INFO Register tps control,pointName=NAMING_RPC_PUSH, point=com.alibaba.nacos.core.remote.control.TpsMonitorPoint@49fe22f9 

2022-08-24 13:19:47,449 INFO Load rule from local,pointName=NAMING_RPC_PUSH, ruleContent= 

2022-08-24 13:19:47,449 INFO Apply tps control rule parse start,pointName=[NAMING_RPC_PUSH]  

2022-08-24 13:19:47,449 INFO Clear point  control rule ,pointName=[NAMING_RPC_PUSH]  

2022-08-24 13:19:47,449 INFO Clear point  control rule for monitorKeys, pointName=[NAMING_RPC_PUSH]  

2022-08-24 13:19:47,449 INFO Register tps control,pointName=NAMING_RPC_PUSH_SUCCESS, point=com.alibaba.nacos.core.remote.control.TpsMonitorPoint@114ade7a 

2022-08-24 13:19:47,450 INFO Load rule from local,pointName=NAMING_RPC_PUSH_SUCCESS, ruleContent= 

2022-08-24 13:19:47,450 INFO Apply tps control rule parse start,pointName=[NAMING_RPC_PUSH_SUCCESS]  

2022-08-24 13:19:47,450 INFO Clear point  control rule ,pointName=[NAMING_RPC_PUSH_SUCCESS]  

2022-08-24 13:19:47,450 INFO Clear point  control rule for monitorKeys, pointName=[NAMING_RPC_PUSH_SUCCESS]  

2022-08-24 13:19:47,450 INFO Register tps control,pointName=NAMING_RPC_PUSH_FAIL, point=com.alibaba.nacos.core.remote.control.TpsMonitorPoint@5cd0f4a2 

2022-08-24 13:19:47,450 INFO Load rule from local,pointName=NAMING_RPC_PUSH_FAIL, ruleContent= 

2022-08-24 13:19:47,450 INFO Apply tps control rule parse start,pointName=[NAMING_RPC_PUSH_FAIL]  

2022-08-24 13:19:47,450 INFO Clear point  control rule ,pointName=[NAMING_RPC_PUSH_FAIL]  

2022-08-24 13:19:47,450 INFO Clear point  control rule for monitorKeys, pointName=[NAMING_RPC_PUSH_FAIL]  

2022-08-24 13:19:47,450 INFO Register tps control,pointName=NAMING_UDP_PUSH, point=com.alibaba.nacos.core.remote.control.TpsMonitorPoint@6a2b10f4 

2022-08-24 13:19:47,450 INFO Load rule from local,pointName=NAMING_UDP_PUSH, ruleContent= 

2022-08-24 13:19:47,450 INFO Apply tps control rule parse start,pointName=[NAMING_UDP_PUSH]  

2022-08-24 13:19:47,450 INFO Clear point  control rule ,pointName=[NAMING_UDP_PUSH]  

2022-08-24 13:19:47,450 INFO Clear point  control rule for monitorKeys, pointName=[NAMING_UDP_PUSH]  

2022-08-24 13:19:47,450 INFO Register tps control,pointName=NAMING_UDP_PUSH_SUCCESS, point=com.alibaba.nacos.core.remote.control.TpsMonitorPoint@52fa0ea2 

2022-08-24 13:19:47,450 INFO Load rule from local,pointName=NAMING_UDP_PUSH_SUCCESS, ruleContent= 

2022-08-24 13:19:47,450 INFO Apply tps control rule parse start,pointName=[NAMING_UDP_PUSH_SUCCESS]  

2022-08-24 13:19:47,450 INFO Clear point  control rule ,pointName=[NAMING_UDP_PUSH_SUCCESS]  

2022-08-24 13:19:47,450 INFO Clear point  control rule for monitorKeys, pointName=[NAMING_UDP_PUSH_SUCCESS]  

2022-08-24 13:19:47,450 INFO Register tps control,pointName=NAMING_UDP_PUSH_FAIL, point=com.alibaba.nacos.core.remote.control.TpsMonitorPoint@1504a389 

2022-08-24 13:19:47,450 INFO Load rule from local,pointName=NAMING_UDP_PUSH_FAIL, ruleContent= 

2022-08-24 13:19:47,450 INFO Apply tps control rule parse start,pointName=[NAMING_UDP_PUSH_FAIL]  

2022-08-24 13:19:47,450 INFO Clear point  control rule ,pointName=[NAMING_UDP_PUSH_FAIL]  

2022-08-24 13:19:47,450 INFO Clear point  control rule for monitorKeys, pointName=[NAMING_UDP_PUSH_FAIL]  

2022-08-24 13:19:47,450 INFO Register tps control,pointName=NAMING_DISTRO_SYNC, point=com.alibaba.nacos.core.remote.control.TpsMonitorPoint@4eaa206f 

2022-08-24 13:19:47,451 INFO Load rule from local,pointName=NAMING_DISTRO_SYNC, ruleContent= 

2022-08-24 13:19:47,451 INFO Apply tps control rule parse start,pointName=[NAMING_DISTRO_SYNC]  

2022-08-24 13:19:47,451 INFO Clear point  control rule ,pointName=[NAMING_DISTRO_SYNC]  

2022-08-24 13:19:47,451 INFO Clear point  control rule for monitorKeys, pointName=[NAMING_DISTRO_SYNC]  

2022-08-24 13:19:47,451 INFO Register tps control,pointName=NAMING_DISTRO_SYNC_SUCCESS, point=com.alibaba.nacos.core.remote.control.TpsMonitorPoint@7cb435fe 

2022-08-24 13:19:47,451 INFO Load rule from local,pointName=NAMING_DISTRO_SYNC_SUCCESS, ruleContent= 

2022-08-24 13:19:47,451 INFO Apply tps control rule parse start,pointName=[NAMING_DISTRO_SYNC_SUCCESS]  

2022-08-24 13:19:47,451 INFO Clear point  control rule ,pointName=[NAMING_DISTRO_SYNC_SUCCESS]  

2022-08-24 13:19:47,451 INFO Clear point  control rule for monitorKeys, pointName=[NAMING_DISTRO_SYNC_SUCCESS]  

2022-08-24 13:19:47,451 INFO Register tps control,pointName=NAMING_DISTRO_SYNC_FAIL, point=com.alibaba.nacos.core.remote.control.TpsMonitorPoint@7e39bbd4 

2022-08-24 13:19:47,451 INFO Load rule from local,pointName=NAMING_DISTRO_SYNC_FAIL, ruleContent= 

2022-08-24 13:19:47,451 INFO Apply tps control rule parse start,pointName=[NAMING_DISTRO_SYNC_FAIL]  

2022-08-24 13:19:47,451 INFO Clear point  control rule ,pointName=[NAMING_DISTRO_SYNC_FAIL]  

2022-08-24 13:19:47,451 INFO Clear point  control rule for monitorKeys, pointName=[NAMING_DISTRO_SYNC_FAIL]  

2022-08-24 13:19:47,451 INFO Register tps control,pointName=NAMING_DISTRO_VERIFY, point=com.alibaba.nacos.core.remote.control.TpsMonitorPoint@4e915771 

2022-08-24 13:19:47,451 INFO Load rule from local,pointName=NAMING_DISTRO_VERIFY, ruleContent= 

2022-08-24 13:19:47,451 INFO Apply tps control rule parse start,pointName=[NAMING_DISTRO_VERIFY]  

2022-08-24 13:19:47,451 INFO Clear point  control rule ,pointName=[NAMING_DISTRO_VERIFY]  

2022-08-24 13:19:47,451 INFO Clear point  control rule for monitorKeys, pointName=[NAMING_DISTRO_VERIFY]  

2022-08-24 13:19:47,451 INFO Register tps control,pointName=NAMING_DISTRO_VERIFY_SUCCESS, point=com.alibaba.nacos.core.remote.control.TpsMonitorPoint@5127af94 

2022-08-24 13:19:47,451 INFO Load rule from local,pointName=NAMING_DISTRO_VERIFY_SUCCESS, ruleContent= 

2022-08-24 13:19:47,452 INFO Apply tps control rule parse start,pointName=[NAMING_DISTRO_VERIFY_SUCCESS]  

2022-08-24 13:19:47,452 INFO Clear point  control rule ,pointName=[NAMING_DISTRO_VERIFY_SUCCESS]  

2022-08-24 13:19:47,452 INFO Clear point  control rule for monitorKeys, pointName=[NAMING_DISTRO_VERIFY_SUCCESS]  

2022-08-24 13:19:47,452 INFO Register tps control,pointName=NAMING_DISTRO_VERIFY_FAIL, point=com.alibaba.nacos.core.remote.control.TpsMonitorPoint@c617b8b 

2022-08-24 13:19:47,452 INFO Load rule from local,pointName=NAMING_DISTRO_VERIFY_FAIL, ruleContent= 

2022-08-24 13:19:47,452 INFO Apply tps control rule parse start,pointName=[NAMING_DISTRO_VERIFY_FAIL]  

2022-08-24 13:19:47,452 INFO Clear point  control rule ,pointName=[NAMING_DISTRO_VERIFY_FAIL]  

2022-08-24 13:19:47,452 INFO Clear point  control rule for monitorKeys, pointName=[NAMING_DISTRO_VERIFY_FAIL]  

