2022-08-24 13:16:14,592 INFO notifyConnectTimeout:200

2022-08-24 13:16:14,596 INFO notifySocketTimeout:8000

2022-08-24 13:16:14,596 INFO isHealthCheck:true

2022-08-24 13:16:14,596 INFO maxHealthCheckFailCount:12

2022-08-24 13:16:14,596 INFO maxContent:10485760

2022-08-24 13:16:14,596 INFO spring.datasource.platform:""

2022-08-24 13:16:20,114 INFO use local db service for init

2022-08-24 13:16:21,789 WARN Lexical error at line 4, column 66.  Encountered: <EOF> after : "".

2022-08-24 13:16:21,792 WARN Syntax error: Encountered "*" at line 1, column 1.

2022-08-24 13:16:22,615 WARN Lexical error at line 4, column 13.  Encountered: "`" (96), after : "".

2022-08-24 13:16:22,615 WARN Lexical error at line 1, column 13.  Encountered: "`" (96), after : "".

2022-08-24 13:16:22,616 WARN Lexical error at line 1, column 13.  Encountered: "`" (96), after : "".

2022-08-24 13:16:22,616 WARN Lexical error at line 1, column 13.  Encountered: "`" (96), after : "".

2022-08-24 13:16:22,616 INFO use StandaloneDatabaseOperateImpl

2022-08-24 13:16:22,674 WARN DumpService start

2022-08-24 13:16:22,675 INFO start clear all config-info.

2022-08-24 13:16:22,676 WARN clear all config-info failed.

2022-08-24 13:16:22,676 WARN clear all config-info-tenant failed.

2022-08-24 13:16:22,724 INFO start clear all config-info-beta.

2022-08-24 13:16:22,724 WARN clear all config-info-beta failed.

2022-08-24 13:16:22,724 WARN clear all config-info-beta-tenant failed.

2022-08-24 13:16:22,735 INFO start clear all config-info-tag.

2022-08-24 13:16:22,735 WARN clear all config-info-tag failed.

2022-08-24 13:16:22,735 WARN clear all config-info-tag-tenant failed.

2022-08-24 13:19:09,886 INFO notifyConnectTimeout:200

2022-08-24 13:19:09,890 INFO notifySocketTimeout:8000

2022-08-24 13:19:09,890 INFO isHealthCheck:true

2022-08-24 13:19:09,890 INFO maxHealthCheckFailCount:12

2022-08-24 13:19:09,890 INFO maxContent:10485760

2022-08-24 13:19:09,891 INFO spring.datasource.platform:""

2022-08-24 13:19:15,127 INFO use local db service for init

2022-08-24 13:19:16,058 WARN Lexical error at line 4, column 66.  Encountered: <EOF> after : "".

2022-08-24 13:19:16,067 WARN Syntax error: Encountered "*" at line 1, column 1.

2022-08-24 13:19:16,148 WARN Table/View 'CONFIG_INFO' already exists in Schema 'NACOS'.

2022-08-24 13:19:16,220 WARN Table/View 'HIS_CONFIG_INFO' already exists in Schema 'NACOS'.

2022-08-24 13:19:16,257 WARN Table/View 'CONFIG_INFO_BETA' already exists in Schema 'NACOS'.

2022-08-24 13:19:16,275 WARN Table/View 'CONFIG_INFO_TAG' already exists in Schema 'NACOS'.

2022-08-24 13:19:16,295 WARN Table/View 'CONFIG_INFO_AGGR' already exists in Schema 'NACOS'.

2022-08-24 13:19:16,319 WARN Table/View 'APP_LIST' already exists in Schema 'NACOS'.

2022-08-24 13:19:16,344 WARN Table/View 'APP_CONFIGDATA_RELATION_SUBS' already exists in Schema 'NACOS'.

2022-08-24 13:19:16,360 WARN Table/View 'APP_CONFIGDATA_RELATION_PUBS' already exists in Schema 'NACOS'.

2022-08-24 13:19:16,379 WARN Table/View 'CONFIG_TAGS_RELATION' already exists in Schema 'NACOS'.

2022-08-24 13:19:16,413 WARN Table/View 'GROUP_CAPACITY' already exists in Schema 'NACOS'.

2022-08-24 13:19:16,429 WARN Table/View 'TENANT_CAPACITY' already exists in Schema 'NACOS'.

2022-08-24 13:19:16,455 WARN Table/View 'TENANT_INFO' already exists in Schema 'NACOS'.

2022-08-24 13:19:16,474 WARN Table/View 'USERS' already exists in Schema 'NACOS'.

2022-08-24 13:19:16,490 WARN Table/View 'ROLES' already exists in Schema 'NACOS'.

2022-08-24 13:19:16,510 WARN Table/View 'PERMISSIONS' already exists in Schema 'NACOS'.

2022-08-24 13:19:16,575 WARN The statement was aborted because it would have caused a duplicate key value in a unique or primary key constraint or unique index identified by 'SQL220824131622500' defined on 'USERS'.

2022-08-24 13:19:16,591 WARN The statement was aborted because it would have caused a duplicate key value in a unique or primary key constraint or unique index identified by 'UK_USERNAME_ROLE' defined on 'ROLES'.

2022-08-24 13:19:16,591 WARN Lexical error at line 4, column 13.  Encountered: "`" (96), after : "".

2022-08-24 13:19:16,592 WARN Lexical error at line 1, column 13.  Encountered: "`" (96), after : "".

2022-08-24 13:19:16,592 WARN Lexical error at line 1, column 13.  Encountered: "`" (96), after : "".

2022-08-24 13:19:16,592 WARN Lexical error at line 1, column 13.  Encountered: "`" (96), after : "".

2022-08-24 13:19:16,592 INFO use StandaloneDatabaseOperateImpl

2022-08-24 13:19:16,678 WARN DumpService start

2022-08-24 13:19:16,679 INFO start clear all config-info.

2022-08-24 13:19:16,680 WARN clear all config-info failed.

2022-08-24 13:19:16,680 WARN clear all config-info-tenant failed.

2022-08-24 13:19:16,740 INFO start clear all config-info-beta.

2022-08-24 13:19:16,740 WARN clear all config-info-beta failed.

2022-08-24 13:19:16,740 WARN clear all config-info-beta-tenant failed.

2022-08-24 13:19:16,761 INFO start clear all config-info-tag.

2022-08-24 13:19:16,762 WARN clear all config-info-tag failed.

2022-08-24 13:19:16,763 WARN clear all config-info-tag-tenant failed.

