2022-08-24 13:16:14,607 INFO Starting Nacos v2.1.1 using Java 1.8.0_342 on 3a8eb78f7483 with PID 1 (/home/nacos/target/nacos-server.jar started by root in /home/nacos)

2022-08-24 13:16:14,608 INFO The following 1 profile is active: "standalone"

2022-08-24 13:16:18,824 INFO Tomcat initialized with port(s): 8848 (http)

2022-08-24 13:16:18,838 INFO Starting service [Tomcat]

2022-08-24 13:16:18,838 INFO Starting Servlet engine: [Apache Tomcat/9.0.63]

2022-08-24 13:16:18,955 INFO Initializing Spring embedded WebApplicationContext

2022-08-24 13:16:18,956 INFO Root WebApplicationContext: initialization completed in 4236 ms

2022-08-24 13:16:19,338 INFO Nacos-related cluster resource initialization

2022-08-24 13:16:19,346 INFO Load com.alibaba.nacos.core.ability.RemoteAbilityInitializer for ServerAbilityInitializer

2022-08-24 13:16:19,346 INFO Load com.alibaba.nacos.naming.ability.NamingAbilityInitializer for ServerAbilityInitializer

2022-08-24 13:16:19,350 INFO The cluster resource is initialized

2022-08-24 13:16:19,382 INFO Get Distro config from env, DistroConfig{syncDelayMillis=1000, syncTimeoutMillis=3000, syncRetryDelayMillis=3000, verifyIntervalMillis=5000, verifyTimeoutMillis=3000, loadDataRetryDelayMillis=30000}

2022-08-24 13:16:20,463 INFO HikariPool-1 - Starting...

2022-08-24 13:16:20,468 WARN Registered driver with driverClassName=org.apache.derby.jdbc.EmbeddedDriver was not found, trying direct instantiation.

2022-08-24 13:16:21,688 INFO HikariPool-1 - Driver does not support get/set network timeout for connections. (Feature not implemented: No details.)

2022-08-24 13:16:21,691 INFO HikariPool-1 - Start completed.

2022-08-24 13:16:25,841 INFO Adding welcome page: class path resource [static/index.html]

2022-08-24 13:16:26,350 WARN You are asking Spring Security to ignore Ant [pattern='/**']. This is not recommended -- please use permitAll via HttpSecurity#authorizeHttpRequests instead.

2022-08-24 13:16:26,351 INFO Will not secure Ant [pattern='/**']

2022-08-24 13:16:26,390 INFO Will secure any request with [org.springframework.security.web.context.request.async.WebAsyncManagerIntegrationFilter@2289aca5, org.springframework.security.web.context.SecurityContextPersistenceFilter@41a90fa8, org.springframework.security.web.header.HeaderWriterFilter@5f2f577, org.springframework.security.web.csrf.CsrfFilter@2f058b8a, org.springframework.security.web.authentication.logout.LogoutFilter@4215838f, org.springframework.security.web.savedrequest.RequestCacheAwareFilter@52500920, org.springframework.security.web.servletapi.SecurityContextHolderAwareRequestFilter@18a3962d, org.springframework.security.web.authentication.AnonymousAuthenticationFilter@76a36b71, org.springframework.security.web.session.SessionManagementFilter@5d465e4b, org.springframework.security.web.access.ExceptionTranslationFilter@4e76dac]

2022-08-24 13:16:26,422 INFO Exposing 1 endpoint(s) beneath base path '/actuator'

2022-08-24 13:16:26,487 INFO Tomcat started on port(s): 8848 (http) with context path '/nacos'

2022-08-24 13:16:26,526 INFO Started Nacos in 13.507 seconds (JVM running for 14.617)

2022-08-24 13:16:26,527 INFO Nacos started successfully in stand alone mode. use embedded storage

2022-08-24 13:16:26,689 INFO Initializing Spring DispatcherServlet 'dispatcherServlet'

2022-08-24 13:16:26,689 INFO Initializing Servlet 'dispatcherServlet'

2022-08-24 13:16:26,691 INFO Completed initialization in 2 ms

2022-08-24 13:16:26,770 INFO Get Push config from env, PushConfig{pushTaskDelay=500, pushTaskTimeout=5000, pushTaskRetryDelay=1000}

2022-08-24 13:16:27,236 WARN There are no [com.alibaba.nacos.common.trace.event.naming.RegisterInstanceTraceEvent] publishers for this event, please register

2022-08-24 13:16:27,274 WARN There are no [com.alibaba.nacos.common.trace.event.naming.RegisterInstanceTraceEvent] publishers for this event, please register

2022-08-24 13:16:27,657 INFO Get NamingClient config from env, ClientConfig{clientExpiredTime=180000}

2022-08-24 13:18:42,373 WARN [NotifyCenter] Start destroying Publisher

2022-08-24 13:18:42,374 WARN [NotifyCenter] Destruction of the end

2022-08-24 13:18:42,374 WARN [ConfigServer-HttpClientManager] Start destroying NacosRestTemplate

2022-08-24 13:18:42,374 WARN [HttpClientBeanHolder] Start destroying common HttpClient

2022-08-24 13:18:42,380 WARN [WatchFileCenter] start close

2022-08-24 13:18:42,381 WARN [WatchFileCenter] start to shutdown this watcher which is watch : /home/nacos/data/tps

2022-08-24 13:18:42,382 WARN [ThreadPoolManager] Start destroying ThreadPool

2022-08-24 13:18:42,392 WARN [WatchFileCenter] start to shutdown this watcher which is watch : /home/nacos/conf

2022-08-24 13:18:42,393 WARN [WatchFileCenter] start to shutdown this watcher which is watch : /home/nacos/data/loader

2022-08-24 13:18:42,393 WARN [WatchFileCenter] already closed

2022-08-24 13:18:42,396 WARN [HttpClientBeanHolder] Destruction of the end

2022-08-24 13:18:42,401 WARN [ConfigServer-HttpClientManager] Destruction of the end

2022-08-24 13:18:42,410 ERROR CONSOLE /nacos/v1/ns/instance/beat

java.util.concurrent.RejectedExecutionException: Task java.util.concurrent.ScheduledThreadPoolExecutor$ScheduledFutureTask@70e0262f rejected from java.util.concurrent.ScheduledThreadPoolExecutor@7d4f9aae[Terminated, pool size = 0, active threads = 0, queued tasks = 0, completed tasks = 156]
	at java.util.concurrent.ThreadPoolExecutor$AbortPolicy.rejectedExecution(ThreadPoolExecutor.java:2063)
	at java.util.concurrent.ThreadPoolExecutor.reject(ThreadPoolExecutor.java:830)
	at java.util.concurrent.ScheduledThreadPoolExecutor.delayedExecute(ScheduledThreadPoolExecutor.java:326)
	at java.util.concurrent.ScheduledThreadPoolExecutor.schedule(ScheduledThreadPoolExecutor.java:533)
	at com.alibaba.nacos.naming.misc.GlobalExecutor.scheduleNamingHealth(GlobalExecutor.java:268)
	at com.alibaba.nacos.naming.healthcheck.HealthCheckReactor.scheduleNow(HealthCheckReactor.java:100)
	at com.alibaba.nacos.naming.core.InstanceOperatorClientImpl.handleBeat(InstanceOperatorClientImpl.java:243)
	at com.alibaba.nacos.naming.controllers.InstanceController.beat(InstanceController.java:407)
	at sun.reflect.GeneratedMethodAccessor113.invoke(Unknown Source)
	at sun.reflect.DelegatingMethodAccessorImpl.invoke(DelegatingMethodAccessorImpl.java:43)
	at java.lang.reflect.Method.invoke(Method.java:498)
	at org.springframework.web.method.support.InvocableHandlerMethod.doInvoke(InvocableHandlerMethod.java:205)
	at org.springframework.web.method.support.InvocableHandlerMethod.invokeForRequest(InvocableHandlerMethod.java:150)
	at org.springframework.web.servlet.mvc.method.annotation.ServletInvocableHandlerMethod.invokeAndHandle(ServletInvocableHandlerMethod.java:117)
	at org.springframework.web.servlet.mvc.method.annotation.RequestMappingHandlerAdapter.invokeHandlerMethod(RequestMappingHandlerAdapter.java:895)
	at org.springframework.web.servlet.mvc.method.annotation.RequestMappingHandlerAdapter.handleInternal(RequestMappingHandlerAdapter.java:808)
	at org.springframework.web.servlet.mvc.method.AbstractHandlerMethodAdapter.handle(AbstractHandlerMethodAdapter.java:87)
	at org.springframework.web.servlet.DispatcherServlet.doDispatch(DispatcherServlet.java:1067)
	at org.springframework.web.servlet.DispatcherServlet.doService(DispatcherServlet.java:963)
	at org.springframework.web.servlet.FrameworkServlet.processRequest(FrameworkServlet.java:1006)
	at org.springframework.web.servlet.FrameworkServlet.doPut(FrameworkServlet.java:920)
	at javax.servlet.http.HttpServlet.service(HttpServlet.java:684)
	at org.springframework.web.servlet.FrameworkServlet.service(FrameworkServlet.java:883)
	at javax.servlet.http.HttpServlet.service(HttpServlet.java:764)
	at org.apache.catalina.core.ApplicationFilterChain.internalDoFilter(ApplicationFilterChain.java:227)
	at org.apache.catalina.core.ApplicationFilterChain.doFilter(ApplicationFilterChain.java:162)
	at org.apache.tomcat.websocket.server.WsFilter.doFilter(WsFilter.java:53)
	at org.apache.catalina.core.ApplicationFilterChain.internalDoFilter(ApplicationFilterChain.java:189)
	at org.apache.catalina.core.ApplicationFilterChain.doFilter(ApplicationFilterChain.java:162)
	at com.alibaba.nacos.console.filter.XssFilter.doFilterInternal(XssFilter.java:42)
	at org.springframework.web.filter.OncePerRequestFilter.doFilter(OncePerRequestFilter.java:117)
	at org.apache.catalina.core.ApplicationFilterChain.internalDoFilter(ApplicationFilterChain.java:189)
	at org.apache.catalina.core.ApplicationFilterChain.doFilter(ApplicationFilterChain.java:162)
	at org.springframework.web.filter.CorsFilter.doFilterInternal(CorsFilter.java:91)
	at org.springframework.web.filter.OncePerRequestFilter.doFilter(OncePerRequestFilter.java:117)
	at org.apache.catalina.core.ApplicationFilterChain.internalDoFilter(ApplicationFilterChain.java:189)
	at org.apache.catalina.core.ApplicationFilterChain.doFilter(ApplicationFilterChain.java:162)
	at com.alibaba.nacos.naming.web.DistroFilter.doFilter(DistroFilter.java:104)
	at org.apache.catalina.core.ApplicationFilterChain.internalDoFilter(ApplicationFilterChain.java:189)
	at org.apache.catalina.core.ApplicationFilterChain.doFilter(ApplicationFilterChain.java:162)
	at com.alibaba.nacos.core.auth.AuthFilter.doFilter(AuthFilter.java:69)
	at org.apache.catalina.core.ApplicationFilterChain.internalDoFilter(ApplicationFilterChain.java:189)
	at org.apache.catalina.core.ApplicationFilterChain.doFilter(ApplicationFilterChain.java:162)
	at com.alibaba.nacos.naming.web.ServiceNameFilter.doFilter(ServiceNameFilter.java:68)
	at org.apache.catalina.core.ApplicationFilterChain.internalDoFilter(ApplicationFilterChain.java:189)
	at org.apache.catalina.core.ApplicationFilterChain.doFilter(ApplicationFilterChain.java:162)
	at com.alibaba.nacos.naming.web.TrafficReviseFilter.doFilter(TrafficReviseFilter.java:75)
	at org.apache.catalina.core.ApplicationFilterChain.internalDoFilter(ApplicationFilterChain.java:189)
	at org.apache.catalina.core.ApplicationFilterChain.doFilter(ApplicationFilterChain.java:162)
	at org.springframework.security.web.FilterChainProxy.doFilterInternal(FilterChainProxy.java:204)
	at org.springframework.security.web.FilterChainProxy.doFilter(FilterChainProxy.java:183)
	at org.springframework.web.filter.DelegatingFilterProxy.invokeDelegate(DelegatingFilterProxy.java:354)
	at org.springframework.web.filter.DelegatingFilterProxy.doFilter(DelegatingFilterProxy.java:267)
	at org.apache.catalina.core.ApplicationFilterChain.internalDoFilter(ApplicationFilterChain.java:189)
	at org.apache.catalina.core.ApplicationFilterChain.doFilter(ApplicationFilterChain.java:162)
	at org.springframework.web.filter.RequestContextFilter.doFilterInternal(RequestContextFilter.java:100)
	at org.springframework.web.filter.OncePerRequestFilter.doFilter(OncePerRequestFilter.java:117)
	at org.apache.catalina.core.ApplicationFilterChain.internalDoFilter(ApplicationFilterChain.java:189)
	at org.apache.catalina.core.ApplicationFilterChain.doFilter(ApplicationFilterChain.java:162)
	at org.springframework.web.filter.FormContentFilter.doFilterInternal(FormContentFilter.java:93)
	at org.springframework.web.filter.OncePerRequestFilter.doFilter(OncePerRequestFilter.java:117)
	at org.apache.catalina.core.ApplicationFilterChain.internalDoFilter(ApplicationFilterChain.java:189)
	at org.apache.catalina.core.ApplicationFilterChain.doFilter(ApplicationFilterChain.java:162)
	at org.springframework.boot.actuate.metrics.web.servlet.WebMvcMetricsFilter.doFilterInternal(WebMvcMetricsFilter.java:96)
	at org.springframework.web.filter.OncePerRequestFilter.doFilter(OncePerRequestFilter.java:117)
	at org.apache.catalina.core.ApplicationFilterChain.internalDoFilter(ApplicationFilterChain.java:189)
	at org.apache.catalina.core.ApplicationFilterChain.doFilter(ApplicationFilterChain.java:162)
	at org.springframework.web.filter.CharacterEncodingFilter.doFilterInternal(CharacterEncodingFilter.java:201)
	at org.springframework.web.filter.OncePerRequestFilter.doFilter(OncePerRequestFilter.java:117)
	at org.apache.catalina.core.ApplicationFilterChain.internalDoFilter(ApplicationFilterChain.java:189)
	at org.apache.catalina.core.ApplicationFilterChain.doFilter(ApplicationFilterChain.java:162)
	at org.apache.catalina.core.StandardWrapperValve.invoke(StandardWrapperValve.java:197)
	at org.apache.catalina.core.StandardContextValve.invoke(StandardContextValve.java:97)
	at org.apache.catalina.authenticator.AuthenticatorBase.invoke(AuthenticatorBase.java:541)
	at org.apache.catalina.core.StandardHostValve.invoke(StandardHostValve.java:135)
	at org.apache.catalina.valves.ErrorReportValve.invoke(ErrorReportValve.java:92)
	at org.apache.catalina.core.StandardEngineValve.invoke(StandardEngineValve.java:78)
	at org.apache.catalina.connector.CoyoteAdapter.service(CoyoteAdapter.java:360)
	at org.apache.coyote.http11.Http11Processor.service(Http11Processor.java:399)
	at org.apache.coyote.AbstractProcessorLight.process(AbstractProcessorLight.java:65)
	at org.apache.coyote.AbstractProtocol$ConnectionHandler.process(AbstractProtocol.java:890)
	at org.apache.tomcat.util.net.NioEndpoint$SocketProcessor.doRun(NioEndpoint.java:1743)
	at org.apache.tomcat.util.net.SocketProcessorBase.run(SocketProcessorBase.java:49)
	at org.apache.tomcat.util.threads.ThreadPoolExecutor.runWorker(ThreadPoolExecutor.java:1191)
	at org.apache.tomcat.util.threads.ThreadPoolExecutor$Worker.run(ThreadPoolExecutor.java:659)
	at org.apache.tomcat.util.threads.TaskThread$WrappingRunnable.run(TaskThread.java:61)
	at java.lang.Thread.run(Thread.java:750)
2022-08-24 13:18:42,413 ERROR CONSOLE /nacos/v1/ns/instance/beat

java.util.concurrent.RejectedExecutionException: Task java.util.concurrent.ScheduledThreadPoolExecutor$ScheduledFutureTask@197f27b3 rejected from java.util.concurrent.ScheduledThreadPoolExecutor@7d4f9aae[Terminated, pool size = 0, active threads = 0, queued tasks = 0, completed tasks = 156]
	at java.util.concurrent.ThreadPoolExecutor$AbortPolicy.rejectedExecution(ThreadPoolExecutor.java:2063)
	at java.util.concurrent.ThreadPoolExecutor.reject(ThreadPoolExecutor.java:830)
	at java.util.concurrent.ScheduledThreadPoolExecutor.delayedExecute(ScheduledThreadPoolExecutor.java:326)
	at java.util.concurrent.ScheduledThreadPoolExecutor.schedule(ScheduledThreadPoolExecutor.java:533)
	at com.alibaba.nacos.naming.misc.GlobalExecutor.scheduleNamingHealth(GlobalExecutor.java:268)
	at com.alibaba.nacos.naming.healthcheck.HealthCheckReactor.scheduleNow(HealthCheckReactor.java:100)
	at com.alibaba.nacos.naming.core.InstanceOperatorClientImpl.handleBeat(InstanceOperatorClientImpl.java:243)
	at com.alibaba.nacos.naming.controllers.InstanceController.beat(InstanceController.java:407)
	at sun.reflect.GeneratedMethodAccessor113.invoke(Unknown Source)
	at sun.reflect.DelegatingMethodAccessorImpl.invoke(DelegatingMethodAccessorImpl.java:43)
	at java.lang.reflect.Method.invoke(Method.java:498)
	at org.springframework.web.method.support.InvocableHandlerMethod.doInvoke(InvocableHandlerMethod.java:205)
	at org.springframework.web.method.support.InvocableHandlerMethod.invokeForRequest(InvocableHandlerMethod.java:150)
	at org.springframework.web.servlet.mvc.method.annotation.ServletInvocableHandlerMethod.invokeAndHandle(ServletInvocableHandlerMethod.java:117)
	at org.springframework.web.servlet.mvc.method.annotation.RequestMappingHandlerAdapter.invokeHandlerMethod(RequestMappingHandlerAdapter.java:895)
	at org.springframework.web.servlet.mvc.method.annotation.RequestMappingHandlerAdapter.handleInternal(RequestMappingHandlerAdapter.java:808)
	at org.springframework.web.servlet.mvc.method.AbstractHandlerMethodAdapter.handle(AbstractHandlerMethodAdapter.java:87)
	at org.springframework.web.servlet.DispatcherServlet.doDispatch(DispatcherServlet.java:1067)
	at org.springframework.web.servlet.DispatcherServlet.doService(DispatcherServlet.java:963)
	at org.springframework.web.servlet.FrameworkServlet.processRequest(FrameworkServlet.java:1006)
	at org.springframework.web.servlet.FrameworkServlet.doPut(FrameworkServlet.java:920)
	at javax.servlet.http.HttpServlet.service(HttpServlet.java:684)
	at org.springframework.web.servlet.FrameworkServlet.service(FrameworkServlet.java:883)
	at javax.servlet.http.HttpServlet.service(HttpServlet.java:764)
	at org.apache.catalina.core.ApplicationFilterChain.internalDoFilter(ApplicationFilterChain.java:227)
	at org.apache.catalina.core.ApplicationFilterChain.doFilter(ApplicationFilterChain.java:162)
	at org.apache.tomcat.websocket.server.WsFilter.doFilter(WsFilter.java:53)
	at org.apache.catalina.core.ApplicationFilterChain.internalDoFilter(ApplicationFilterChain.java:189)
	at org.apache.catalina.core.ApplicationFilterChain.doFilter(ApplicationFilterChain.java:162)
	at com.alibaba.nacos.console.filter.XssFilter.doFilterInternal(XssFilter.java:42)
	at org.springframework.web.filter.OncePerRequestFilter.doFilter(OncePerRequestFilter.java:117)
	at org.apache.catalina.core.ApplicationFilterChain.internalDoFilter(ApplicationFilterChain.java:189)
	at org.apache.catalina.core.ApplicationFilterChain.doFilter(ApplicationFilterChain.java:162)
	at org.springframework.web.filter.CorsFilter.doFilterInternal(CorsFilter.java:91)
	at org.springframework.web.filter.OncePerRequestFilter.doFilter(OncePerRequestFilter.java:117)
	at org.apache.catalina.core.ApplicationFilterChain.internalDoFilter(ApplicationFilterChain.java:189)
	at org.apache.catalina.core.ApplicationFilterChain.doFilter(ApplicationFilterChain.java:162)
	at com.alibaba.nacos.naming.web.DistroFilter.doFilter(DistroFilter.java:104)
	at org.apache.catalina.core.ApplicationFilterChain.internalDoFilter(ApplicationFilterChain.java:189)
	at org.apache.catalina.core.ApplicationFilterChain.doFilter(ApplicationFilterChain.java:162)
	at com.alibaba.nacos.core.auth.AuthFilter.doFilter(AuthFilter.java:69)
	at org.apache.catalina.core.ApplicationFilterChain.internalDoFilter(ApplicationFilterChain.java:189)
	at org.apache.catalina.core.ApplicationFilterChain.doFilter(ApplicationFilterChain.java:162)
	at com.alibaba.nacos.naming.web.ServiceNameFilter.doFilter(ServiceNameFilter.java:68)
	at org.apache.catalina.core.ApplicationFilterChain.internalDoFilter(ApplicationFilterChain.java:189)
	at org.apache.catalina.core.ApplicationFilterChain.doFilter(ApplicationFilterChain.java:162)
	at com.alibaba.nacos.naming.web.TrafficReviseFilter.doFilter(TrafficReviseFilter.java:75)
	at org.apache.catalina.core.ApplicationFilterChain.internalDoFilter(ApplicationFilterChain.java:189)
	at org.apache.catalina.core.ApplicationFilterChain.doFilter(ApplicationFilterChain.java:162)
	at org.springframework.security.web.FilterChainProxy.doFilterInternal(FilterChainProxy.java:204)
	at org.springframework.security.web.FilterChainProxy.doFilter(FilterChainProxy.java:183)
	at org.springframework.web.filter.DelegatingFilterProxy.invokeDelegate(DelegatingFilterProxy.java:354)
	at org.springframework.web.filter.DelegatingFilterProxy.doFilter(DelegatingFilterProxy.java:267)
	at org.apache.catalina.core.ApplicationFilterChain.internalDoFilter(ApplicationFilterChain.java:189)
	at org.apache.catalina.core.ApplicationFilterChain.doFilter(ApplicationFilterChain.java:162)
	at org.springframework.web.filter.RequestContextFilter.doFilterInternal(RequestContextFilter.java:100)
	at org.springframework.web.filter.OncePerRequestFilter.doFilter(OncePerRequestFilter.java:117)
	at org.apache.catalina.core.ApplicationFilterChain.internalDoFilter(ApplicationFilterChain.java:189)
	at org.apache.catalina.core.ApplicationFilterChain.doFilter(ApplicationFilterChain.java:162)
	at org.springframework.web.filter.FormContentFilter.doFilterInternal(FormContentFilter.java:93)
	at org.springframework.web.filter.OncePerRequestFilter.doFilter(OncePerRequestFilter.java:117)
	at org.apache.catalina.core.ApplicationFilterChain.internalDoFilter(ApplicationFilterChain.java:189)
	at org.apache.catalina.core.ApplicationFilterChain.doFilter(ApplicationFilterChain.java:162)
	at org.springframework.boot.actuate.metrics.web.servlet.WebMvcMetricsFilter.doFilterInternal(WebMvcMetricsFilter.java:96)
	at org.springframework.web.filter.OncePerRequestFilter.doFilter(OncePerRequestFilter.java:117)
	at org.apache.catalina.core.ApplicationFilterChain.internalDoFilter(ApplicationFilterChain.java:189)
	at org.apache.catalina.core.ApplicationFilterChain.doFilter(ApplicationFilterChain.java:162)
	at org.springframework.web.filter.CharacterEncodingFilter.doFilterInternal(CharacterEncodingFilter.java:201)
	at org.springframework.web.filter.OncePerRequestFilter.doFilter(OncePerRequestFilter.java:117)
	at org.apache.catalina.core.ApplicationFilterChain.internalDoFilter(ApplicationFilterChain.java:189)
	at org.apache.catalina.core.ApplicationFilterChain.doFilter(ApplicationFilterChain.java:162)
	at org.apache.catalina.core.StandardWrapperValve.invoke(StandardWrapperValve.java:197)
	at org.apache.catalina.core.StandardContextValve.invoke(StandardContextValve.java:97)
	at org.apache.catalina.authenticator.AuthenticatorBase.invoke(AuthenticatorBase.java:541)
	at org.apache.catalina.core.StandardHostValve.invoke(StandardHostValve.java:135)
	at org.apache.catalina.valves.ErrorReportValve.invoke(ErrorReportValve.java:92)
	at org.apache.catalina.core.StandardEngineValve.invoke(StandardEngineValve.java:78)
	at org.apache.catalina.connector.CoyoteAdapter.service(CoyoteAdapter.java:360)
	at org.apache.coyote.http11.Http11Processor.service(Http11Processor.java:399)
	at org.apache.coyote.AbstractProcessorLight.process(AbstractProcessorLight.java:65)
	at org.apache.coyote.AbstractProtocol$ConnectionHandler.process(AbstractProtocol.java:890)
	at org.apache.tomcat.util.net.NioEndpoint$SocketProcessor.doRun(NioEndpoint.java:1743)
	at org.apache.tomcat.util.net.SocketProcessorBase.run(SocketProcessorBase.java:49)
	at org.apache.tomcat.util.threads.ThreadPoolExecutor.runWorker(ThreadPoolExecutor.java:1191)
	at org.apache.tomcat.util.threads.ThreadPoolExecutor$Worker.run(ThreadPoolExecutor.java:659)
	at org.apache.tomcat.util.threads.TaskThread$WrappingRunnable.run(TaskThread.java:61)
	at java.lang.Thread.run(Thread.java:750)
2022-08-24 13:19:09,903 INFO Starting Nacos v2.1.1 using Java 1.8.0_342 on 3a8eb78f7483 with PID 1 (/home/nacos/target/nacos-server.jar started by root in /home/nacos)

2022-08-24 13:19:09,904 INFO The following 1 profile is active: "standalone"

2022-08-24 13:19:14,122 INFO Tomcat initialized with port(s): 8848 (http)

2022-08-24 13:19:14,135 INFO Starting service [Tomcat]

2022-08-24 13:19:14,135 INFO Starting Servlet engine: [Apache Tomcat/9.0.63]

2022-08-24 13:19:14,201 INFO Initializing Spring embedded WebApplicationContext

2022-08-24 13:19:14,202 INFO Root WebApplicationContext: initialization completed in 4163 ms

2022-08-24 13:19:14,540 INFO Nacos-related cluster resource initialization

2022-08-24 13:19:14,553 INFO Load com.alibaba.nacos.core.ability.RemoteAbilityInitializer for ServerAbilityInitializer

2022-08-24 13:19:14,554 INFO Load com.alibaba.nacos.naming.ability.NamingAbilityInitializer for ServerAbilityInitializer

2022-08-24 13:19:14,559 INFO The cluster resource is initialized

2022-08-24 13:19:14,593 INFO Get Distro config from env, DistroConfig{syncDelayMillis=1000, syncTimeoutMillis=3000, syncRetryDelayMillis=3000, verifyIntervalMillis=5000, verifyTimeoutMillis=3000, loadDataRetryDelayMillis=30000}

2022-08-24 13:19:15,376 INFO HikariPool-1 - Starting...

2022-08-24 13:19:15,380 WARN Registered driver with driverClassName=org.apache.derby.jdbc.EmbeddedDriver was not found, trying direct instantiation.

2022-08-24 13:19:15,924 INFO HikariPool-1 - Driver does not support get/set network timeout for connections. (Feature not implemented: No details.)

2022-08-24 13:19:15,930 INFO HikariPool-1 - Start completed.

2022-08-24 13:19:19,596 INFO Adding welcome page: class path resource [static/index.html]

2022-08-24 13:19:20,025 WARN You are asking Spring Security to ignore Ant [pattern='/**']. This is not recommended -- please use permitAll via HttpSecurity#authorizeHttpRequests instead.

2022-08-24 13:19:20,026 INFO Will not secure Ant [pattern='/**']

2022-08-24 13:19:20,059 INFO Will secure any request with [org.springframework.security.web.context.request.async.WebAsyncManagerIntegrationFilter@569bf9eb, org.springframework.security.web.context.SecurityContextPersistenceFilter@3a320ade, org.springframework.security.web.header.HeaderWriterFilter@3efe7086, org.springframework.security.web.csrf.CsrfFilter@2e029d61, org.springframework.security.web.authentication.logout.LogoutFilter@3faf2e7d, org.springframework.security.web.savedrequest.RequestCacheAwareFilter@7813cb11, org.springframework.security.web.servletapi.SecurityContextHolderAwareRequestFilter@21005f6c, org.springframework.security.web.authentication.AnonymousAuthenticationFilter@61526469, org.springframework.security.web.session.SessionManagementFilter@741b3bc3, org.springframework.security.web.access.ExceptionTranslationFilter@28276e50]

2022-08-24 13:19:20,086 INFO Exposing 1 endpoint(s) beneath base path '/actuator'

2022-08-24 13:19:20,140 INFO Tomcat started on port(s): 8848 (http) with context path '/nacos'

2022-08-24 13:19:20,171 INFO Started Nacos in 11.558 seconds (JVM running for 12.351)

2022-08-24 13:19:20,171 INFO Nacos started successfully in stand alone mode. use embedded storage

2022-08-24 13:19:20,604 INFO Initializing Spring DispatcherServlet 'dispatcherServlet'

2022-08-24 13:19:20,604 INFO Initializing Servlet 'dispatcherServlet'

2022-08-24 13:19:20,605 INFO Completed initialization in 1 ms

2022-08-24 13:19:23,544 WARN There are no [com.alibaba.nacos.common.trace.event.naming.RegisterInstanceTraceEvent] publishers for this event, please register

2022-08-24 13:19:23,546 INFO Get Push config from env, PushConfig{pushTaskDelay=500, pushTaskTimeout=5000, pushTaskRetryDelay=1000}

2022-08-24 13:19:23,549 WARN There are no [com.alibaba.nacos.common.trace.event.naming.RegisterInstanceTraceEvent] publishers for this event, please register

2022-08-24 13:19:26,645 INFO Get NamingClient config from env, ClientConfig{clientExpiredTime=180000}

2022-08-24 13:29:16,796 WARN clearConfigHistory start

2022-08-24 13:29:16,798 WARN clearConfigHistory, getBeforeStamp:2022-07-25 13:29:16.0, pageSize:1000

2022-08-24 13:29:16,830 INFO [capacityManagement] start correct usage

2022-08-24 13:29:16,850 INFO [capacityManagement] end correct usage, cost: 0.018971937s

2022-08-24 13:39:16,837 WARN clearConfigHistory start

2022-08-24 13:39:16,838 WARN clearConfigHistory, getBeforeStamp:2022-07-25 13:39:16.0, pageSize:1000

2022-08-24 13:39:16,851 INFO [capacityManagement] start correct usage

2022-08-24 13:39:16,851 INFO [capacityManagement] end correct usage, cost: 7.236E-4s

2022-08-24 13:43:21,896 WARN There are no [com.alibaba.nacos.common.trace.event.naming.RegisterInstanceTraceEvent] publishers for this event, please register

2022-08-24 13:49:16,840 WARN clearConfigHistory start

2022-08-24 13:49:16,841 WARN clearConfigHistory, getBeforeStamp:2022-07-25 13:49:16.0, pageSize:1000

2022-08-24 13:49:16,852 INFO [capacityManagement] start correct usage

2022-08-24 13:49:16,853 INFO [capacityManagement] end correct usage, cost: 9.67886E-4s

2022-08-24 13:59:16,845 WARN clearConfigHistory start

2022-08-24 13:59:16,845 WARN clearConfigHistory, getBeforeStamp:2022-07-25 13:59:16.0, pageSize:1000

2022-08-24 13:59:16,853 INFO [capacityManagement] start correct usage

2022-08-24 13:59:16,854 INFO [capacityManagement] end correct usage, cost: 6.17308E-4s

2022-08-24 14:09:16,847 WARN clearConfigHistory start

2022-08-24 14:09:16,848 WARN clearConfigHistory, getBeforeStamp:2022-07-25 14:09:16.0, pageSize:1000

2022-08-24 14:09:16,854 INFO [capacityManagement] start correct usage

2022-08-24 14:09:16,854 INFO [capacityManagement] end correct usage, cost: 4.13626E-4s

2022-08-24 14:19:16,849 WARN clearConfigHistory start

2022-08-24 14:19:16,850 WARN clearConfigHistory, getBeforeStamp:2022-07-25 14:19:16.0, pageSize:1000

2022-08-24 14:19:16,854 INFO [capacityManagement] start correct usage

2022-08-24 14:19:16,855 INFO [capacityManagement] end correct usage, cost: 8.41778E-4s

